2023-10-10 22:09:03,884 [INFO] Activator:176 - 


2023-10-10 22:09:03,889 [INFO] Activator:177 - !SESSION log4j initialized
2023-10-10 22:09:09,918 [INFO] LogOutputStream:77 - [STDOUT_REDIRECT] 
2023-10-10 22:09:11,984 [INFO] ApplicationProperties:184 - Using Application install path: C:\ST\STM32CubeIDE_1.13.2\STM32CubeIDE\plugins\com.st.stm32cube.common.mx_6.9.2.202309101412
2023-10-10 22:09:11,997 [INFO] DbMcusXml:78 - Set database path to: C:\ST\STM32CubeIDE_1.13.2\STM32CubeIDE\plugins\com.st.stm32cube.common.mx_6.9.2.202309101412\\db\/mcu/
2023-10-10 22:09:11,997 [INFO] ApiDb:274 - Set plugin database path to: C:\ST\STM32CubeIDE_1.13.2\STM32CubeIDE\plugins\com.st.stm32cube.common.mx_6.9.2.202309101412\\db\/plugins/boardmanager/
2023-10-10 22:09:11,997 [WARN] ApiDb:259 - Overriding images path with different value:  => C:\ST\STM32CubeIDE_1.13.2\STM32CubeIDE\plugins\com.st.stm32cube.common.mx_6.9.2.202309101412\\db\/plugins/mcufinder/images/
2023-10-10 22:09:12,009 [INFO] ApiDb:250 - Set database path to: C:\Users\goneb\.stmcufinder\plugins\mcufinder//mcu/
2023-10-10 22:09:12,010 [INFO] DbMcusAds:125 - Set database path to: C:\Users\goneb\.stmcufinder\plugins\mcufinder//mcu/
2023-10-10 22:09:12,011 [INFO] CrossReferenceDbSqlite:203 - Set database path to: C:\Users\goneb\.stmcufinder\plugins\mcufinder//mcu/cs/
2023-10-10 22:09:12,087 [INFO] RulesReader:64 - Compatibility file has been processed (293 Rules)
2023-10-10 22:09:12,155 [INFO] DbMcusXml:78 - Set database path to: C:\ST\STM32CubeIDE_1.13.2\STM32CubeIDE\plugins\com.st.stm32cube.common.mx_6.9.2.202309101412\\db\/mcu/
2023-10-10 22:09:12,155 [INFO] ApiDb:274 - Set plugin database path to: C:\ST\STM32CubeIDE_1.13.2\STM32CubeIDE\plugins\com.st.stm32cube.common.mx_6.9.2.202309101412\\db\/plugins/boardmanager/
2023-10-10 22:09:12,155 [INFO] ApiDb:261 - Set plugin images path to: C:\ST\STM32CubeIDE_1.13.2\STM32CubeIDE\plugins\com.st.stm32cube.common.mx_6.9.2.202309101412\\db\/plugins/mcufinder/images/
2023-10-10 22:09:12,155 [WARN] DbFile:41 - Overriding database path with different value: C:\Users\goneb\.stmcufinder\plugins\mcufinder/ => C:\Users\goneb\.stmcufinder\plugins\mcufinder
2023-10-10 22:09:12,155 [INFO] ApiDb:250 - Set database path to: C:\Users\goneb\.stmcufinder\plugins\mcufinder//mcu/
2023-10-10 22:09:12,155 [WARN] DbFile:41 - Overriding database path with different value: C:\Users\goneb\.stmcufinder\plugins\mcufinder/ => C:\Users\goneb\.stmcufinder\plugins\mcufinder
2023-10-10 22:09:12,155 [INFO] DbMcusAds:125 - Set database path to: C:\Users\goneb\.stmcufinder\plugins\mcufinder//mcu/
2023-10-10 22:09:12,156 [WARN] DbFile:41 - Overriding database path with different value: C:\Users\goneb\.stmcufinder\plugins\mcufinder/ => C:\Users\goneb\.stmcufinder\plugins\mcufinder
2023-10-10 22:09:12,156 [WARN] DbFile:41 - Overriding database path with different value: C:\Users\goneb\.stmcufinder\plugins\mcufinder/ => C:\Users\goneb\.stmcufinder\plugins\mcufinder
2023-10-10 22:09:12,156 [INFO] CrossReferenceDbSqlite:203 - Set database path to: C:\Users\goneb\.stmcufinder\plugins\mcufinder//mcu/cs/
2023-10-10 22:09:12,215 [INFO] MainPanel:262 - HeapMemory: 268435456
2023-10-10 22:09:12,288 [INFO] DbMcusXml:78 - Set database path to: C:\ST\STM32CubeIDE_1.13.2\STM32CubeIDE\plugins\com.st.stm32cube.common.mx_6.9.2.202309101412\\db\/mcu/
2023-10-10 22:09:12,288 [INFO] ApiDb:274 - Set plugin database path to: C:\ST\STM32CubeIDE_1.13.2\STM32CubeIDE\plugins\com.st.stm32cube.common.mx_6.9.2.202309101412\\db\/plugins/boardmanager/
2023-10-10 22:09:12,288 [INFO] ApiDb:261 - Set plugin images path to: C:\ST\STM32CubeIDE_1.13.2\STM32CubeIDE\plugins\com.st.stm32cube.common.mx_6.9.2.202309101412\\db\/plugins/mcufinder/images/
2023-10-10 22:09:12,289 [WARN] DbFile:41 - Overriding database path with different value: C:\Users\goneb\.stmcufinder\plugins\mcufinder/ => C:\Users\goneb\.stmcufinder\plugins\mcufinder
2023-10-10 22:09:12,289 [INFO] ApiDb:250 - Set database path to: C:\Users\goneb\.stmcufinder\plugins\mcufinder//mcu/
2023-10-10 22:09:12,289 [WARN] DbFile:41 - Overriding database path with different value: C:\Users\goneb\.stmcufinder\plugins\mcufinder/ => C:\Users\goneb\.stmcufinder\plugins\mcufinder
2023-10-10 22:09:12,289 [INFO] DbMcusAds:125 - Set database path to: C:\Users\goneb\.stmcufinder\plugins\mcufinder//mcu/
2023-10-10 22:09:12,289 [WARN] DbFile:41 - Overriding database path with different value: C:\Users\goneb\.stmcufinder\plugins\mcufinder/ => C:\Users\goneb\.stmcufinder\plugins\mcufinder
2023-10-10 22:09:12,289 [WARN] DbFile:41 - Overriding database path with different value: C:\Users\goneb\.stmcufinder\plugins\mcufinder/ => C:\Users\goneb\.stmcufinder\plugins\mcufinder
2023-10-10 22:09:12,289 [INFO] CrossReferenceDbSqlite:203 - Set database path to: C:\Users\goneb\.stmcufinder\plugins\mcufinder//mcu/cs/
2023-10-10 22:09:12,304 [INFO] ApplicationProperties:184 - Using Application install path: C:\ST\STM32CubeIDE_1.13.2\STM32CubeIDE\plugins\com.st.stm32cube.common.mx_6.9.2.202309101412
2023-10-10 22:09:12,304 [INFO] PluginManage:196 - Search for loadable plugins [exclusion list=, ]
2023-10-10 22:09:12,305 [INFO] PluginManage:310 - Check plugin analytics
2023-10-10 22:09:12,415 [INFO] AnalyticsPlugin:253 - Accepted Software Licenses: STM32CubeMX.6.9.2
2023-10-10 22:09:12,415 [INFO] AnalyticsPlugin:255 - Accepted CMSIS Pack Licenses: STMicroelectronics.X-CUBE-NFC4.3.0.0
2023-10-10 22:09:12,415 [INFO] AnalyticsPlugin:257 - Accepted Firmware Licenses: FW.L4.1.18.0
2023-10-10 22:09:12,417 [INFO] PluginManage:359 - Loaded plugin analytics (category:tool,tabindex:-1)
2023-10-10 22:09:12,418 [INFO] PluginManage:310 - Check plugin cadmodel
2023-10-10 22:09:12,431 [INFO] CADModel:105 - Init CAD model plugin
2023-10-10 22:09:12,431 [INFO] PluginManage:359 - Loaded plugin cadmodel (category:power,tabindex:5)
2023-10-10 22:09:12,432 [INFO] PluginManage:310 - Check plugin clock
2023-10-10 22:09:12,447 [INFO] PluginManage:359 - Loaded plugin clock (category:base,tabindex:2)
2023-10-10 22:09:12,447 [INFO] PluginManage:310 - Check plugin ddr
2023-10-10 22:09:12,449 [INFO] PluginManage:359 - Loaded plugin ddr (category:tool,tabindex:6)
2023-10-10 22:09:12,449 [INFO] PluginManage:310 - Check plugin filemanager
2023-10-10 22:09:12,543 [INFO] PluginManage:359 - Loaded plugin filemanager (category:base,tabindex:10)
2023-10-10 22:09:12,543 [INFO] PluginManage:310 - Check plugin ipmanager
2023-10-10 22:09:12,549 [INFO] PluginManage:359 - Loaded plugin ipmanager (category:base,tabindex:5)
2023-10-10 22:09:12,549 [INFO] PluginManage:310 - Check plugin lpbam
2023-10-10 22:09:12,562 [INFO] PluginManage:359 - Loaded plugin lpbam (category:base,tabindex:0)
2023-10-10 22:09:12,562 [INFO] PluginManage:310 - Check plugin memorymap
2023-10-10 22:09:12,581 [INFO] PluginManage:359 - Loaded plugin memorymap (category:base,tabindex:4)
2023-10-10 22:09:12,581 [INFO] PluginManage:310 - Check plugin pinoutandconfiguration
2023-10-10 22:09:12,593 [INFO] PluginManage:359 - Loaded plugin pinoutandconfiguration (category:base,tabindex:1)
2023-10-10 22:09:12,594 [INFO] PluginManage:310 - Check plugin pinoutconfig
2023-10-10 22:09:12,657 [WARN] SupportedApi:132 - Cannot load RTOS API schema: s4s-elt-must-match.1: The content of 'definitions' must match (annotation?, (simpleType | complexType)?, (unique | key | keyref)*)). A problem was found starting at: attribute.
2023-10-10 22:09:12,753 [INFO] PluginManage:359 - Loaded plugin pinoutconfig (category:base,tabindex:0)
2023-10-10 22:09:12,753 [INFO] PluginManage:310 - Check plugin power
2023-10-10 22:09:12,770 [INFO] PluginManage:359 - Loaded plugin power (category:power,tabindex:4)
2023-10-10 22:09:12,771 [INFO] PluginManage:310 - Check plugin projectmanager
2023-10-10 22:09:12,781 [INFO] PluginManage:359 - Loaded plugin projectmanager (category:projectmanager,tabindex:3)
2023-10-10 22:09:12,781 [INFO] PluginManage:310 - Check plugin thirdparty
2023-10-10 22:09:12,973 [INFO] PluginManage:359 - Loaded plugin thirdparty (category:base,tabindex:-1)
2023-10-10 22:09:12,973 [WARN] IntegrityCheckThread:84 - waiting for thirdparty lock release [integrity check]
2023-10-10 22:09:12,973 [INFO] PluginManage:310 - Check plugin tools
2023-10-10 22:09:12,973 [INFO] IntegrityCheckThread:86 - entering critical section [integrity check]
2023-10-10 22:09:12,974 [INFO] ThirdPartyUpdaterWithRetryManager:70 - Updater plugin not ready yet. [1/15]
2023-10-10 22:09:12,996 [INFO] PluginManage:359 - Loaded plugin tools (category:base,tabindex:7)
2023-10-10 22:09:12,996 [INFO] PluginManage:310 - Check plugin tutovideos
2023-10-10 22:09:13,152 [INFO] PluginManage:359 - Loaded plugin tutovideos (category:base,tabindex:-1)
2023-10-10 22:09:13,152 [INFO] PluginManage:310 - Check plugin updater
2023-10-10 22:09:13,161 [INFO] PluginManage:359 - Loaded plugin updater (category:base,tabindex:12)
2023-10-10 22:09:13,161 [INFO] PluginManage:310 - Check plugin userauth
2023-10-10 22:09:13,165 [INFO] UserAuth:113 - Init User Auth plugin
2023-10-10 22:09:13,165 [INFO] PluginManage:359 - Loaded plugin userauth (category:base,tabindex:14)
2023-10-10 22:09:13,165 [INFO] PluginManage:283 - PluginManage : Loaded plugins [17]
2023-10-10 22:09:13,325 [INFO] PinOutPanel:1499 - setPackage(No Configuration,No Configuration)
2023-10-10 22:09:13,396 [INFO] CADModel:165 - CPN selected for project level
2023-10-10 22:09:13,396 [INFO] CADModel:114 - Register for checkConnection events
2023-10-10 22:09:13,416 [INFO] IPUIPlugin:80 - create IPUIPlugin
2023-10-10 22:09:13,416 [INFO] PluginManager:220 - loadIPPluginJar : add adc
2023-10-10 22:09:13,439 [INFO] IPUIPlugin:80 - create IPUIPlugin
2023-10-10 22:09:13,439 [INFO] PluginManager:220 - loadIPPluginJar : add aes
2023-10-10 22:09:13,464 [INFO] IPUIPlugin:80 - create IPUIPlugin
2023-10-10 22:09:13,464 [INFO] PluginManager:220 - loadIPPluginJar : add can
2023-10-10 22:09:13,478 [INFO] IPUIPlugin:80 - create IPUIPlugin
2023-10-10 22:09:13,478 [INFO] PluginManager:220 - loadIPPluginJar : add comp
2023-10-10 22:09:13,498 [INFO] IPUIPlugin:80 - create IPUIPlugin
2023-10-10 22:09:13,498 [INFO] PluginManager:220 - loadIPPluginJar : add cryp
2023-10-10 22:09:13,516 [INFO] IPUIPlugin:80 - create IPUIPlugin
2023-10-10 22:09:13,516 [INFO] PluginManager:220 - loadIPPluginJar : add dfsdm
2023-10-10 22:09:13,526 [INFO] IPUIPlugin:80 - create IPUIPlugin
2023-10-10 22:09:13,526 [INFO] PluginManager:220 - loadIPPluginJar : add dma
2023-10-10 22:09:13,551 [INFO] IPUIPlugin:80 - create IPUIPlugin
2023-10-10 22:09:13,551 [INFO] PluginManager:220 - loadIPPluginJar : add dma3
2023-10-10 22:09:13,563 [INFO] IPUIPlugin:80 - create IPUIPlugin
2023-10-10 22:09:13,563 [INFO] PluginManager:220 - loadIPPluginJar : add fatfs
2023-10-10 22:09:13,590 [INFO] IPUIPlugin:80 - create IPUIPlugin
2023-10-10 22:09:13,590 [INFO] PluginManager:220 - loadIPPluginJar : add fmc
2023-10-10 22:09:13,601 [INFO] IPUIPlugin:80 - create IPUIPlugin
2023-10-10 22:09:13,601 [INFO] PluginManager:220 - loadIPPluginJar : add freertos
2023-10-10 22:09:13,613 [INFO] IPUIPlugin:80 - create IPUIPlugin
2023-10-10 22:09:13,613 [INFO] PluginManager:220 - loadIPPluginJar : add genericplugin
2023-10-10 22:09:13,664 [INFO] IPUIPlugin:80 - create IPUIPlugin
2023-10-10 22:09:13,664 [INFO] PluginManager:220 - loadIPPluginJar : add gfxmmu
2023-10-10 22:09:13,737 [INFO] IPUIPlugin:80 - create IPUIPlugin
2023-10-10 22:09:13,737 [INFO] PluginManager:220 - loadIPPluginJar : add gic
2023-10-10 22:09:13,747 [INFO] IPUIPlugin:80 - create IPUIPlugin
2023-10-10 22:09:13,747 [INFO] PluginManager:220 - loadIPPluginJar : add gpio
2023-10-10 22:09:13,800 [INFO] IPUIPlugin:80 - create IPUIPlugin
2023-10-10 22:09:13,800 [INFO] PluginManager:220 - loadIPPluginJar : add gtzc
2023-10-10 22:09:13,818 [INFO] IPUIPlugin:80 - create IPUIPlugin
2023-10-10 22:09:13,818 [INFO] PluginManager:220 - loadIPPluginJar : add hash
2023-10-10 22:09:13,848 [INFO] IPUIPlugin:80 - create IPUIPlugin
2023-10-10 22:09:13,848 [INFO] PluginManager:220 - loadIPPluginJar : add i2c
2023-10-10 22:09:13,871 [INFO] IPUIPlugin:80 - create IPUIPlugin
2023-10-10 22:09:13,871 [INFO] PluginManager:220 - loadIPPluginJar : add i2s
2023-10-10 22:09:13,894 [INFO] IPUIPlugin:80 - create IPUIPlugin
2023-10-10 22:09:13,894 [INFO] PluginManager:220 - loadIPPluginJar : add i3c
2023-10-10 22:09:13,957 [INFO] IPUIPlugin:80 - create IPUIPlugin
2023-10-10 22:09:13,957 [INFO] PluginManager:220 - loadIPPluginJar : add ipddr
2023-10-10 22:09:14,012 [INFO] IPUIPlugin:80 - create IPUIPlugin
2023-10-10 22:09:14,012 [INFO] PluginManager:220 - loadIPPluginJar : add linkedlist
2023-10-10 22:09:14,033 [INFO] IPUIPlugin:80 - create IPUIPlugin
2023-10-10 22:09:14,033 [INFO] PluginManager:220 - loadIPPluginJar : add lorawan
2023-10-10 22:09:14,056 [INFO] IPUIPlugin:80 - create IPUIPlugin
2023-10-10 22:09:14,056 [INFO] PluginManager:220 - loadIPPluginJar : add ltdc
2023-10-10 22:09:14,066 [INFO] IPUIPlugin:80 - create IPUIPlugin
2023-10-10 22:09:14,066 [INFO] PluginManager:220 - loadIPPluginJar : add mdma
2023-10-10 22:09:14,075 [INFO] IPUIPlugin:80 - create IPUIPlugin
2023-10-10 22:09:14,075 [INFO] PluginManager:220 - loadIPPluginJar : add nvic
2023-10-10 22:09:14,096 [INFO] IPUIPlugin:80 - create IPUIPlugin
2023-10-10 22:09:14,096 [INFO] PluginManager:220 - loadIPPluginJar : add opamp
2023-10-10 22:09:14,130 [INFO] IPUIPlugin:80 - create IPUIPlugin
2023-10-10 22:09:14,130 [INFO] PluginManager:220 - loadIPPluginJar : add openamp
2023-10-10 22:09:14,154 [INFO] IPUIPlugin:80 - create IPUIPlugin
2023-10-10 22:09:14,154 [INFO] PluginManager:220 - loadIPPluginJar : add pdm2pcm
2023-10-10 22:09:14,164 [INFO] IPUIPlugin:80 - create IPUIPlugin
2023-10-10 22:09:14,165 [INFO] PluginManager:220 - loadIPPluginJar : add plateformsettings
2023-10-10 22:09:14,178 [INFO] IPUIPlugin:80 - create IPUIPlugin
2023-10-10 22:09:14,178 [INFO] PluginManager:220 - loadIPPluginJar : add quadspi
2023-10-10 22:09:14,187 [INFO] IPUIPlugin:80 - create IPUIPlugin
2023-10-10 22:09:14,187 [INFO] PluginManager:220 - loadIPPluginJar : add resmgrutility
2023-10-10 22:09:14,215 [INFO] IPUIPlugin:80 - create IPUIPlugin
2023-10-10 22:09:14,215 [INFO] PluginManager:220 - loadIPPluginJar : add sai
2023-10-10 22:09:14,236 [INFO] IPUIPlugin:80 - create IPUIPlugin
2023-10-10 22:09:14,236 [INFO] PluginManager:220 - loadIPPluginJar : add spi
2023-10-10 22:09:14,270 [INFO] IPUIPlugin:80 - create IPUIPlugin
2023-10-10 22:09:14,270 [INFO] PluginManager:220 - loadIPPluginJar : add stm32_wpan
2023-10-10 22:09:14,284 [INFO] IPUIPlugin:80 - create IPUIPlugin
2023-10-10 22:09:14,284 [INFO] PluginManager:220 - loadIPPluginJar : add tim
2023-10-10 22:09:14,316 [INFO] IPUIPlugin:80 - create IPUIPlugin
2023-10-10 22:09:14,316 [INFO] PluginManager:220 - loadIPPluginJar : add touchsensing
2023-10-10 22:09:14,330 [INFO] IPUIPlugin:80 - create IPUIPlugin
2023-10-10 22:09:14,330 [INFO] PluginManager:220 - loadIPPluginJar : add tracer_emb
2023-10-10 22:09:14,344 [INFO] IPUIPlugin:80 - create IPUIPlugin
2023-10-10 22:09:14,344 [INFO] PluginManager:220 - loadIPPluginJar : add ts
2023-10-10 22:09:14,358 [INFO] IPUIPlugin:80 - create IPUIPlugin
2023-10-10 22:09:14,358 [INFO] PluginManager:220 - loadIPPluginJar : add tsc
2023-10-10 22:09:14,371 [INFO] IPUIPlugin:80 - create IPUIPlugin
2023-10-10 22:09:14,371 [INFO] PluginManager:220 - loadIPPluginJar : add ucpd
2023-10-10 22:09:14,399 [INFO] IPUIPlugin:80 - create IPUIPlugin
2023-10-10 22:09:14,399 [INFO] PluginManager:220 - loadIPPluginJar : add usart
2023-10-10 22:09:14,424 [INFO] IPUIPlugin:80 - create IPUIPlugin
2023-10-10 22:09:14,424 [INFO] PluginManager:220 - loadIPPluginJar : add usbx
2023-10-10 22:09:14,533 [INFO] CADModel:165 - CPN selected for project level
2023-10-10 22:09:14,533 [INFO] CADModel:114 - Register for checkConnection events
2023-10-10 22:09:14,533 [FATAL] Updater:308 - Updater called before beeing initialized
2023-10-10 22:09:14,533 [ERROR] CADModel:125 - Updater not yet initialized, retry later 
2023-10-10 22:09:14,649 [INFO] CADModel:165 - CPN selected for project level
2023-10-10 22:09:14,649 [INFO] CADModel:114 - Register for checkConnection events
2023-10-10 22:09:14,649 [FATAL] Updater:308 - Updater called before beeing initialized
2023-10-10 22:09:14,649 [ERROR] CADModel:125 - Updater not yet initialized, retry later 
2023-10-10 22:09:14,652 [FATAL] Updater:308 - Updater called before beeing initialized
2023-10-10 22:09:14,731 [FATAL] Updater:308 - Updater called before beeing initialized
2023-10-10 22:09:14,739 [INFO] DbMcusAds:53 - JSON generation date=Tue Mar 07 00:50:55 PST 2023 (1678179055114)
2023-10-10 22:09:14,740 [FATAL] Updater:308 - Updater called before beeing initialized
2023-10-10 22:09:14,799 [WARN] DetailPanel:346 - Failed to get advertising image, set to default
2023-10-10 22:09:14,869 [FATAL] Updater:308 - Updater called before beeing initialized
2023-10-10 22:09:14,870 [FATAL] Updater:308 - Updater called before beeing initialized
2023-10-10 22:09:14,870 [FATAL] Updater:308 - Updater called before beeing initialized
2023-10-10 22:09:14,871 [WARN] DetailPanel:346 - Failed to get advertising image, set to default
2023-10-10 22:09:14,871 [FATAL] Updater:308 - Updater called before beeing initialized
2023-10-10 22:09:14,909 [ERROR] Updater:1120 - MainUpdater not yet initialized. External WinMGr cannot be set.
2023-10-10 22:09:14,915 [INFO] Updater:1056 - Updater Version found : 6.9.2
2023-10-10 22:09:14,929 [INFO] ApplicationProperties:184 - Using Application install path: C:\ST\STM32CubeIDE_1.13.2\STM32CubeIDE\plugins\com.st.stm32cube.common.mx_6.9.2.202309101412
2023-10-10 22:09:15,072 [INFO] MainUpdater:2868 - connection check result : 10
2023-10-10 22:09:15,073 [INFO] MainUpdater:285 - Updater Check For Update Now.
2023-10-10 22:09:15,073 [INFO] MicroXplorer:498 - Change Database Version : DB.6.0.92
2023-10-10 22:09:15,083 [INFO] McuFinderGlobals:63 - Set McuFinder mode to 2 (CubeIDE integrated)
2023-10-10 22:09:15,245 [INFO] CheckServerUpdateThread:120 - End of CheckServer Thread
2023-10-10 22:09:16,094 [WARN] PackLoader:240 - Cannot read IP mode file for STMicroelectronics.X-CUBE-SMBUS.2.1.0
2023-10-10 22:09:16,123 [WARN] PackLoader:240 - Cannot read IP mode file for STMicroelectronics.X-CUBE-AZRTOS-F7.1.1.0
2023-10-10 22:09:16,136 [WARN] PackLoader:240 - Cannot read IP mode file for STMicroelectronics.FP-SNS-MOTENV1.4.3.2
2023-10-10 22:09:16,146 [WARN] PackLoader:240 - Cannot read IP mode file for STMicroelectronics.FP-SNS-FLIGHT1.5.0.2
2023-10-10 22:09:16,157 [WARN] PackLoader:240 - Cannot read IP mode file for STMicroelectronics.X-CUBE-DISPLAY.3.0.0
2023-10-10 22:09:16,177 [WARN] PackLoader:240 - Cannot read IP mode file for STMicroelectronics.X-CUBE-BLE1.7.0.0
2023-10-10 22:09:16,198 [WARN] PackLoader:240 - Cannot read IP mode file for emotas.I-CUBE-CANOPEN.1.3.0
2023-10-10 22:09:16,209 [WARN] PackLoader:240 - Cannot read IP mode file for STMicroelectronics.X-CUBE-TOUCHGFX.4.22.0
2023-10-10 22:09:16,218 [WARN] PackLoader:240 - Cannot read IP mode file for STMicroelectronics.X-CUBE-TOUCHGFX.4.22.1
2023-10-10 22:09:16,226 [WARN] PackLoader:240 - Cannot read IP mode file for STMicroelectronics.FP-SNS-SMARTAG2.1.2.0
2023-10-10 22:09:16,241 [INFO] LogOutputStream:77 - [STDOUT_REDIRECT] 1 : Invalid condition id : UX_CORESTACK_Condition cause : null
2023-10-10 22:09:16,241 [INFO] LogOutputStream:77 - [STDOUT_REDIRECT] 1 : Invalid condition id : UX_CORESTACK_Condition cause : null
2023-10-10 22:09:16,242 [INFO] LogOutputStream:77 - [STDOUT_REDIRECT] 1 : Invalid condition id : UX_CORESTACK_Condition cause : null
2023-10-10 22:09:16,243 [INFO] LogOutputStream:77 - [STDOUT_REDIRECT] 1 : Invalid condition id : UX_CORESTACK_Condition cause : null
2023-10-10 22:09:16,243 [INFO] LogOutputStream:77 - [STDOUT_REDIRECT] 1 : Invalid condition id : UX_CORESTACK_Condition cause : null
2023-10-10 22:09:16,245 [WARN] PackLoader:240 - Cannot read IP mode file for STMicroelectronics.X-CUBE-AZRTOS-WL.2.0.0
2023-10-10 22:09:16,255 [WARN] PackLoader:240 - Cannot read IP mode file for WES.I-CUBE-Cesium.1.3.0
2023-10-10 22:09:16,263 [WARN] PackLoader:240 - Cannot read IP mode file for STMicroelectronics.X-CUBE-BLE2.3.3.0
2023-10-10 22:09:16,272 [WARN] PackLoader:240 - Cannot read IP mode file for STMicroelectronics.X-CUBE-ALGOBUILD.1.3.0
2023-10-10 22:09:16,291 [WARN] PackLoader:240 - Cannot read IP mode file for STMicroelectronics.X-CUBE-AZRTOS-G0.1.1.0
2023-10-10 22:09:16,302 [WARN] PackLoader:240 - Cannot read IP mode file for STMicroelectronics.X-CUBE-NFC4.3.0.0
2023-10-10 22:09:16,379 [WARN] PackLoader:240 - Cannot read IP mode file for STMicroelectronics.FP-ATR-SIGFOX1.3.2.0
2023-10-10 22:09:16,403 [WARN] PackLoader:240 - Cannot read IP mode file for SEGGER.I-CUBE-embOS.1.3.1
2023-10-10 22:09:16,431 [WARN] PackLoader:240 - Cannot read IP mode file for STMicroelectronics.X-CUBE-GNSS1.6.0.0
2023-10-10 22:09:16,454 [WARN] PackLoader:240 - Cannot read IP mode file for STMicroelectronics.X-CUBE-AZRTOS-F4.1.1.0
2023-10-10 22:09:16,465 [WARN] PackLoader:240 - Cannot read IP mode file for wolfSSL.I-CUBE-wolfSSL.5.6.3
2023-10-10 22:09:16,485 [WARN] PackLoader:240 - Cannot read IP mode file for STMicroelectronics.X-CUBE-AZRTOS-L5.2.0.0
2023-10-10 22:09:16,522 [WARN] PackLoader:240 - Cannot read IP mode file for STMicroelectronics.X-CUBE-MEMS1.9.6.0
2023-10-10 22:09:16,603 [WARN] PackLoader:240 - Cannot read IP mode file for ITTIA_DB.I-CUBE-ITTIADB.8.8.0
2023-10-10 22:09:16,616 [WARN] PackLoader:240 - Cannot read IP mode file for STMicroelectronics.X-CUBE-BLEMGR.2.0.0
2023-10-10 22:09:16,636 [WARN] ConditionMgr:438 - getConditionDescription Invalid condition id : UX DEVICE CLASS RTOS Condition cause : null
2023-10-10 22:09:16,637 [WARN] ConditionMgr:438 - getConditionDescription Invalid condition id : UX DEVICE CLASS RTOS Condition cause : null
2023-10-10 22:09:16,638 [WARN] PackLoader:240 - Cannot read IP mode file for STMicroelectronics.X-CUBE-AZRTOS-H7.3.1.0
2023-10-10 22:09:16,639 [WARN] ConditionMgr:1039 - genDependencies : Invalid condition id : UX DEVICE CLASS RTOS Condition cause : null
2023-10-10 22:09:16,639 [WARN] ConditionMgr:1039 - genDependencies : Invalid condition id : UX DEVICE CLASS RTOS Condition cause : null
2023-10-10 22:09:16,639 [WARN] ConditionMgr:1039 - genDependencies : Invalid condition id : UX DEVICE CLASS RTOS Condition cause : null
2023-10-10 22:09:16,639 [WARN] ConditionMgr:1039 - genDependencies : Invalid condition id : UX DEVICE CLASS RTOS Condition cause : null
2023-10-10 22:09:16,639 [WARN] ConditionMgr:1039 - genDependencies : Invalid condition id : UX DEVICE CLASS RTOS Condition cause : null
2023-10-10 22:09:16,649 [WARN] PackLoader:240 - Cannot read IP mode file for STMicroelectronics.X-CUBE-NFC7.1.0.1
2023-10-10 22:09:16,661 [WARN] PackLoader:240 - Cannot read IP mode file for STMicroelectronics.X-CUBE-NFC6.3.0.0
2023-10-10 22:09:16,671 [WARN] PackLoader:240 - Cannot read IP mode file for STMicroelectronics.X-CUBE-EEPRMA1.4.1.0
2023-10-10 22:09:16,680 [WARN] PackLoader:240 - Cannot read IP mode file for STMicroelectronics.X-CUBE-AI.8.1.0
2023-10-10 22:09:16,707 [WARN] ConditionMgr:438 - getConditionDescription Invalid condition id : LAN8742 Phy interface Condition cause : null
2023-10-10 22:09:16,708 [WARN] PackLoader:240 - Cannot read IP mode file for STMicroelectronics.X-CUBE-AZRTOS-L4.2.0.0
2023-10-10 22:09:16,709 [WARN] ConditionMgr:1039 - genDependencies : Invalid condition id : LAN8742 Phy interface Condition cause : null
2023-10-10 22:09:16,709 [WARN] ConditionMgr:1039 - genDependencies : Invalid condition id : LAN8742 Phy interface Condition cause : null
2023-10-10 22:09:16,709 [WARN] ConditionMgr:1039 - genDependencies : Invalid condition id : LAN8742 Phy interface Condition cause : null
2023-10-10 22:09:16,721 [WARN] PackLoader:240 - Cannot read IP mode file for STMicroelectronics.X-CUBE-SFXS2LP1.4.0.0
2023-10-10 22:09:16,745 [WARN] PackLoader:240 - Cannot read IP mode file for STMicroelectronics.X-CUBE-ISPU.1.1.0
2023-10-10 22:09:16,763 [WARN] ConditionMgr:438 - getConditionDescription Invalid condition id : UX DEVICE CLASS RTOS Condition cause : null
2023-10-10 22:09:16,763 [WARN] ConditionMgr:438 - getConditionDescription Invalid condition id : UX DEVICE CLASS RTOS Condition cause : null
2023-10-10 22:09:16,764 [WARN] PackLoader:240 - Cannot read IP mode file for STMicroelectronics.X-CUBE-AZRTOS-WB.2.0.0
2023-10-10 22:09:16,764 [WARN] ConditionMgr:1039 - genDependencies : Invalid condition id : UX DEVICE CLASS RTOS Condition cause : null
2023-10-10 22:09:16,764 [WARN] ConditionMgr:1039 - genDependencies : Invalid condition id : UX DEVICE CLASS RTOS Condition cause : null
2023-10-10 22:09:16,764 [WARN] ConditionMgr:1039 - genDependencies : Invalid condition id : UX DEVICE CLASS RTOS Condition cause : null
2023-10-10 22:09:16,765 [WARN] ConditionMgr:1039 - genDependencies : Invalid condition id : UX DEVICE CLASS RTOS Condition cause : null
2023-10-10 22:09:16,765 [WARN] ConditionMgr:1039 - genDependencies : Invalid condition id : UX DEVICE CLASS RTOS Condition cause : null
2023-10-10 22:09:16,780 [WARN] PackLoader:240 - Cannot read IP mode file for STMicroelectronics.X-CUBE-SUBG2.5.0.0
2023-10-10 22:09:16,794 [WARN] PackLoader:240 - Cannot read IP mode file for STMicroelectronics.X-CUBE-TOF1.3.3.1
2023-10-10 22:09:16,815 [WARN] PackLoader:240 - Cannot read IP mode file for STMicroelectronics.X-CUBE-AZRTOS-G4.2.0.0
2023-10-10 22:09:16,831 [WARN] PackLoader:240 - Cannot read IP mode file for Infineon.AIROC-Wi-Fi-Bluetooth-STM32.1.5.1
2023-10-10 22:09:16,843 [WARN] PackLoader:240 - Cannot read IP mode file for STMicroelectronics.X-CUBE-FREERTOS.1.1.0
2023-10-10 22:09:16,853 [WARN] PackLoader:240 - Cannot read IP mode file for portGmbH.I-Cube-SoM-uGOAL.1.1.0
2023-10-10 22:09:16,862 [WARN] PackLoader:240 - Cannot read IP mode file for STMicroelectronics.X-CUBE-ALS.1.0.1
2023-10-10 22:09:16,870 [WARN] PackLoader:240 - Cannot read IP mode file for STMicroelectronics.FP-ATR-ASTRA1.2.0.0
2023-10-10 22:09:16,871 [INFO] ThirdParty:978 - Integrity check success = true
2023-10-10 22:09:16,871 [INFO] IntegrityCheckThread:100 - exiting critical section [integrity check]
2023-10-10 22:09:16,871 [INFO] IntegrityCheckThread:103 - End integrity checks thread
2023-10-10 22:09:35,857 [ERROR] LogOutputStream:75 - [STDERR_REDIRECT] SLF4J: Failed to load class "org.slf4j.impl.StaticLoggerBinder".
2023-10-10 22:09:35,858 [ERROR] LogOutputStream:75 - [STDERR_REDIRECT] SLF4J: Defaulting to no-operation (NOP) logger implementation
2023-10-10 22:09:35,858 [ERROR] LogOutputStream:75 - [STDERR_REDIRECT] SLF4J: See http://www.slf4j.org/codes.html#StaticLoggerBinder for further details.
