2023-10-15 09:27:37,946 [INFO] Activator:176 - 


2023-10-15 09:27:37,950 [INFO] Activator:177 - !SESSION log4j initialized
2023-10-15 09:27:42,497 [INFO] LogOutputStream:77 - [STDOUT_REDIRECT] 
2023-10-15 09:27:44,791 [INFO] ApplicationProperties:184 - Using Application install path: C:\ST\STM32CubeIDE_1.13.2\STM32CubeIDE\plugins\com.st.stm32cube.common.mx_6.9.2.202309101412
2023-10-15 09:27:44,805 [INFO] DbMcusXml:78 - Set database path to: C:\ST\STM32CubeIDE_1.13.2\STM32CubeIDE\plugins\com.st.stm32cube.common.mx_6.9.2.202309101412\\db\/mcu/
2023-10-15 09:27:44,805 [INFO] ApiDb:274 - Set plugin database path to: C:\ST\STM32CubeIDE_1.13.2\STM32CubeIDE\plugins\com.st.stm32cube.common.mx_6.9.2.202309101412\\db\/plugins/boardmanager/
2023-10-15 09:27:44,805 [WARN] ApiDb:259 - Overriding images path with different value:  => C:\ST\STM32CubeIDE_1.13.2\STM32CubeIDE\plugins\com.st.stm32cube.common.mx_6.9.2.202309101412\\db\/plugins/mcufinder/images/
2023-10-15 09:27:44,817 [INFO] ApiDb:250 - Set database path to: C:\Users\goneb\.stmcufinder\plugins\mcufinder//mcu/
2023-10-15 09:27:44,818 [INFO] DbMcusAds:125 - Set database path to: C:\Users\goneb\.stmcufinder\plugins\mcufinder//mcu/
2023-10-15 09:27:44,819 [INFO] CrossReferenceDbSqlite:203 - Set database path to: C:\Users\goneb\.stmcufinder\plugins\mcufinder//mcu/cs/
2023-10-15 09:27:44,897 [INFO] RulesReader:64 - Compatibility file has been processed (293 Rules)
2023-10-15 09:27:44,983 [INFO] DbMcusXml:78 - Set database path to: C:\ST\STM32CubeIDE_1.13.2\STM32CubeIDE\plugins\com.st.stm32cube.common.mx_6.9.2.202309101412\\db\/mcu/
2023-10-15 09:27:44,983 [INFO] ApiDb:274 - Set plugin database path to: C:\ST\STM32CubeIDE_1.13.2\STM32CubeIDE\plugins\com.st.stm32cube.common.mx_6.9.2.202309101412\\db\/plugins/boardmanager/
2023-10-15 09:27:44,983 [INFO] ApiDb:261 - Set plugin images path to: C:\ST\STM32CubeIDE_1.13.2\STM32CubeIDE\plugins\com.st.stm32cube.common.mx_6.9.2.202309101412\\db\/plugins/mcufinder/images/
2023-10-15 09:27:44,984 [WARN] DbFile:41 - Overriding database path with different value: C:\Users\goneb\.stmcufinder\plugins\mcufinder/ => C:\Users\goneb\.stmcufinder\plugins\mcufinder
2023-10-15 09:27:44,984 [INFO] ApiDb:250 - Set database path to: C:\Users\goneb\.stmcufinder\plugins\mcufinder//mcu/
2023-10-15 09:27:44,984 [WARN] DbFile:41 - Overriding database path with different value: C:\Users\goneb\.stmcufinder\plugins\mcufinder/ => C:\Users\goneb\.stmcufinder\plugins\mcufinder
2023-10-15 09:27:44,984 [INFO] DbMcusAds:125 - Set database path to: C:\Users\goneb\.stmcufinder\plugins\mcufinder//mcu/
2023-10-15 09:27:44,984 [WARN] DbFile:41 - Overriding database path with different value: C:\Users\goneb\.stmcufinder\plugins\mcufinder/ => C:\Users\goneb\.stmcufinder\plugins\mcufinder
2023-10-15 09:27:44,984 [WARN] DbFile:41 - Overriding database path with different value: C:\Users\goneb\.stmcufinder\plugins\mcufinder/ => C:\Users\goneb\.stmcufinder\plugins\mcufinder
2023-10-15 09:27:44,984 [INFO] CrossReferenceDbSqlite:203 - Set database path to: C:\Users\goneb\.stmcufinder\plugins\mcufinder//mcu/cs/
2023-10-15 09:27:45,049 [INFO] MainPanel:262 - HeapMemory: 268435456
2023-10-15 09:27:45,126 [INFO] DbMcusXml:78 - Set database path to: C:\ST\STM32CubeIDE_1.13.2\STM32CubeIDE\plugins\com.st.stm32cube.common.mx_6.9.2.202309101412\\db\/mcu/
2023-10-15 09:27:45,127 [INFO] ApiDb:274 - Set plugin database path to: C:\ST\STM32CubeIDE_1.13.2\STM32CubeIDE\plugins\com.st.stm32cube.common.mx_6.9.2.202309101412\\db\/plugins/boardmanager/
2023-10-15 09:27:45,127 [INFO] ApiDb:261 - Set plugin images path to: C:\ST\STM32CubeIDE_1.13.2\STM32CubeIDE\plugins\com.st.stm32cube.common.mx_6.9.2.202309101412\\db\/plugins/mcufinder/images/
2023-10-15 09:27:45,127 [WARN] DbFile:41 - Overriding database path with different value: C:\Users\goneb\.stmcufinder\plugins\mcufinder/ => C:\Users\goneb\.stmcufinder\plugins\mcufinder
2023-10-15 09:27:45,127 [INFO] ApiDb:250 - Set database path to: C:\Users\goneb\.stmcufinder\plugins\mcufinder//mcu/
2023-10-15 09:27:45,127 [WARN] DbFile:41 - Overriding database path with different value: C:\Users\goneb\.stmcufinder\plugins\mcufinder/ => C:\Users\goneb\.stmcufinder\plugins\mcufinder
2023-10-15 09:27:45,127 [INFO] DbMcusAds:125 - Set database path to: C:\Users\goneb\.stmcufinder\plugins\mcufinder//mcu/
2023-10-15 09:27:45,127 [WARN] DbFile:41 - Overriding database path with different value: C:\Users\goneb\.stmcufinder\plugins\mcufinder/ => C:\Users\goneb\.stmcufinder\plugins\mcufinder
2023-10-15 09:27:45,127 [WARN] DbFile:41 - Overriding database path with different value: C:\Users\goneb\.stmcufinder\plugins\mcufinder/ => C:\Users\goneb\.stmcufinder\plugins\mcufinder
2023-10-15 09:27:45,127 [INFO] CrossReferenceDbSqlite:203 - Set database path to: C:\Users\goneb\.stmcufinder\plugins\mcufinder//mcu/cs/
2023-10-15 09:27:45,142 [INFO] ApplicationProperties:184 - Using Application install path: C:\ST\STM32CubeIDE_1.13.2\STM32CubeIDE\plugins\com.st.stm32cube.common.mx_6.9.2.202309101412
2023-10-15 09:27:45,143 [INFO] PluginManage:196 - Search for loadable plugins [exclusion list=, ]
2023-10-15 09:27:45,144 [INFO] PluginManage:310 - Check plugin analytics
2023-10-15 09:27:45,249 [INFO] AnalyticsPlugin:253 - Accepted Software Licenses: STM32CubeMX.6.9.2
2023-10-15 09:27:45,249 [INFO] AnalyticsPlugin:255 - Accepted CMSIS Pack Licenses: STMicroelectronics.X-CUBE-NFC4.3.0.0
2023-10-15 09:27:45,249 [INFO] AnalyticsPlugin:257 - Accepted Firmware Licenses: FW.L4.1.18.0
2023-10-15 09:27:45,251 [INFO] PluginManage:359 - Loaded plugin analytics (category:tool,tabindex:-1)
2023-10-15 09:27:45,252 [INFO] PluginManage:310 - Check plugin cadmodel
2023-10-15 09:27:45,265 [INFO] CADModel:105 - Init CAD model plugin
2023-10-15 09:27:45,265 [INFO] PluginManage:359 - Loaded plugin cadmodel (category:power,tabindex:5)
2023-10-15 09:27:45,265 [INFO] PluginManage:310 - Check plugin clock
2023-10-15 09:27:45,278 [INFO] PluginManage:359 - Loaded plugin clock (category:base,tabindex:2)
2023-10-15 09:27:45,278 [INFO] PluginManage:310 - Check plugin ddr
2023-10-15 09:27:45,280 [INFO] PluginManage:359 - Loaded plugin ddr (category:tool,tabindex:6)
2023-10-15 09:27:45,280 [INFO] PluginManage:310 - Check plugin filemanager
2023-10-15 09:27:45,381 [INFO] PluginManage:359 - Loaded plugin filemanager (category:base,tabindex:10)
2023-10-15 09:27:45,381 [INFO] PluginManage:310 - Check plugin ipmanager
2023-10-15 09:27:45,391 [INFO] PluginManage:359 - Loaded plugin ipmanager (category:base,tabindex:5)
2023-10-15 09:27:45,391 [INFO] PluginManage:310 - Check plugin lpbam
2023-10-15 09:27:45,403 [INFO] PluginManage:359 - Loaded plugin lpbam (category:base,tabindex:0)
2023-10-15 09:27:45,403 [INFO] PluginManage:310 - Check plugin memorymap
2023-10-15 09:27:45,420 [INFO] PluginManage:359 - Loaded plugin memorymap (category:base,tabindex:4)
2023-10-15 09:27:45,420 [INFO] PluginManage:310 - Check plugin pinoutandconfiguration
2023-10-15 09:27:45,431 [INFO] PluginManage:359 - Loaded plugin pinoutandconfiguration (category:base,tabindex:1)
2023-10-15 09:27:45,432 [INFO] PluginManage:310 - Check plugin pinoutconfig
2023-10-15 09:27:45,498 [WARN] SupportedApi:132 - Cannot load RTOS API schema: s4s-elt-must-match.1: The content of 'definitions' must match (annotation?, (simpleType | complexType)?, (unique | key | keyref)*)). A problem was found starting at: attribute.
2023-10-15 09:27:45,593 [INFO] PluginManage:359 - Loaded plugin pinoutconfig (category:base,tabindex:0)
2023-10-15 09:27:45,594 [INFO] PluginManage:310 - Check plugin power
2023-10-15 09:27:45,611 [INFO] PluginManage:359 - Loaded plugin power (category:power,tabindex:4)
2023-10-15 09:27:45,611 [INFO] PluginManage:310 - Check plugin projectmanager
2023-10-15 09:27:45,622 [INFO] PluginManage:359 - Loaded plugin projectmanager (category:projectmanager,tabindex:3)
2023-10-15 09:27:45,622 [INFO] PluginManage:310 - Check plugin thirdparty
2023-10-15 09:27:45,796 [INFO] PluginManage:359 - Loaded plugin thirdparty (category:base,tabindex:-1)
2023-10-15 09:27:45,796 [INFO] PluginManage:310 - Check plugin tools
2023-10-15 09:27:45,796 [WARN] IntegrityCheckThread:84 - waiting for thirdparty lock release [integrity check]
2023-10-15 09:27:45,797 [INFO] IntegrityCheckThread:86 - entering critical section [integrity check]
2023-10-15 09:27:45,797 [INFO] ThirdPartyUpdaterWithRetryManager:70 - Updater plugin not ready yet. [1/15]
2023-10-15 09:27:45,819 [INFO] PluginManage:359 - Loaded plugin tools (category:base,tabindex:7)
2023-10-15 09:27:45,819 [INFO] PluginManage:310 - Check plugin tutovideos
2023-10-15 09:27:45,956 [INFO] PluginManage:359 - Loaded plugin tutovideos (category:base,tabindex:-1)
2023-10-15 09:27:45,956 [INFO] PluginManage:310 - Check plugin updater
2023-10-15 09:27:45,966 [INFO] PluginManage:359 - Loaded plugin updater (category:base,tabindex:12)
2023-10-15 09:27:45,966 [INFO] PluginManage:310 - Check plugin userauth
2023-10-15 09:27:45,970 [INFO] UserAuth:113 - Init User Auth plugin
2023-10-15 09:27:45,970 [INFO] PluginManage:359 - Loaded plugin userauth (category:base,tabindex:14)
2023-10-15 09:27:45,970 [INFO] PluginManage:283 - PluginManage : Loaded plugins [17]
2023-10-15 09:27:46,147 [INFO] PinOutPanel:1499 - setPackage(No Configuration,No Configuration)
2023-10-15 09:27:46,236 [INFO] CADModel:165 - CPN selected for project level
2023-10-15 09:27:46,237 [INFO] CADModel:114 - Register for checkConnection events
2023-10-15 09:27:46,256 [INFO] IPUIPlugin:80 - create IPUIPlugin
2023-10-15 09:27:46,256 [INFO] PluginManager:220 - loadIPPluginJar : add adc
2023-10-15 09:27:46,278 [INFO] IPUIPlugin:80 - create IPUIPlugin
2023-10-15 09:27:46,278 [INFO] PluginManager:220 - loadIPPluginJar : add aes
2023-10-15 09:27:46,302 [INFO] IPUIPlugin:80 - create IPUIPlugin
2023-10-15 09:27:46,302 [INFO] PluginManager:220 - loadIPPluginJar : add can
2023-10-15 09:27:46,315 [INFO] IPUIPlugin:80 - create IPUIPlugin
2023-10-15 09:27:46,315 [INFO] PluginManager:220 - loadIPPluginJar : add comp
2023-10-15 09:27:46,335 [INFO] IPUIPlugin:80 - create IPUIPlugin
2023-10-15 09:27:46,335 [INFO] PluginManager:220 - loadIPPluginJar : add cryp
2023-10-15 09:27:46,352 [INFO] IPUIPlugin:80 - create IPUIPlugin
2023-10-15 09:27:46,352 [INFO] PluginManager:220 - loadIPPluginJar : add dfsdm
2023-10-15 09:27:46,362 [INFO] IPUIPlugin:80 - create IPUIPlugin
2023-10-15 09:27:46,362 [INFO] PluginManager:220 - loadIPPluginJar : add dma
2023-10-15 09:27:46,387 [INFO] IPUIPlugin:80 - create IPUIPlugin
2023-10-15 09:27:46,387 [INFO] PluginManager:220 - loadIPPluginJar : add dma3
2023-10-15 09:27:46,400 [INFO] IPUIPlugin:80 - create IPUIPlugin
2023-10-15 09:27:46,400 [INFO] PluginManager:220 - loadIPPluginJar : add fatfs
2023-10-15 09:27:46,428 [INFO] IPUIPlugin:80 - create IPUIPlugin
2023-10-15 09:27:46,428 [INFO] PluginManager:220 - loadIPPluginJar : add fmc
2023-10-15 09:27:46,439 [INFO] IPUIPlugin:80 - create IPUIPlugin
2023-10-15 09:27:46,439 [INFO] PluginManager:220 - loadIPPluginJar : add freertos
2023-10-15 09:27:46,452 [INFO] IPUIPlugin:80 - create IPUIPlugin
2023-10-15 09:27:46,452 [INFO] PluginManager:220 - loadIPPluginJar : add genericplugin
2023-10-15 09:27:46,503 [INFO] IPUIPlugin:80 - create IPUIPlugin
2023-10-15 09:27:46,503 [INFO] PluginManager:220 - loadIPPluginJar : add gfxmmu
2023-10-15 09:27:46,576 [INFO] IPUIPlugin:80 - create IPUIPlugin
2023-10-15 09:27:46,577 [INFO] PluginManager:220 - loadIPPluginJar : add gic
2023-10-15 09:27:46,586 [INFO] IPUIPlugin:80 - create IPUIPlugin
2023-10-15 09:27:46,586 [INFO] PluginManager:220 - loadIPPluginJar : add gpio
2023-10-15 09:27:46,639 [INFO] IPUIPlugin:80 - create IPUIPlugin
2023-10-15 09:27:46,639 [INFO] PluginManager:220 - loadIPPluginJar : add gtzc
2023-10-15 09:27:46,657 [INFO] IPUIPlugin:80 - create IPUIPlugin
2023-10-15 09:27:46,657 [INFO] PluginManager:220 - loadIPPluginJar : add hash
2023-10-15 09:27:46,687 [INFO] IPUIPlugin:80 - create IPUIPlugin
2023-10-15 09:27:46,687 [INFO] PluginManager:220 - loadIPPluginJar : add i2c
2023-10-15 09:27:46,709 [INFO] IPUIPlugin:80 - create IPUIPlugin
2023-10-15 09:27:46,709 [INFO] PluginManager:220 - loadIPPluginJar : add i2s
2023-10-15 09:27:46,732 [INFO] IPUIPlugin:80 - create IPUIPlugin
2023-10-15 09:27:46,732 [INFO] PluginManager:220 - loadIPPluginJar : add i3c
2023-10-15 09:27:46,794 [INFO] IPUIPlugin:80 - create IPUIPlugin
2023-10-15 09:27:46,794 [INFO] PluginManager:220 - loadIPPluginJar : add ipddr
2023-10-15 09:27:46,845 [INFO] IPUIPlugin:80 - create IPUIPlugin
2023-10-15 09:27:46,845 [INFO] PluginManager:220 - loadIPPluginJar : add linkedlist
2023-10-15 09:27:46,864 [INFO] IPUIPlugin:80 - create IPUIPlugin
2023-10-15 09:27:46,864 [INFO] PluginManager:220 - loadIPPluginJar : add lorawan
2023-10-15 09:27:46,886 [INFO] IPUIPlugin:80 - create IPUIPlugin
2023-10-15 09:27:46,886 [INFO] PluginManager:220 - loadIPPluginJar : add ltdc
2023-10-15 09:27:46,896 [INFO] IPUIPlugin:80 - create IPUIPlugin
2023-10-15 09:27:46,896 [INFO] PluginManager:220 - loadIPPluginJar : add mdma
2023-10-15 09:27:46,905 [INFO] IPUIPlugin:80 - create IPUIPlugin
2023-10-15 09:27:46,905 [INFO] PluginManager:220 - loadIPPluginJar : add nvic
2023-10-15 09:27:46,925 [INFO] IPUIPlugin:80 - create IPUIPlugin
2023-10-15 09:27:46,925 [INFO] PluginManager:220 - loadIPPluginJar : add opamp
2023-10-15 09:27:46,959 [INFO] IPUIPlugin:80 - create IPUIPlugin
2023-10-15 09:27:46,959 [INFO] PluginManager:220 - loadIPPluginJar : add openamp
2023-10-15 09:27:46,983 [INFO] IPUIPlugin:80 - create IPUIPlugin
2023-10-15 09:27:46,983 [INFO] PluginManager:220 - loadIPPluginJar : add pdm2pcm
2023-10-15 09:27:46,993 [INFO] IPUIPlugin:80 - create IPUIPlugin
2023-10-15 09:27:46,995 [INFO] PluginManager:220 - loadIPPluginJar : add plateformsettings
2023-10-15 09:27:47,008 [INFO] IPUIPlugin:80 - create IPUIPlugin
2023-10-15 09:27:47,008 [INFO] PluginManager:220 - loadIPPluginJar : add quadspi
2023-10-15 09:27:47,016 [INFO] IPUIPlugin:80 - create IPUIPlugin
2023-10-15 09:27:47,016 [INFO] PluginManager:220 - loadIPPluginJar : add resmgrutility
2023-10-15 09:27:47,045 [INFO] IPUIPlugin:80 - create IPUIPlugin
2023-10-15 09:27:47,045 [INFO] PluginManager:220 - loadIPPluginJar : add sai
2023-10-15 09:27:47,067 [INFO] IPUIPlugin:80 - create IPUIPlugin
2023-10-15 09:27:47,068 [INFO] PluginManager:220 - loadIPPluginJar : add spi
2023-10-15 09:27:47,102 [INFO] IPUIPlugin:80 - create IPUIPlugin
2023-10-15 09:27:47,102 [INFO] PluginManager:220 - loadIPPluginJar : add stm32_wpan
2023-10-15 09:27:47,116 [INFO] IPUIPlugin:80 - create IPUIPlugin
2023-10-15 09:27:47,116 [INFO] PluginManager:220 - loadIPPluginJar : add tim
2023-10-15 09:27:47,149 [INFO] IPUIPlugin:80 - create IPUIPlugin
2023-10-15 09:27:47,149 [INFO] PluginManager:220 - loadIPPluginJar : add touchsensing
2023-10-15 09:27:47,163 [INFO] IPUIPlugin:80 - create IPUIPlugin
2023-10-15 09:27:47,163 [INFO] PluginManager:220 - loadIPPluginJar : add tracer_emb
2023-10-15 09:27:47,176 [INFO] IPUIPlugin:80 - create IPUIPlugin
2023-10-15 09:27:47,176 [INFO] PluginManager:220 - loadIPPluginJar : add ts
2023-10-15 09:27:47,189 [INFO] IPUIPlugin:80 - create IPUIPlugin
2023-10-15 09:27:47,189 [INFO] PluginManager:220 - loadIPPluginJar : add tsc
2023-10-15 09:27:47,202 [INFO] IPUIPlugin:80 - create IPUIPlugin
2023-10-15 09:27:47,202 [INFO] PluginManager:220 - loadIPPluginJar : add ucpd
2023-10-15 09:27:47,228 [INFO] IPUIPlugin:80 - create IPUIPlugin
2023-10-15 09:27:47,228 [INFO] PluginManager:220 - loadIPPluginJar : add usart
2023-10-15 09:27:47,253 [INFO] IPUIPlugin:80 - create IPUIPlugin
2023-10-15 09:27:47,253 [INFO] PluginManager:220 - loadIPPluginJar : add usbx
2023-10-15 09:27:47,367 [INFO] CADModel:165 - CPN selected for project level
2023-10-15 09:27:47,367 [INFO] CADModel:114 - Register for checkConnection events
2023-10-15 09:27:47,367 [FATAL] Updater:308 - Updater called before beeing initialized
2023-10-15 09:27:47,367 [ERROR] CADModel:125 - Updater not yet initialized, retry later 
2023-10-15 09:27:47,479 [INFO] CADModel:165 - CPN selected for project level
2023-10-15 09:27:47,479 [INFO] CADModel:114 - Register for checkConnection events
2023-10-15 09:27:47,479 [FATAL] Updater:308 - Updater called before beeing initialized
2023-10-15 09:27:47,479 [ERROR] CADModel:125 - Updater not yet initialized, retry later 
2023-10-15 09:27:47,483 [FATAL] Updater:308 - Updater called before beeing initialized
2023-10-15 09:27:47,552 [FATAL] Updater:308 - Updater called before beeing initialized
2023-10-15 09:27:47,559 [INFO] DbMcusAds:53 - JSON generation date=Tue Mar 07 00:50:55 PST 2023 (1678179055114)
2023-10-15 09:27:47,559 [FATAL] Updater:308 - Updater called before beeing initialized
2023-10-15 09:27:47,618 [WARN] DetailPanel:346 - Failed to get advertising image, set to default
2023-10-15 09:27:47,700 [FATAL] Updater:308 - Updater called before beeing initialized
2023-10-15 09:27:47,701 [FATAL] Updater:308 - Updater called before beeing initialized
2023-10-15 09:27:47,701 [FATAL] Updater:308 - Updater called before beeing initialized
2023-10-15 09:27:47,702 [WARN] DetailPanel:346 - Failed to get advertising image, set to default
2023-10-15 09:27:47,702 [FATAL] Updater:308 - Updater called before beeing initialized
2023-10-15 09:27:47,740 [ERROR] Updater:1120 - MainUpdater not yet initialized. External WinMGr cannot be set.
2023-10-15 09:27:47,746 [INFO] Updater:1056 - Updater Version found : 6.9.2
2023-10-15 09:27:47,763 [INFO] ApplicationProperties:184 - Using Application install path: C:\ST\STM32CubeIDE_1.13.2\STM32CubeIDE\plugins\com.st.stm32cube.common.mx_6.9.2.202309101412
2023-10-15 09:27:47,916 [INFO] MainUpdater:2868 - connection check result : 10
2023-10-15 09:27:47,916 [INFO] MainUpdater:285 - Updater Check For Update Now.
2023-10-15 09:27:47,916 [INFO] MicroXplorer:498 - Change Database Version : DB.6.0.92
2023-10-15 09:27:47,927 [INFO] McuFinderGlobals:63 - Set McuFinder mode to 2 (CubeIDE integrated)
2023-10-15 09:27:48,083 [INFO] CheckServerUpdateThread:120 - End of CheckServer Thread
2023-10-15 09:27:48,952 [WARN] PackLoader:240 - Cannot read IP mode file for STMicroelectronics.X-CUBE-SMBUS.2.1.0
2023-10-15 09:27:48,981 [WARN] PackLoader:240 - Cannot read IP mode file for STMicroelectronics.X-CUBE-AZRTOS-F7.1.1.0
2023-10-15 09:27:48,993 [WARN] PackLoader:240 - Cannot read IP mode file for STMicroelectronics.FP-SNS-MOTENV1.4.3.2
2023-10-15 09:27:49,002 [WARN] PackLoader:240 - Cannot read IP mode file for STMicroelectronics.FP-SNS-FLIGHT1.5.0.2
2023-10-15 09:27:49,012 [WARN] PackLoader:240 - Cannot read IP mode file for STMicroelectronics.X-CUBE-DISPLAY.3.0.0
2023-10-15 09:27:49,026 [WARN] PackLoader:240 - Cannot read IP mode file for STMicroelectronics.X-CUBE-BLE1.7.0.0
2023-10-15 09:27:49,034 [WARN] PackLoader:240 - Cannot read IP mode file for emotas.I-CUBE-CANOPEN.1.3.0
2023-10-15 09:27:49,042 [WARN] PackLoader:240 - Cannot read IP mode file for STMicroelectronics.X-CUBE-TOUCHGFX.4.22.0
2023-10-15 09:27:49,048 [WARN] PackLoader:240 - Cannot read IP mode file for STMicroelectronics.X-CUBE-TOUCHGFX.4.22.1
2023-10-15 09:27:49,055 [WARN] PackLoader:240 - Cannot read IP mode file for STMicroelectronics.FP-SNS-SMARTAG2.1.2.0
2023-10-15 09:27:49,069 [INFO] LogOutputStream:77 - [STDOUT_REDIRECT] 1 : Invalid condition id : UX_CORESTACK_Condition cause : null
2023-10-15 09:27:49,070 [INFO] LogOutputStream:77 - [STDOUT_REDIRECT] 1 : Invalid condition id : UX_CORESTACK_Condition cause : null
2023-10-15 09:27:49,070 [INFO] LogOutputStream:77 - [STDOUT_REDIRECT] 1 : Invalid condition id : UX_CORESTACK_Condition cause : null
2023-10-15 09:27:49,071 [INFO] LogOutputStream:77 - [STDOUT_REDIRECT] 1 : Invalid condition id : UX_CORESTACK_Condition cause : null
2023-10-15 09:27:49,072 [INFO] LogOutputStream:77 - [STDOUT_REDIRECT] 1 : Invalid condition id : UX_CORESTACK_Condition cause : null
2023-10-15 09:27:49,074 [WARN] PackLoader:240 - Cannot read IP mode file for STMicroelectronics.X-CUBE-AZRTOS-WL.2.0.0
2023-10-15 09:27:49,084 [WARN] PackLoader:240 - Cannot read IP mode file for WES.I-CUBE-Cesium.1.3.0
2023-10-15 09:27:49,092 [WARN] PackLoader:240 - Cannot read IP mode file for STMicroelectronics.X-CUBE-BLE2.3.3.0
2023-10-15 09:27:49,100 [WARN] PackLoader:240 - Cannot read IP mode file for STMicroelectronics.X-CUBE-ALGOBUILD.1.3.0
2023-10-15 09:27:49,118 [WARN] PackLoader:240 - Cannot read IP mode file for STMicroelectronics.X-CUBE-AZRTOS-G0.1.1.0
2023-10-15 09:27:49,131 [WARN] PackLoader:240 - Cannot read IP mode file for STMicroelectronics.X-CUBE-NFC4.3.0.0
2023-10-15 09:27:49,200 [WARN] PackLoader:240 - Cannot read IP mode file for STMicroelectronics.FP-ATR-SIGFOX1.3.2.0
2023-10-15 09:27:49,221 [WARN] PackLoader:240 - Cannot read IP mode file for SEGGER.I-CUBE-embOS.1.3.1
2023-10-15 09:27:49,252 [WARN] PackLoader:240 - Cannot read IP mode file for STMicroelectronics.X-CUBE-GNSS1.6.0.0
2023-10-15 09:27:49,271 [WARN] PackLoader:240 - Cannot read IP mode file for STMicroelectronics.X-CUBE-AZRTOS-F4.1.1.0
2023-10-15 09:27:49,280 [WARN] PackLoader:240 - Cannot read IP mode file for wolfSSL.I-CUBE-wolfSSL.5.6.3
2023-10-15 09:27:49,298 [WARN] PackLoader:240 - Cannot read IP mode file for STMicroelectronics.X-CUBE-AZRTOS-L5.2.0.0
2023-10-15 09:27:49,327 [WARN] PackLoader:240 - Cannot read IP mode file for STMicroelectronics.X-CUBE-MEMS1.9.6.0
2023-10-15 09:27:49,403 [WARN] PackLoader:240 - Cannot read IP mode file for ITTIA_DB.I-CUBE-ITTIADB.8.8.0
2023-10-15 09:27:49,415 [WARN] PackLoader:240 - Cannot read IP mode file for STMicroelectronics.X-CUBE-BLEMGR.2.0.0
2023-10-15 09:27:49,434 [WARN] ConditionMgr:438 - getConditionDescription Invalid condition id : UX DEVICE CLASS RTOS Condition cause : null
2023-10-15 09:27:49,434 [WARN] ConditionMgr:438 - getConditionDescription Invalid condition id : UX DEVICE CLASS RTOS Condition cause : null
2023-10-15 09:27:49,436 [WARN] PackLoader:240 - Cannot read IP mode file for STMicroelectronics.X-CUBE-AZRTOS-H7.3.1.0
2023-10-15 09:27:49,436 [WARN] ConditionMgr:1039 - genDependencies : Invalid condition id : UX DEVICE CLASS RTOS Condition cause : null
2023-10-15 09:27:49,436 [WARN] ConditionMgr:1039 - genDependencies : Invalid condition id : UX DEVICE CLASS RTOS Condition cause : null
2023-10-15 09:27:49,436 [WARN] ConditionMgr:1039 - genDependencies : Invalid condition id : UX DEVICE CLASS RTOS Condition cause : null
2023-10-15 09:27:49,437 [WARN] ConditionMgr:1039 - genDependencies : Invalid condition id : UX DEVICE CLASS RTOS Condition cause : null
2023-10-15 09:27:49,437 [WARN] ConditionMgr:1039 - genDependencies : Invalid condition id : UX DEVICE CLASS RTOS Condition cause : null
2023-10-15 09:27:49,446 [WARN] PackLoader:240 - Cannot read IP mode file for STMicroelectronics.X-CUBE-NFC7.1.0.1
2023-10-15 09:27:49,455 [WARN] PackLoader:240 - Cannot read IP mode file for STMicroelectronics.X-CUBE-NFC6.3.0.0
2023-10-15 09:27:49,464 [WARN] PackLoader:240 - Cannot read IP mode file for STMicroelectronics.X-CUBE-EEPRMA1.4.1.0
2023-10-15 09:27:49,471 [WARN] PackLoader:240 - Cannot read IP mode file for STMicroelectronics.X-CUBE-AI.8.1.0
2023-10-15 09:27:49,491 [WARN] ConditionMgr:438 - getConditionDescription Invalid condition id : LAN8742 Phy interface Condition cause : null
2023-10-15 09:27:49,491 [WARN] PackLoader:240 - Cannot read IP mode file for STMicroelectronics.X-CUBE-AZRTOS-L4.2.0.0
2023-10-15 09:27:49,492 [WARN] ConditionMgr:1039 - genDependencies : Invalid condition id : LAN8742 Phy interface Condition cause : null
2023-10-15 09:27:49,492 [WARN] ConditionMgr:1039 - genDependencies : Invalid condition id : LAN8742 Phy interface Condition cause : null
2023-10-15 09:27:49,492 [WARN] ConditionMgr:1039 - genDependencies : Invalid condition id : LAN8742 Phy interface Condition cause : null
2023-10-15 09:27:49,502 [WARN] PackLoader:240 - Cannot read IP mode file for STMicroelectronics.X-CUBE-SFXS2LP1.4.0.0
2023-10-15 09:27:49,511 [WARN] PackLoader:240 - Cannot read IP mode file for STMicroelectronics.X-CUBE-ISPU.1.1.0
2023-10-15 09:27:49,525 [WARN] ConditionMgr:438 - getConditionDescription Invalid condition id : UX DEVICE CLASS RTOS Condition cause : null
2023-10-15 09:27:49,525 [WARN] ConditionMgr:438 - getConditionDescription Invalid condition id : UX DEVICE CLASS RTOS Condition cause : null
2023-10-15 09:27:49,526 [WARN] PackLoader:240 - Cannot read IP mode file for STMicroelectronics.X-CUBE-AZRTOS-WB.2.0.0
2023-10-15 09:27:49,526 [WARN] ConditionMgr:1039 - genDependencies : Invalid condition id : UX DEVICE CLASS RTOS Condition cause : null
2023-10-15 09:27:49,526 [WARN] ConditionMgr:1039 - genDependencies : Invalid condition id : UX DEVICE CLASS RTOS Condition cause : null
2023-10-15 09:27:49,527 [WARN] ConditionMgr:1039 - genDependencies : Invalid condition id : UX DEVICE CLASS RTOS Condition cause : null
2023-10-15 09:27:49,527 [WARN] ConditionMgr:1039 - genDependencies : Invalid condition id : UX DEVICE CLASS RTOS Condition cause : null
2023-10-15 09:27:49,527 [WARN] ConditionMgr:1039 - genDependencies : Invalid condition id : UX DEVICE CLASS RTOS Condition cause : null
2023-10-15 09:27:49,539 [WARN] PackLoader:240 - Cannot read IP mode file for STMicroelectronics.X-CUBE-SUBG2.5.0.0
2023-10-15 09:27:49,551 [WARN] PackLoader:240 - Cannot read IP mode file for STMicroelectronics.X-CUBE-TOF1.3.3.1
2023-10-15 09:27:49,569 [WARN] PackLoader:240 - Cannot read IP mode file for STMicroelectronics.X-CUBE-AZRTOS-G4.2.0.0
2023-10-15 09:27:49,585 [WARN] PackLoader:240 - Cannot read IP mode file for Infineon.AIROC-Wi-Fi-Bluetooth-STM32.1.5.1
2023-10-15 09:27:49,596 [WARN] PackLoader:240 - Cannot read IP mode file for STMicroelectronics.X-CUBE-FREERTOS.1.1.0
2023-10-15 09:27:49,604 [WARN] PackLoader:240 - Cannot read IP mode file for portGmbH.I-Cube-SoM-uGOAL.1.1.0
2023-10-15 09:27:49,611 [WARN] PackLoader:240 - Cannot read IP mode file for STMicroelectronics.X-CUBE-ALS.1.0.1
2023-10-15 09:27:49,618 [WARN] PackLoader:240 - Cannot read IP mode file for STMicroelectronics.FP-ATR-ASTRA1.2.0.0
2023-10-15 09:27:49,619 [INFO] ThirdParty:978 - Integrity check success = true
2023-10-15 09:27:49,619 [INFO] IntegrityCheckThread:100 - exiting critical section [integrity check]
2023-10-15 09:27:49,619 [INFO] IntegrityCheckThread:103 - End integrity checks thread
2023-10-15 09:28:08,701 [ERROR] LogOutputStream:75 - [STDERR_REDIRECT] SLF4J: Failed to load class "org.slf4j.impl.StaticLoggerBinder".
2023-10-15 09:28:08,702 [ERROR] LogOutputStream:75 - [STDERR_REDIRECT] SLF4J: Defaulting to no-operation (NOP) logger implementation
2023-10-15 09:28:08,702 [ERROR] LogOutputStream:75 - [STDERR_REDIRECT] SLF4J: See http://www.slf4j.org/codes.html#StaticLoggerBinder for further details.
2023-10-15 09:30:37,320 [INFO] Activator:176 - 


2023-10-15 09:30:37,321 [INFO] Activator:177 - !SESSION log4j initialized
2023-10-15 09:30:41,004 [INFO] LogOutputStream:77 - [STDOUT_REDIRECT] 
2023-10-15 09:30:41,880 [INFO] ApplicationProperties:184 - Using Application install path: C:\ST\STM32CubeIDE_1.13.2\STM32CubeIDE\plugins\com.st.stm32cube.common.mx_6.9.2.202309101412
2023-10-15 09:30:41,892 [INFO] DbMcusXml:78 - Set database path to: C:\ST\STM32CubeIDE_1.13.2\STM32CubeIDE\plugins\com.st.stm32cube.common.mx_6.9.2.202309101412\\db\/mcu/
2023-10-15 09:30:41,893 [INFO] ApiDb:274 - Set plugin database path to: C:\ST\STM32CubeIDE_1.13.2\STM32CubeIDE\plugins\com.st.stm32cube.common.mx_6.9.2.202309101412\\db\/plugins/boardmanager/
2023-10-15 09:30:41,893 [WARN] ApiDb:259 - Overriding images path with different value:  => C:\ST\STM32CubeIDE_1.13.2\STM32CubeIDE\plugins\com.st.stm32cube.common.mx_6.9.2.202309101412\\db\/plugins/mcufinder/images/
2023-10-15 09:30:41,900 [INFO] ApiDb:250 - Set database path to: C:\Users\goneb\.stmcufinder\plugins\mcufinder//mcu/
2023-10-15 09:30:41,902 [INFO] DbMcusAds:125 - Set database path to: C:\Users\goneb\.stmcufinder\plugins\mcufinder//mcu/
2023-10-15 09:30:41,903 [INFO] CrossReferenceDbSqlite:203 - Set database path to: C:\Users\goneb\.stmcufinder\plugins\mcufinder//mcu/cs/
2023-10-15 09:30:41,984 [INFO] RulesReader:64 - Compatibility file has been processed (293 Rules)
2023-10-15 09:30:42,057 [INFO] DbMcusXml:78 - Set database path to: C:\ST\STM32CubeIDE_1.13.2\STM32CubeIDE\plugins\com.st.stm32cube.common.mx_6.9.2.202309101412\\db\/mcu/
2023-10-15 09:30:42,058 [INFO] ApiDb:274 - Set plugin database path to: C:\ST\STM32CubeIDE_1.13.2\STM32CubeIDE\plugins\com.st.stm32cube.common.mx_6.9.2.202309101412\\db\/plugins/boardmanager/
2023-10-15 09:30:42,058 [INFO] ApiDb:261 - Set plugin images path to: C:\ST\STM32CubeIDE_1.13.2\STM32CubeIDE\plugins\com.st.stm32cube.common.mx_6.9.2.202309101412\\db\/plugins/mcufinder/images/
2023-10-15 09:30:42,058 [WARN] DbFile:41 - Overriding database path with different value: C:\Users\goneb\.stmcufinder\plugins\mcufinder/ => C:\Users\goneb\.stmcufinder\plugins\mcufinder
2023-10-15 09:30:42,058 [INFO] ApiDb:250 - Set database path to: C:\Users\goneb\.stmcufinder\plugins\mcufinder//mcu/
2023-10-15 09:30:42,058 [WARN] DbFile:41 - Overriding database path with different value: C:\Users\goneb\.stmcufinder\plugins\mcufinder/ => C:\Users\goneb\.stmcufinder\plugins\mcufinder
2023-10-15 09:30:42,058 [INFO] DbMcusAds:125 - Set database path to: C:\Users\goneb\.stmcufinder\plugins\mcufinder//mcu/
2023-10-15 09:30:42,058 [WARN] DbFile:41 - Overriding database path with different value: C:\Users\goneb\.stmcufinder\plugins\mcufinder/ => C:\Users\goneb\.stmcufinder\plugins\mcufinder
2023-10-15 09:30:42,058 [WARN] DbFile:41 - Overriding database path with different value: C:\Users\goneb\.stmcufinder\plugins\mcufinder/ => C:\Users\goneb\.stmcufinder\plugins\mcufinder
2023-10-15 09:30:42,058 [INFO] CrossReferenceDbSqlite:203 - Set database path to: C:\Users\goneb\.stmcufinder\plugins\mcufinder//mcu/cs/
2023-10-15 09:30:42,105 [INFO] MainPanel:262 - HeapMemory: 268435456
2023-10-15 09:30:42,149 [INFO] DbMcusXml:78 - Set database path to: C:\ST\STM32CubeIDE_1.13.2\STM32CubeIDE\plugins\com.st.stm32cube.common.mx_6.9.2.202309101412\\db\/mcu/
2023-10-15 09:30:42,149 [INFO] ApiDb:274 - Set plugin database path to: C:\ST\STM32CubeIDE_1.13.2\STM32CubeIDE\plugins\com.st.stm32cube.common.mx_6.9.2.202309101412\\db\/plugins/boardmanager/
2023-10-15 09:30:42,149 [INFO] ApiDb:261 - Set plugin images path to: C:\ST\STM32CubeIDE_1.13.2\STM32CubeIDE\plugins\com.st.stm32cube.common.mx_6.9.2.202309101412\\db\/plugins/mcufinder/images/
2023-10-15 09:30:42,149 [WARN] DbFile:41 - Overriding database path with different value: C:\Users\goneb\.stmcufinder\plugins\mcufinder/ => C:\Users\goneb\.stmcufinder\plugins\mcufinder
2023-10-15 09:30:42,150 [INFO] ApiDb:250 - Set database path to: C:\Users\goneb\.stmcufinder\plugins\mcufinder//mcu/
2023-10-15 09:30:42,150 [WARN] DbFile:41 - Overriding database path with different value: C:\Users\goneb\.stmcufinder\plugins\mcufinder/ => C:\Users\goneb\.stmcufinder\plugins\mcufinder
2023-10-15 09:30:42,150 [INFO] DbMcusAds:125 - Set database path to: C:\Users\goneb\.stmcufinder\plugins\mcufinder//mcu/
2023-10-15 09:30:42,150 [WARN] DbFile:41 - Overriding database path with different value: C:\Users\goneb\.stmcufinder\plugins\mcufinder/ => C:\Users\goneb\.stmcufinder\plugins\mcufinder
2023-10-15 09:30:42,150 [WARN] DbFile:41 - Overriding database path with different value: C:\Users\goneb\.stmcufinder\plugins\mcufinder/ => C:\Users\goneb\.stmcufinder\plugins\mcufinder
2023-10-15 09:30:42,150 [INFO] CrossReferenceDbSqlite:203 - Set database path to: C:\Users\goneb\.stmcufinder\plugins\mcufinder//mcu/cs/
2023-10-15 09:30:42,162 [INFO] ApplicationProperties:184 - Using Application install path: C:\ST\STM32CubeIDE_1.13.2\STM32CubeIDE\plugins\com.st.stm32cube.common.mx_6.9.2.202309101412
2023-10-15 09:30:42,163 [INFO] PluginManage:196 - Search for loadable plugins [exclusion list=, ]
2023-10-15 09:30:42,164 [INFO] PluginManage:310 - Check plugin analytics
2023-10-15 09:30:42,267 [INFO] AnalyticsPlugin:253 - Accepted Software Licenses: STM32CubeMX.6.9.2
2023-10-15 09:30:42,267 [INFO] AnalyticsPlugin:255 - Accepted CMSIS Pack Licenses: STMicroelectronics.X-CUBE-NFC4.3.0.0
2023-10-15 09:30:42,267 [INFO] AnalyticsPlugin:257 - Accepted Firmware Licenses: FW.L4.1.18.0
2023-10-15 09:30:42,269 [INFO] PluginManage:359 - Loaded plugin analytics (category:tool,tabindex:-1)
2023-10-15 09:30:42,269 [INFO] PluginManage:310 - Check plugin cadmodel
2023-10-15 09:30:42,273 [INFO] CADModel:105 - Init CAD model plugin
2023-10-15 09:30:42,273 [INFO] PluginManage:359 - Loaded plugin cadmodel (category:power,tabindex:5)
2023-10-15 09:30:42,273 [INFO] PluginManage:310 - Check plugin clock
2023-10-15 09:30:42,278 [INFO] PluginManage:359 - Loaded plugin clock (category:base,tabindex:2)
2023-10-15 09:30:42,278 [INFO] PluginManage:310 - Check plugin ddr
2023-10-15 09:30:42,280 [INFO] PluginManage:359 - Loaded plugin ddr (category:tool,tabindex:6)
2023-10-15 09:30:42,280 [INFO] PluginManage:310 - Check plugin filemanager
2023-10-15 09:30:42,363 [INFO] PluginManage:359 - Loaded plugin filemanager (category:base,tabindex:10)
2023-10-15 09:30:42,364 [INFO] PluginManage:310 - Check plugin ipmanager
2023-10-15 09:30:42,369 [INFO] PluginManage:359 - Loaded plugin ipmanager (category:base,tabindex:5)
2023-10-15 09:30:42,369 [INFO] PluginManage:310 - Check plugin lpbam
2023-10-15 09:30:42,374 [INFO] PluginManage:359 - Loaded plugin lpbam (category:base,tabindex:0)
2023-10-15 09:30:42,374 [INFO] PluginManage:310 - Check plugin memorymap
2023-10-15 09:30:42,381 [INFO] PluginManage:359 - Loaded plugin memorymap (category:base,tabindex:4)
2023-10-15 09:30:42,381 [INFO] PluginManage:310 - Check plugin pinoutandconfiguration
2023-10-15 09:30:42,385 [INFO] PluginManage:359 - Loaded plugin pinoutandconfiguration (category:base,tabindex:1)
2023-10-15 09:30:42,385 [INFO] PluginManage:310 - Check plugin pinoutconfig
2023-10-15 09:30:42,442 [WARN] SupportedApi:132 - Cannot load RTOS API schema: s4s-elt-must-match.1: The content of 'definitions' must match (annotation?, (simpleType | complexType)?, (unique | key | keyref)*)). A problem was found starting at: attribute.
2023-10-15 09:30:42,525 [INFO] PluginManage:359 - Loaded plugin pinoutconfig (category:base,tabindex:0)
2023-10-15 09:30:42,525 [INFO] PluginManage:310 - Check plugin power
2023-10-15 09:30:42,531 [INFO] PluginManage:359 - Loaded plugin power (category:power,tabindex:4)
2023-10-15 09:30:42,531 [INFO] PluginManage:310 - Check plugin projectmanager
2023-10-15 09:30:42,540 [INFO] PluginManage:359 - Loaded plugin projectmanager (category:projectmanager,tabindex:3)
2023-10-15 09:30:42,540 [INFO] PluginManage:310 - Check plugin thirdparty
2023-10-15 09:30:42,637 [WARN] IntegrityCheckThread:84 - waiting for thirdparty lock release [integrity check]
2023-10-15 09:30:42,637 [INFO] IntegrityCheckThread:86 - entering critical section [integrity check]
2023-10-15 09:30:42,638 [INFO] PluginManage:359 - Loaded plugin thirdparty (category:base,tabindex:-1)
2023-10-15 09:30:42,638 [INFO] PluginManage:310 - Check plugin tools
2023-10-15 09:30:42,638 [INFO] ThirdPartyUpdaterWithRetryManager:70 - Updater plugin not ready yet. [1/15]
2023-10-15 09:30:42,641 [INFO] PluginManage:359 - Loaded plugin tools (category:base,tabindex:7)
2023-10-15 09:30:42,641 [INFO] PluginManage:310 - Check plugin tutovideos
2023-10-15 09:30:42,755 [INFO] PluginManage:359 - Loaded plugin tutovideos (category:base,tabindex:-1)
2023-10-15 09:30:42,755 [INFO] PluginManage:310 - Check plugin updater
2023-10-15 09:30:42,762 [INFO] PluginManage:359 - Loaded plugin updater (category:base,tabindex:12)
2023-10-15 09:30:42,762 [INFO] PluginManage:310 - Check plugin userauth
2023-10-15 09:30:42,765 [INFO] UserAuth:113 - Init User Auth plugin
2023-10-15 09:30:42,765 [INFO] PluginManage:359 - Loaded plugin userauth (category:base,tabindex:14)
2023-10-15 09:30:42,765 [INFO] PluginManage:283 - PluginManage : Loaded plugins [17]
2023-10-15 09:30:42,939 [INFO] PinOutPanel:1499 - setPackage(No Configuration,No Configuration)
2023-10-15 09:30:43,019 [INFO] CADModel:165 - CPN selected for project level
2023-10-15 09:30:43,019 [INFO] CADModel:114 - Register for checkConnection events
2023-10-15 09:30:43,030 [INFO] IPUIPlugin:80 - create IPUIPlugin
2023-10-15 09:30:43,030 [INFO] PluginManager:220 - loadIPPluginJar : add adc
2023-10-15 09:30:43,031 [INFO] IPUIPlugin:80 - create IPUIPlugin
2023-10-15 09:30:43,032 [INFO] PluginManager:220 - loadIPPluginJar : add aes
2023-10-15 09:30:43,033 [INFO] IPUIPlugin:80 - create IPUIPlugin
2023-10-15 09:30:43,033 [INFO] PluginManager:220 - loadIPPluginJar : add can
2023-10-15 09:30:43,034 [INFO] IPUIPlugin:80 - create IPUIPlugin
2023-10-15 09:30:43,034 [INFO] PluginManager:220 - loadIPPluginJar : add comp
2023-10-15 09:30:43,035 [INFO] IPUIPlugin:80 - create IPUIPlugin
2023-10-15 09:30:43,035 [INFO] PluginManager:220 - loadIPPluginJar : add cryp
2023-10-15 09:30:43,037 [INFO] IPUIPlugin:80 - create IPUIPlugin
2023-10-15 09:30:43,037 [INFO] PluginManager:220 - loadIPPluginJar : add dfsdm
2023-10-15 09:30:43,040 [INFO] IPUIPlugin:80 - create IPUIPlugin
2023-10-15 09:30:43,041 [INFO] PluginManager:220 - loadIPPluginJar : add dma
2023-10-15 09:30:43,042 [INFO] IPUIPlugin:80 - create IPUIPlugin
2023-10-15 09:30:43,042 [INFO] PluginManager:220 - loadIPPluginJar : add dma3
2023-10-15 09:30:43,043 [INFO] IPUIPlugin:80 - create IPUIPlugin
2023-10-15 09:30:43,043 [INFO] PluginManager:220 - loadIPPluginJar : add fatfs
2023-10-15 09:30:43,045 [INFO] IPUIPlugin:80 - create IPUIPlugin
2023-10-15 09:30:43,045 [INFO] PluginManager:220 - loadIPPluginJar : add fmc
2023-10-15 09:30:43,048 [INFO] IPUIPlugin:80 - create IPUIPlugin
2023-10-15 09:30:43,048 [INFO] PluginManager:220 - loadIPPluginJar : add freertos
2023-10-15 09:30:43,049 [INFO] IPUIPlugin:80 - create IPUIPlugin
2023-10-15 09:30:43,049 [INFO] PluginManager:220 - loadIPPluginJar : add genericplugin
2023-10-15 09:30:43,050 [INFO] IPUIPlugin:80 - create IPUIPlugin
2023-10-15 09:30:43,050 [INFO] PluginManager:220 - loadIPPluginJar : add gfxmmu
2023-10-15 09:30:43,053 [INFO] IPUIPlugin:80 - create IPUIPlugin
2023-10-15 09:30:43,053 [INFO] PluginManager:220 - loadIPPluginJar : add gic
2023-10-15 09:30:43,055 [INFO] IPUIPlugin:80 - create IPUIPlugin
2023-10-15 09:30:43,055 [INFO] PluginManager:220 - loadIPPluginJar : add gpio
2023-10-15 09:30:43,057 [INFO] IPUIPlugin:80 - create IPUIPlugin
2023-10-15 09:30:43,057 [INFO] PluginManager:220 - loadIPPluginJar : add gtzc
2023-10-15 09:30:43,058 [INFO] IPUIPlugin:80 - create IPUIPlugin
2023-10-15 09:30:43,058 [INFO] PluginManager:220 - loadIPPluginJar : add hash
2023-10-15 09:30:43,059 [INFO] IPUIPlugin:80 - create IPUIPlugin
2023-10-15 09:30:43,059 [INFO] PluginManager:220 - loadIPPluginJar : add i2c
2023-10-15 09:30:43,061 [INFO] IPUIPlugin:80 - create IPUIPlugin
2023-10-15 09:30:43,061 [INFO] PluginManager:220 - loadIPPluginJar : add i2s
2023-10-15 09:30:43,062 [INFO] IPUIPlugin:80 - create IPUIPlugin
2023-10-15 09:30:43,062 [INFO] PluginManager:220 - loadIPPluginJar : add i3c
2023-10-15 09:30:43,064 [INFO] IPUIPlugin:80 - create IPUIPlugin
2023-10-15 09:30:43,065 [INFO] PluginManager:220 - loadIPPluginJar : add ipddr
2023-10-15 09:30:43,068 [INFO] IPUIPlugin:80 - create IPUIPlugin
2023-10-15 09:30:43,068 [INFO] PluginManager:220 - loadIPPluginJar : add linkedlist
2023-10-15 09:30:43,070 [INFO] IPUIPlugin:80 - create IPUIPlugin
2023-10-15 09:30:43,070 [INFO] PluginManager:220 - loadIPPluginJar : add lorawan
2023-10-15 09:30:43,071 [INFO] IPUIPlugin:80 - create IPUIPlugin
2023-10-15 09:30:43,071 [INFO] PluginManager:220 - loadIPPluginJar : add ltdc
2023-10-15 09:30:43,074 [INFO] IPUIPlugin:80 - create IPUIPlugin
2023-10-15 09:30:43,075 [INFO] PluginManager:220 - loadIPPluginJar : add mdma
2023-10-15 09:30:43,077 [INFO] IPUIPlugin:80 - create IPUIPlugin
2023-10-15 09:30:43,077 [INFO] PluginManager:220 - loadIPPluginJar : add nvic
2023-10-15 09:30:43,078 [INFO] IPUIPlugin:80 - create IPUIPlugin
2023-10-15 09:30:43,078 [INFO] PluginManager:220 - loadIPPluginJar : add opamp
2023-10-15 09:30:43,080 [INFO] IPUIPlugin:80 - create IPUIPlugin
2023-10-15 09:30:43,081 [INFO] PluginManager:220 - loadIPPluginJar : add openamp
2023-10-15 09:30:43,083 [INFO] IPUIPlugin:80 - create IPUIPlugin
2023-10-15 09:30:43,083 [INFO] PluginManager:220 - loadIPPluginJar : add pdm2pcm
2023-10-15 09:30:43,087 [INFO] IPUIPlugin:80 - create IPUIPlugin
2023-10-15 09:30:43,089 [INFO] PluginManager:220 - loadIPPluginJar : add plateformsettings
2023-10-15 09:30:43,090 [INFO] IPUIPlugin:80 - create IPUIPlugin
2023-10-15 09:30:43,090 [INFO] PluginManager:220 - loadIPPluginJar : add quadspi
2023-10-15 09:30:43,091 [INFO] IPUIPlugin:80 - create IPUIPlugin
2023-10-15 09:30:43,091 [INFO] PluginManager:220 - loadIPPluginJar : add resmgrutility
2023-10-15 09:30:43,093 [INFO] IPUIPlugin:80 - create IPUIPlugin
2023-10-15 09:30:43,093 [INFO] PluginManager:220 - loadIPPluginJar : add sai
2023-10-15 09:30:43,094 [INFO] IPUIPlugin:80 - create IPUIPlugin
2023-10-15 09:30:43,094 [INFO] PluginManager:220 - loadIPPluginJar : add spi
2023-10-15 09:30:43,097 [INFO] IPUIPlugin:80 - create IPUIPlugin
2023-10-15 09:30:43,097 [INFO] PluginManager:220 - loadIPPluginJar : add stm32_wpan
2023-10-15 09:30:43,098 [INFO] IPUIPlugin:80 - create IPUIPlugin
2023-10-15 09:30:43,098 [INFO] PluginManager:220 - loadIPPluginJar : add tim
2023-10-15 09:30:43,100 [INFO] IPUIPlugin:80 - create IPUIPlugin
2023-10-15 09:30:43,100 [INFO] PluginManager:220 - loadIPPluginJar : add touchsensing
2023-10-15 09:30:43,101 [INFO] IPUIPlugin:80 - create IPUIPlugin
2023-10-15 09:30:43,101 [INFO] PluginManager:220 - loadIPPluginJar : add tracer_emb
2023-10-15 09:30:43,102 [INFO] IPUIPlugin:80 - create IPUIPlugin
2023-10-15 09:30:43,102 [INFO] PluginManager:220 - loadIPPluginJar : add ts
2023-10-15 09:30:43,103 [INFO] IPUIPlugin:80 - create IPUIPlugin
2023-10-15 09:30:43,103 [INFO] PluginManager:220 - loadIPPluginJar : add tsc
2023-10-15 09:30:43,104 [INFO] IPUIPlugin:80 - create IPUIPlugin
2023-10-15 09:30:43,104 [INFO] PluginManager:220 - loadIPPluginJar : add ucpd
2023-10-15 09:30:43,105 [INFO] IPUIPlugin:80 - create IPUIPlugin
2023-10-15 09:30:43,105 [INFO] PluginManager:220 - loadIPPluginJar : add usart
2023-10-15 09:30:43,107 [INFO] IPUIPlugin:80 - create IPUIPlugin
2023-10-15 09:30:43,107 [INFO] PluginManager:220 - loadIPPluginJar : add usbx
2023-10-15 09:30:43,210 [INFO] CADModel:165 - CPN selected for project level
2023-10-15 09:30:43,210 [INFO] CADModel:114 - Register for checkConnection events
2023-10-15 09:30:43,210 [FATAL] Updater:308 - Updater called before beeing initialized
2023-10-15 09:30:43,210 [ERROR] CADModel:125 - Updater not yet initialized, retry later 
2023-10-15 09:30:43,301 [INFO] CADModel:165 - CPN selected for project level
2023-10-15 09:30:43,301 [INFO] CADModel:114 - Register for checkConnection events
2023-10-15 09:30:43,301 [FATAL] Updater:308 - Updater called before beeing initialized
2023-10-15 09:30:43,301 [ERROR] CADModel:125 - Updater not yet initialized, retry later 
2023-10-15 09:30:43,304 [FATAL] Updater:308 - Updater called before beeing initialized
2023-10-15 09:30:43,379 [FATAL] Updater:308 - Updater called before beeing initialized
2023-10-15 09:30:43,383 [INFO] DbMcusAds:53 - JSON generation date=Tue Mar 07 00:50:55 PST 2023 (1678179055114)
2023-10-15 09:30:43,383 [FATAL] Updater:308 - Updater called before beeing initialized
2023-10-15 09:30:43,407 [WARN] DetailPanel:346 - Failed to get advertising image, set to default
2023-10-15 09:30:43,484 [FATAL] Updater:308 - Updater called before beeing initialized
2023-10-15 09:30:43,485 [FATAL] Updater:308 - Updater called before beeing initialized
2023-10-15 09:30:43,485 [FATAL] Updater:308 - Updater called before beeing initialized
2023-10-15 09:30:43,485 [WARN] DetailPanel:346 - Failed to get advertising image, set to default
2023-10-15 09:30:43,486 [FATAL] Updater:308 - Updater called before beeing initialized
2023-10-15 09:30:43,514 [ERROR] Updater:1120 - MainUpdater not yet initialized. External WinMGr cannot be set.
2023-10-15 09:30:43,515 [INFO] Updater:1056 - Updater Version found : 6.9.2
2023-10-15 09:30:43,527 [INFO] ApplicationProperties:184 - Using Application install path: C:\ST\STM32CubeIDE_1.13.2\STM32CubeIDE\plugins\com.st.stm32cube.common.mx_6.9.2.202309101412
2023-10-15 09:30:43,646 [INFO] MainUpdater:2868 - connection check result : 10
2023-10-15 09:30:43,647 [INFO] MainUpdater:285 - Updater Check For Update Now.
2023-10-15 09:30:43,647 [INFO] MicroXplorer:498 - Change Database Version : DB.6.0.92
2023-10-15 09:30:43,650 [INFO] McuFinderGlobals:63 - Set McuFinder mode to 2 (CubeIDE integrated)
2023-10-15 09:30:43,797 [INFO] CheckServerUpdateThread:120 - End of CheckServer Thread
2023-10-15 09:30:45,737 [WARN] PackLoader:240 - Cannot read IP mode file for STMicroelectronics.X-CUBE-SMBUS.2.1.0
2023-10-15 09:30:45,759 [WARN] PackLoader:240 - Cannot read IP mode file for STMicroelectronics.X-CUBE-AZRTOS-F7.1.1.0
2023-10-15 09:30:45,803 [WARN] PackLoader:240 - Cannot read IP mode file for STMicroelectronics.FP-SNS-MOTENV1.4.3.2
2023-10-15 09:30:45,808 [WARN] PackLoader:240 - Cannot read IP mode file for STMicroelectronics.FP-SNS-FLIGHT1.5.0.2
2023-10-15 09:30:45,814 [WARN] PackLoader:240 - Cannot read IP mode file for STMicroelectronics.X-CUBE-DISPLAY.3.0.0
2023-10-15 09:30:45,822 [WARN] PackLoader:240 - Cannot read IP mode file for STMicroelectronics.X-CUBE-BLE1.7.0.0
2023-10-15 09:30:45,825 [WARN] PackLoader:240 - Cannot read IP mode file for emotas.I-CUBE-CANOPEN.1.3.0
2023-10-15 09:30:45,829 [WARN] PackLoader:240 - Cannot read IP mode file for STMicroelectronics.X-CUBE-TOUCHGFX.4.22.0
2023-10-15 09:30:45,831 [WARN] PackLoader:240 - Cannot read IP mode file for STMicroelectronics.X-CUBE-TOUCHGFX.4.22.1
2023-10-15 09:30:45,834 [WARN] PackLoader:240 - Cannot read IP mode file for STMicroelectronics.FP-SNS-SMARTAG2.1.2.0
2023-10-15 09:30:45,841 [INFO] LogOutputStream:77 - [STDOUT_REDIRECT] 1 : Invalid condition id : UX_CORESTACK_Condition cause : null
2023-10-15 09:30:45,841 [INFO] LogOutputStream:77 - [STDOUT_REDIRECT] 1 : Invalid condition id : UX_CORESTACK_Condition cause : null
2023-10-15 09:30:45,842 [INFO] LogOutputStream:77 - [STDOUT_REDIRECT] 1 : Invalid condition id : UX_CORESTACK_Condition cause : null
2023-10-15 09:30:45,843 [INFO] LogOutputStream:77 - [STDOUT_REDIRECT] 1 : Invalid condition id : UX_CORESTACK_Condition cause : null
2023-10-15 09:30:45,844 [INFO] LogOutputStream:77 - [STDOUT_REDIRECT] 1 : Invalid condition id : UX_CORESTACK_Condition cause : null
2023-10-15 09:30:45,847 [WARN] PackLoader:240 - Cannot read IP mode file for STMicroelectronics.X-CUBE-AZRTOS-WL.2.0.0
2023-10-15 09:30:45,856 [WARN] PackLoader:240 - Cannot read IP mode file for WES.I-CUBE-Cesium.1.3.0
2023-10-15 09:30:45,859 [WARN] PackLoader:240 - Cannot read IP mode file for STMicroelectronics.X-CUBE-BLE2.3.3.0
2023-10-15 09:30:45,864 [WARN] PackLoader:240 - Cannot read IP mode file for STMicroelectronics.X-CUBE-ALGOBUILD.1.3.0
2023-10-15 09:30:45,873 [WARN] PackLoader:240 - Cannot read IP mode file for STMicroelectronics.X-CUBE-AZRTOS-G0.1.1.0
2023-10-15 09:30:45,879 [WARN] PackLoader:240 - Cannot read IP mode file for STMicroelectronics.X-CUBE-NFC4.3.0.0
2023-10-15 09:30:45,939 [WARN] PackLoader:240 - Cannot read IP mode file for STMicroelectronics.FP-ATR-SIGFOX1.3.2.0
2023-10-15 09:30:45,955 [WARN] PackLoader:240 - Cannot read IP mode file for SEGGER.I-CUBE-embOS.1.3.1
2023-10-15 09:30:45,980 [WARN] PackLoader:240 - Cannot read IP mode file for STMicroelectronics.X-CUBE-GNSS1.6.0.0
2023-10-15 09:30:45,989 [WARN] PackLoader:240 - Cannot read IP mode file for STMicroelectronics.X-CUBE-AZRTOS-F4.1.1.0
2023-10-15 09:30:45,993 [WARN] PackLoader:240 - Cannot read IP mode file for wolfSSL.I-CUBE-wolfSSL.5.6.3
2023-10-15 09:30:46,001 [WARN] PackLoader:240 - Cannot read IP mode file for STMicroelectronics.X-CUBE-AZRTOS-L5.2.0.0
2023-10-15 09:30:46,022 [WARN] PackLoader:240 - Cannot read IP mode file for STMicroelectronics.X-CUBE-MEMS1.9.6.0
2023-10-15 09:30:46,124 [WARN] PackLoader:240 - Cannot read IP mode file for ITTIA_DB.I-CUBE-ITTIADB.8.8.0
2023-10-15 09:30:46,131 [WARN] PackLoader:240 - Cannot read IP mode file for STMicroelectronics.X-CUBE-BLEMGR.2.0.0
2023-10-15 09:30:46,143 [WARN] ConditionMgr:438 - getConditionDescription Invalid condition id : UX DEVICE CLASS RTOS Condition cause : null
2023-10-15 09:30:46,144 [WARN] ConditionMgr:438 - getConditionDescription Invalid condition id : UX DEVICE CLASS RTOS Condition cause : null
2023-10-15 09:30:46,146 [WARN] PackLoader:240 - Cannot read IP mode file for STMicroelectronics.X-CUBE-AZRTOS-H7.3.1.0
2023-10-15 09:30:46,147 [WARN] ConditionMgr:1039 - genDependencies : Invalid condition id : UX DEVICE CLASS RTOS Condition cause : null
2023-10-15 09:30:46,147 [WARN] ConditionMgr:1039 - genDependencies : Invalid condition id : UX DEVICE CLASS RTOS Condition cause : null
2023-10-15 09:30:46,147 [WARN] ConditionMgr:1039 - genDependencies : Invalid condition id : UX DEVICE CLASS RTOS Condition cause : null
2023-10-15 09:30:46,147 [WARN] ConditionMgr:1039 - genDependencies : Invalid condition id : UX DEVICE CLASS RTOS Condition cause : null
2023-10-15 09:30:46,147 [WARN] ConditionMgr:1039 - genDependencies : Invalid condition id : UX DEVICE CLASS RTOS Condition cause : null
2023-10-15 09:30:46,152 [WARN] PackLoader:240 - Cannot read IP mode file for STMicroelectronics.X-CUBE-NFC7.1.0.1
2023-10-15 09:30:46,158 [WARN] PackLoader:240 - Cannot read IP mode file for STMicroelectronics.X-CUBE-NFC6.3.0.0
2023-10-15 09:30:46,163 [WARN] PackLoader:240 - Cannot read IP mode file for STMicroelectronics.X-CUBE-EEPRMA1.4.1.0
2023-10-15 09:30:46,166 [WARN] PackLoader:240 - Cannot read IP mode file for STMicroelectronics.X-CUBE-AI.8.1.0
2023-10-15 09:30:46,175 [WARN] ConditionMgr:438 - getConditionDescription Invalid condition id : LAN8742 Phy interface Condition cause : null
2023-10-15 09:30:46,175 [WARN] PackLoader:240 - Cannot read IP mode file for STMicroelectronics.X-CUBE-AZRTOS-L4.2.0.0
2023-10-15 09:30:46,176 [WARN] ConditionMgr:1039 - genDependencies : Invalid condition id : LAN8742 Phy interface Condition cause : null
2023-10-15 09:30:46,176 [WARN] ConditionMgr:1039 - genDependencies : Invalid condition id : LAN8742 Phy interface Condition cause : null
2023-10-15 09:30:46,176 [WARN] ConditionMgr:1039 - genDependencies : Invalid condition id : LAN8742 Phy interface Condition cause : null
2023-10-15 09:30:46,181 [WARN] PackLoader:240 - Cannot read IP mode file for STMicroelectronics.X-CUBE-SFXS2LP1.4.0.0
2023-10-15 09:30:46,185 [WARN] PackLoader:240 - Cannot read IP mode file for STMicroelectronics.X-CUBE-ISPU.1.1.0
2023-10-15 09:30:46,206 [WARN] ConditionMgr:438 - getConditionDescription Invalid condition id : UX DEVICE CLASS RTOS Condition cause : null
2023-10-15 09:30:46,207 [WARN] ConditionMgr:438 - getConditionDescription Invalid condition id : UX DEVICE CLASS RTOS Condition cause : null
2023-10-15 09:30:46,208 [WARN] PackLoader:240 - Cannot read IP mode file for STMicroelectronics.X-CUBE-AZRTOS-WB.2.0.0
2023-10-15 09:30:46,208 [WARN] ConditionMgr:1039 - genDependencies : Invalid condition id : UX DEVICE CLASS RTOS Condition cause : null
2023-10-15 09:30:46,208 [WARN] ConditionMgr:1039 - genDependencies : Invalid condition id : UX DEVICE CLASS RTOS Condition cause : null
2023-10-15 09:30:46,208 [WARN] ConditionMgr:1039 - genDependencies : Invalid condition id : UX DEVICE CLASS RTOS Condition cause : null
2023-10-15 09:30:46,208 [WARN] ConditionMgr:1039 - genDependencies : Invalid condition id : UX DEVICE CLASS RTOS Condition cause : null
2023-10-15 09:30:46,208 [WARN] ConditionMgr:1039 - genDependencies : Invalid condition id : UX DEVICE CLASS RTOS Condition cause : null
2023-10-15 09:30:46,214 [WARN] PackLoader:240 - Cannot read IP mode file for STMicroelectronics.X-CUBE-SUBG2.5.0.0
2023-10-15 09:30:46,224 [WARN] PackLoader:240 - Cannot read IP mode file for STMicroelectronics.X-CUBE-TOF1.3.3.1
2023-10-15 09:30:46,235 [WARN] PackLoader:240 - Cannot read IP mode file for STMicroelectronics.X-CUBE-AZRTOS-G4.2.0.0
2023-10-15 09:30:46,243 [WARN] PackLoader:240 - Cannot read IP mode file for Infineon.AIROC-Wi-Fi-Bluetooth-STM32.1.5.1
2023-10-15 09:30:46,247 [WARN] PackLoader:240 - Cannot read IP mode file for STMicroelectronics.X-CUBE-FREERTOS.1.1.0
2023-10-15 09:30:46,250 [WARN] PackLoader:240 - Cannot read IP mode file for portGmbH.I-Cube-SoM-uGOAL.1.1.0
2023-10-15 09:30:46,253 [WARN] PackLoader:240 - Cannot read IP mode file for STMicroelectronics.X-CUBE-ALS.1.0.1
2023-10-15 09:30:46,256 [WARN] PackLoader:240 - Cannot read IP mode file for STMicroelectronics.FP-ATR-ASTRA1.2.0.0
2023-10-15 09:30:46,256 [INFO] ThirdParty:978 - Integrity check success = true
2023-10-15 09:30:46,257 [INFO] IntegrityCheckThread:100 - exiting critical section [integrity check]
2023-10-15 09:30:46,257 [INFO] IntegrityCheckThread:103 - End integrity checks thread
2023-10-15 09:31:04,253 [ERROR] LogOutputStream:75 - [STDERR_REDIRECT] SLF4J: Failed to load class "org.slf4j.impl.StaticLoggerBinder".
2023-10-15 09:31:04,254 [ERROR] LogOutputStream:75 - [STDERR_REDIRECT] SLF4J: Defaulting to no-operation (NOP) logger implementation
2023-10-15 09:31:04,254 [ERROR] LogOutputStream:75 - [STDERR_REDIRECT] SLF4J: See http://www.slf4j.org/codes.html#StaticLoggerBinder for further details.
