2023-10-19 19:03:38,076 [INFO] Activator:176 - 


2023-10-19 19:03:38,080 [INFO] Activator:177 - !SESSION log4j initialized
2023-10-19 19:03:42,960 [INFO] LogOutputStream:77 - [STDOUT_REDIRECT] 
2023-10-19 19:03:46,050 [INFO] ApplicationProperties:184 - Using Application install path: C:\ST\STM32CubeIDE_1.13.2\STM32CubeIDE\plugins\com.st.stm32cube.common.mx_6.9.2.202309101412
2023-10-19 19:03:46,064 [INFO] DbMcusXml:78 - Set database path to: C:\ST\STM32CubeIDE_1.13.2\STM32CubeIDE\plugins\com.st.stm32cube.common.mx_6.9.2.202309101412\\db\/mcu/
2023-10-19 19:03:46,064 [INFO] ApiDb:274 - Set plugin database path to: C:\ST\STM32CubeIDE_1.13.2\STM32CubeIDE\plugins\com.st.stm32cube.common.mx_6.9.2.202309101412\\db\/plugins/boardmanager/
2023-10-19 19:03:46,064 [WARN] ApiDb:259 - Overriding images path with different value:  => C:\ST\STM32CubeIDE_1.13.2\STM32CubeIDE\plugins\com.st.stm32cube.common.mx_6.9.2.202309101412\\db\/plugins/mcufinder/images/
2023-10-19 19:03:46,077 [INFO] ApiDb:250 - Set database path to: C:\Users\goneb\.stmcufinder\plugins\mcufinder//mcu/
2023-10-19 19:03:46,078 [INFO] DbMcusAds:125 - Set database path to: C:\Users\goneb\.stmcufinder\plugins\mcufinder//mcu/
2023-10-19 19:03:46,079 [INFO] CrossReferenceDbSqlite:203 - Set database path to: C:\Users\goneb\.stmcufinder\plugins\mcufinder//mcu/cs/
2023-10-19 19:03:46,154 [INFO] RulesReader:64 - Compatibility file has been processed (293 Rules)
2023-10-19 19:03:46,221 [INFO] DbMcusXml:78 - Set database path to: C:\ST\STM32CubeIDE_1.13.2\STM32CubeIDE\plugins\com.st.stm32cube.common.mx_6.9.2.202309101412\\db\/mcu/
2023-10-19 19:03:46,222 [INFO] ApiDb:274 - Set plugin database path to: C:\ST\STM32CubeIDE_1.13.2\STM32CubeIDE\plugins\com.st.stm32cube.common.mx_6.9.2.202309101412\\db\/plugins/boardmanager/
2023-10-19 19:03:46,222 [INFO] ApiDb:261 - Set plugin images path to: C:\ST\STM32CubeIDE_1.13.2\STM32CubeIDE\plugins\com.st.stm32cube.common.mx_6.9.2.202309101412\\db\/plugins/mcufinder/images/
2023-10-19 19:03:46,222 [WARN] DbFile:41 - Overriding database path with different value: C:\Users\goneb\.stmcufinder\plugins\mcufinder/ => C:\Users\goneb\.stmcufinder\plugins\mcufinder
2023-10-19 19:03:46,222 [INFO] ApiDb:250 - Set database path to: C:\Users\goneb\.stmcufinder\plugins\mcufinder//mcu/
2023-10-19 19:03:46,222 [WARN] DbFile:41 - Overriding database path with different value: C:\Users\goneb\.stmcufinder\plugins\mcufinder/ => C:\Users\goneb\.stmcufinder\plugins\mcufinder
2023-10-19 19:03:46,222 [INFO] DbMcusAds:125 - Set database path to: C:\Users\goneb\.stmcufinder\plugins\mcufinder//mcu/
2023-10-19 19:03:46,222 [WARN] DbFile:41 - Overriding database path with different value: C:\Users\goneb\.stmcufinder\plugins\mcufinder/ => C:\Users\goneb\.stmcufinder\plugins\mcufinder
2023-10-19 19:03:46,222 [WARN] DbFile:41 - Overriding database path with different value: C:\Users\goneb\.stmcufinder\plugins\mcufinder/ => C:\Users\goneb\.stmcufinder\plugins\mcufinder
2023-10-19 19:03:46,222 [INFO] CrossReferenceDbSqlite:203 - Set database path to: C:\Users\goneb\.stmcufinder\plugins\mcufinder//mcu/cs/
2023-10-19 19:03:46,283 [INFO] MainPanel:262 - HeapMemory: 268435456
2023-10-19 19:03:46,359 [INFO] DbMcusXml:78 - Set database path to: C:\ST\STM32CubeIDE_1.13.2\STM32CubeIDE\plugins\com.st.stm32cube.common.mx_6.9.2.202309101412\\db\/mcu/
2023-10-19 19:03:46,360 [INFO] ApiDb:274 - Set plugin database path to: C:\ST\STM32CubeIDE_1.13.2\STM32CubeIDE\plugins\com.st.stm32cube.common.mx_6.9.2.202309101412\\db\/plugins/boardmanager/
2023-10-19 19:03:46,360 [INFO] ApiDb:261 - Set plugin images path to: C:\ST\STM32CubeIDE_1.13.2\STM32CubeIDE\plugins\com.st.stm32cube.common.mx_6.9.2.202309101412\\db\/plugins/mcufinder/images/
2023-10-19 19:03:46,360 [WARN] DbFile:41 - Overriding database path with different value: C:\Users\goneb\.stmcufinder\plugins\mcufinder/ => C:\Users\goneb\.stmcufinder\plugins\mcufinder
2023-10-19 19:03:46,360 [INFO] ApiDb:250 - Set database path to: C:\Users\goneb\.stmcufinder\plugins\mcufinder//mcu/
2023-10-19 19:03:46,360 [WARN] DbFile:41 - Overriding database path with different value: C:\Users\goneb\.stmcufinder\plugins\mcufinder/ => C:\Users\goneb\.stmcufinder\plugins\mcufinder
2023-10-19 19:03:46,360 [INFO] DbMcusAds:125 - Set database path to: C:\Users\goneb\.stmcufinder\plugins\mcufinder//mcu/
2023-10-19 19:03:46,360 [WARN] DbFile:41 - Overriding database path with different value: C:\Users\goneb\.stmcufinder\plugins\mcufinder/ => C:\Users\goneb\.stmcufinder\plugins\mcufinder
2023-10-19 19:03:46,360 [WARN] DbFile:41 - Overriding database path with different value: C:\Users\goneb\.stmcufinder\plugins\mcufinder/ => C:\Users\goneb\.stmcufinder\plugins\mcufinder
2023-10-19 19:03:46,360 [INFO] CrossReferenceDbSqlite:203 - Set database path to: C:\Users\goneb\.stmcufinder\plugins\mcufinder//mcu/cs/
2023-10-19 19:03:46,375 [INFO] ApplicationProperties:184 - Using Application install path: C:\ST\STM32CubeIDE_1.13.2\STM32CubeIDE\plugins\com.st.stm32cube.common.mx_6.9.2.202309101412
2023-10-19 19:03:46,376 [INFO] PluginManage:196 - Search for loadable plugins [exclusion list=, ]
2023-10-19 19:03:46,377 [INFO] PluginManage:310 - Check plugin analytics
2023-10-19 19:03:46,489 [INFO] AnalyticsPlugin:253 - Accepted Software Licenses: STM32CubeMX.6.9.2
2023-10-19 19:03:46,489 [INFO] AnalyticsPlugin:255 - Accepted CMSIS Pack Licenses: STMicroelectronics.X-CUBE-NFC4.3.0.0
2023-10-19 19:03:46,489 [INFO] AnalyticsPlugin:257 - Accepted Firmware Licenses: FW.L4.1.18.0
2023-10-19 19:03:46,491 [INFO] PluginManage:359 - Loaded plugin analytics (category:tool,tabindex:-1)
2023-10-19 19:03:46,492 [INFO] PluginManage:310 - Check plugin cadmodel
2023-10-19 19:03:46,507 [INFO] CADModel:105 - Init CAD model plugin
2023-10-19 19:03:46,507 [INFO] PluginManage:359 - Loaded plugin cadmodel (category:power,tabindex:5)
2023-10-19 19:03:46,507 [INFO] PluginManage:310 - Check plugin clock
2023-10-19 19:03:46,523 [INFO] PluginManage:359 - Loaded plugin clock (category:base,tabindex:2)
2023-10-19 19:03:46,523 [INFO] PluginManage:310 - Check plugin ddr
2023-10-19 19:03:46,525 [INFO] PluginManage:359 - Loaded plugin ddr (category:tool,tabindex:6)
2023-10-19 19:03:46,525 [INFO] PluginManage:310 - Check plugin filemanager
2023-10-19 19:03:46,625 [INFO] PluginManage:359 - Loaded plugin filemanager (category:base,tabindex:10)
2023-10-19 19:03:46,625 [INFO] PluginManage:310 - Check plugin ipmanager
2023-10-19 19:03:46,637 [INFO] PluginManage:359 - Loaded plugin ipmanager (category:base,tabindex:5)
2023-10-19 19:03:46,637 [INFO] PluginManage:310 - Check plugin lpbam
2023-10-19 19:03:46,650 [INFO] PluginManage:359 - Loaded plugin lpbam (category:base,tabindex:0)
2023-10-19 19:03:46,650 [INFO] PluginManage:310 - Check plugin memorymap
2023-10-19 19:03:46,667 [INFO] PluginManage:359 - Loaded plugin memorymap (category:base,tabindex:4)
2023-10-19 19:03:46,667 [INFO] PluginManage:310 - Check plugin pinoutandconfiguration
2023-10-19 19:03:46,679 [INFO] PluginManage:359 - Loaded plugin pinoutandconfiguration (category:base,tabindex:1)
2023-10-19 19:03:46,680 [INFO] PluginManage:310 - Check plugin pinoutconfig
2023-10-19 19:03:46,745 [WARN] SupportedApi:132 - Cannot load RTOS API schema: s4s-elt-must-match.1: The content of 'definitions' must match (annotation?, (simpleType | complexType)?, (unique | key | keyref)*)). A problem was found starting at: attribute.
2023-10-19 19:03:46,843 [INFO] PluginManage:359 - Loaded plugin pinoutconfig (category:base,tabindex:0)
2023-10-19 19:03:46,843 [INFO] PluginManage:310 - Check plugin power
2023-10-19 19:03:46,861 [INFO] PluginManage:359 - Loaded plugin power (category:power,tabindex:4)
2023-10-19 19:03:46,861 [INFO] PluginManage:310 - Check plugin projectmanager
2023-10-19 19:03:46,870 [INFO] PluginManage:359 - Loaded plugin projectmanager (category:projectmanager,tabindex:3)
2023-10-19 19:03:46,870 [INFO] PluginManage:310 - Check plugin thirdparty
2023-10-19 19:03:47,063 [INFO] PluginManage:359 - Loaded plugin thirdparty (category:base,tabindex:-1)
2023-10-19 19:03:47,063 [INFO] PluginManage:310 - Check plugin tools
2023-10-19 19:03:47,063 [WARN] IntegrityCheckThread:84 - waiting for thirdparty lock release [integrity check]
2023-10-19 19:03:47,064 [INFO] IntegrityCheckThread:86 - entering critical section [integrity check]
2023-10-19 19:03:47,064 [INFO] ThirdPartyUpdaterWithRetryManager:70 - Updater plugin not ready yet. [1/15]
2023-10-19 19:03:47,089 [INFO] PluginManage:359 - Loaded plugin tools (category:base,tabindex:7)
2023-10-19 19:03:47,089 [INFO] PluginManage:310 - Check plugin tutovideos
2023-10-19 19:03:47,227 [INFO] PluginManage:359 - Loaded plugin tutovideos (category:base,tabindex:-1)
2023-10-19 19:03:47,227 [INFO] PluginManage:310 - Check plugin updater
2023-10-19 19:03:47,236 [INFO] PluginManage:359 - Loaded plugin updater (category:base,tabindex:12)
2023-10-19 19:03:47,236 [INFO] PluginManage:310 - Check plugin userauth
2023-10-19 19:03:47,240 [INFO] UserAuth:113 - Init User Auth plugin
2023-10-19 19:03:47,240 [INFO] PluginManage:359 - Loaded plugin userauth (category:base,tabindex:14)
2023-10-19 19:03:47,240 [INFO] PluginManage:283 - PluginManage : Loaded plugins [17]
2023-10-19 19:03:47,405 [INFO] PinOutPanel:1499 - setPackage(No Configuration,No Configuration)
2023-10-19 19:03:47,487 [INFO] CADModel:165 - CPN selected for project level
2023-10-19 19:03:47,487 [INFO] CADModel:114 - Register for checkConnection events
2023-10-19 19:03:47,508 [INFO] IPUIPlugin:80 - create IPUIPlugin
2023-10-19 19:03:47,508 [INFO] PluginManager:220 - loadIPPluginJar : add adc
2023-10-19 19:03:47,534 [INFO] IPUIPlugin:80 - create IPUIPlugin
2023-10-19 19:03:47,535 [INFO] PluginManager:220 - loadIPPluginJar : add aes
2023-10-19 19:03:47,563 [INFO] IPUIPlugin:80 - create IPUIPlugin
2023-10-19 19:03:47,563 [INFO] PluginManager:220 - loadIPPluginJar : add can
2023-10-19 19:03:47,579 [INFO] IPUIPlugin:80 - create IPUIPlugin
2023-10-19 19:03:47,579 [INFO] PluginManager:220 - loadIPPluginJar : add comp
2023-10-19 19:03:47,602 [INFO] IPUIPlugin:80 - create IPUIPlugin
2023-10-19 19:03:47,602 [INFO] PluginManager:220 - loadIPPluginJar : add cryp
2023-10-19 19:03:47,622 [INFO] IPUIPlugin:80 - create IPUIPlugin
2023-10-19 19:03:47,622 [INFO] PluginManager:220 - loadIPPluginJar : add dfsdm
2023-10-19 19:03:47,632 [INFO] IPUIPlugin:80 - create IPUIPlugin
2023-10-19 19:03:47,632 [INFO] PluginManager:220 - loadIPPluginJar : add dma
2023-10-19 19:03:47,661 [INFO] IPUIPlugin:80 - create IPUIPlugin
2023-10-19 19:03:47,661 [INFO] PluginManager:220 - loadIPPluginJar : add dma3
2023-10-19 19:03:47,675 [INFO] IPUIPlugin:80 - create IPUIPlugin
2023-10-19 19:03:47,675 [INFO] PluginManager:220 - loadIPPluginJar : add fatfs
2023-10-19 19:03:47,706 [INFO] IPUIPlugin:80 - create IPUIPlugin
2023-10-19 19:03:47,706 [INFO] PluginManager:220 - loadIPPluginJar : add fmc
2023-10-19 19:03:47,717 [INFO] IPUIPlugin:80 - create IPUIPlugin
2023-10-19 19:03:47,718 [INFO] PluginManager:220 - loadIPPluginJar : add freertos
2023-10-19 19:03:47,733 [INFO] IPUIPlugin:80 - create IPUIPlugin
2023-10-19 19:03:47,733 [INFO] PluginManager:220 - loadIPPluginJar : add genericplugin
2023-10-19 19:03:47,792 [INFO] IPUIPlugin:80 - create IPUIPlugin
2023-10-19 19:03:47,792 [INFO] PluginManager:220 - loadIPPluginJar : add gfxmmu
2023-10-19 19:03:47,874 [INFO] IPUIPlugin:80 - create IPUIPlugin
2023-10-19 19:03:47,874 [INFO] PluginManager:220 - loadIPPluginJar : add gic
2023-10-19 19:03:47,885 [INFO] IPUIPlugin:80 - create IPUIPlugin
2023-10-19 19:03:47,885 [INFO] PluginManager:220 - loadIPPluginJar : add gpio
2023-10-19 19:03:47,943 [INFO] IPUIPlugin:80 - create IPUIPlugin
2023-10-19 19:03:47,943 [INFO] PluginManager:220 - loadIPPluginJar : add gtzc
2023-10-19 19:03:47,964 [INFO] IPUIPlugin:80 - create IPUIPlugin
2023-10-19 19:03:47,964 [INFO] PluginManager:220 - loadIPPluginJar : add hash
2023-10-19 19:03:47,998 [INFO] IPUIPlugin:80 - create IPUIPlugin
2023-10-19 19:03:47,998 [INFO] PluginManager:220 - loadIPPluginJar : add i2c
2023-10-19 19:03:48,024 [INFO] IPUIPlugin:80 - create IPUIPlugin
2023-10-19 19:03:48,025 [INFO] PluginManager:220 - loadIPPluginJar : add i2s
2023-10-19 19:03:48,052 [INFO] IPUIPlugin:80 - create IPUIPlugin
2023-10-19 19:03:48,052 [INFO] PluginManager:220 - loadIPPluginJar : add i3c
2023-10-19 19:03:48,120 [INFO] IPUIPlugin:80 - create IPUIPlugin
2023-10-19 19:03:48,120 [INFO] PluginManager:220 - loadIPPluginJar : add ipddr
2023-10-19 19:03:48,186 [INFO] IPUIPlugin:80 - create IPUIPlugin
2023-10-19 19:03:48,186 [INFO] PluginManager:220 - loadIPPluginJar : add linkedlist
2023-10-19 19:03:48,210 [INFO] IPUIPlugin:80 - create IPUIPlugin
2023-10-19 19:03:48,210 [INFO] PluginManager:220 - loadIPPluginJar : add lorawan
2023-10-19 19:03:48,234 [INFO] IPUIPlugin:80 - create IPUIPlugin
2023-10-19 19:03:48,234 [INFO] PluginManager:220 - loadIPPluginJar : add ltdc
2023-10-19 19:03:48,246 [INFO] IPUIPlugin:80 - create IPUIPlugin
2023-10-19 19:03:48,246 [INFO] PluginManager:220 - loadIPPluginJar : add mdma
2023-10-19 19:03:48,255 [INFO] IPUIPlugin:80 - create IPUIPlugin
2023-10-19 19:03:48,255 [INFO] PluginManager:220 - loadIPPluginJar : add nvic
2023-10-19 19:03:48,279 [INFO] IPUIPlugin:80 - create IPUIPlugin
2023-10-19 19:03:48,279 [INFO] PluginManager:220 - loadIPPluginJar : add opamp
2023-10-19 19:03:48,318 [INFO] IPUIPlugin:80 - create IPUIPlugin
2023-10-19 19:03:48,318 [INFO] PluginManager:220 - loadIPPluginJar : add openamp
2023-10-19 19:03:48,347 [INFO] IPUIPlugin:80 - create IPUIPlugin
2023-10-19 19:03:48,347 [INFO] PluginManager:220 - loadIPPluginJar : add pdm2pcm
2023-10-19 19:03:48,358 [INFO] IPUIPlugin:80 - create IPUIPlugin
2023-10-19 19:03:48,359 [INFO] PluginManager:220 - loadIPPluginJar : add plateformsettings
2023-10-19 19:03:48,375 [INFO] IPUIPlugin:80 - create IPUIPlugin
2023-10-19 19:03:48,375 [INFO] PluginManager:220 - loadIPPluginJar : add quadspi
2023-10-19 19:03:48,384 [INFO] IPUIPlugin:80 - create IPUIPlugin
2023-10-19 19:03:48,384 [INFO] PluginManager:220 - loadIPPluginJar : add resmgrutility
2023-10-19 19:03:48,416 [INFO] IPUIPlugin:80 - create IPUIPlugin
2023-10-19 19:03:48,416 [INFO] PluginManager:220 - loadIPPluginJar : add sai
2023-10-19 19:03:48,441 [INFO] IPUIPlugin:80 - create IPUIPlugin
2023-10-19 19:03:48,441 [INFO] PluginManager:220 - loadIPPluginJar : add spi
2023-10-19 19:03:48,478 [INFO] IPUIPlugin:80 - create IPUIPlugin
2023-10-19 19:03:48,478 [INFO] PluginManager:220 - loadIPPluginJar : add stm32_wpan
2023-10-19 19:03:48,494 [INFO] IPUIPlugin:80 - create IPUIPlugin
2023-10-19 19:03:48,494 [INFO] PluginManager:220 - loadIPPluginJar : add tim
2023-10-19 19:03:48,529 [INFO] IPUIPlugin:80 - create IPUIPlugin
2023-10-19 19:03:48,529 [INFO] PluginManager:220 - loadIPPluginJar : add touchsensing
2023-10-19 19:03:48,545 [INFO] IPUIPlugin:80 - create IPUIPlugin
2023-10-19 19:03:48,545 [INFO] PluginManager:220 - loadIPPluginJar : add tracer_emb
2023-10-19 19:03:48,561 [INFO] IPUIPlugin:80 - create IPUIPlugin
2023-10-19 19:03:48,561 [INFO] PluginManager:220 - loadIPPluginJar : add ts
2023-10-19 19:03:48,576 [INFO] IPUIPlugin:80 - create IPUIPlugin
2023-10-19 19:03:48,576 [INFO] PluginManager:220 - loadIPPluginJar : add tsc
2023-10-19 19:03:48,591 [INFO] IPUIPlugin:80 - create IPUIPlugin
2023-10-19 19:03:48,591 [INFO] PluginManager:220 - loadIPPluginJar : add ucpd
2023-10-19 19:03:48,620 [INFO] IPUIPlugin:80 - create IPUIPlugin
2023-10-19 19:03:48,620 [INFO] PluginManager:220 - loadIPPluginJar : add usart
2023-10-19 19:03:48,648 [INFO] IPUIPlugin:80 - create IPUIPlugin
2023-10-19 19:03:48,648 [INFO] PluginManager:220 - loadIPPluginJar : add usbx
2023-10-19 19:03:48,753 [INFO] CADModel:165 - CPN selected for project level
2023-10-19 19:03:48,753 [INFO] CADModel:114 - Register for checkConnection events
2023-10-19 19:03:48,753 [FATAL] Updater:308 - Updater called before beeing initialized
2023-10-19 19:03:48,753 [ERROR] CADModel:125 - Updater not yet initialized, retry later 
2023-10-19 19:03:48,860 [INFO] CADModel:165 - CPN selected for project level
2023-10-19 19:03:48,860 [INFO] CADModel:114 - Register for checkConnection events
2023-10-19 19:03:48,860 [FATAL] Updater:308 - Updater called before beeing initialized
2023-10-19 19:03:48,860 [ERROR] CADModel:125 - Updater not yet initialized, retry later 
2023-10-19 19:03:48,863 [FATAL] Updater:308 - Updater called before beeing initialized
2023-10-19 19:03:48,928 [FATAL] Updater:308 - Updater called before beeing initialized
2023-10-19 19:03:48,937 [INFO] DbMcusAds:53 - JSON generation date=Tue Mar 07 00:50:55 PST 2023 (1678179055114)
2023-10-19 19:03:48,937 [FATAL] Updater:308 - Updater called before beeing initialized
2023-10-19 19:03:49,002 [WARN] DetailPanel:346 - Failed to get advertising image, set to default
2023-10-19 19:03:49,076 [FATAL] Updater:308 - Updater called before beeing initialized
2023-10-19 19:03:49,077 [FATAL] Updater:308 - Updater called before beeing initialized
2023-10-19 19:03:49,077 [FATAL] Updater:308 - Updater called before beeing initialized
2023-10-19 19:03:49,078 [WARN] DetailPanel:346 - Failed to get advertising image, set to default
2023-10-19 19:03:49,078 [FATAL] Updater:308 - Updater called before beeing initialized
2023-10-19 19:03:49,117 [ERROR] Updater:1120 - MainUpdater not yet initialized. External WinMGr cannot be set.
2023-10-19 19:03:49,124 [INFO] Updater:1056 - Updater Version found : 6.9.2
2023-10-19 19:03:49,139 [INFO] ApplicationProperties:184 - Using Application install path: C:\ST\STM32CubeIDE_1.13.2\STM32CubeIDE\plugins\com.st.stm32cube.common.mx_6.9.2.202309101412
2023-10-19 19:03:49,269 [INFO] MainUpdater:2868 - connection check result : 10
2023-10-19 19:03:49,269 [INFO] MainUpdater:3562 - Updater definition file requires update
2023-10-19 19:03:49,270 [INFO] MainUpdater:285 - Updater Check For Update Now.
2023-10-19 19:03:49,270 [INFO] MicroXplorer:498 - Change Database Version : DB.6.0.92
2023-10-19 19:03:49,284 [INFO] McuFinderGlobals:63 - Set McuFinder mode to 2 (CubeIDE integrated)
2023-10-19 19:03:49,320 [INFO] ServerAccessManage:473 - Download File updaters.zip
2023-10-19 19:03:49,371 [INFO] FileExtend:240 - Unzip File : updaters.zip
2023-10-19 19:03:49,372 [INFO] FileExtend:255 - Standard Zip Deflate
2023-10-19 19:03:49,695 [INFO] ServerAccessManage:473 - Download File PacksControlFlags.xml
2023-10-19 19:03:49,788 [INFO] ServerAccessManage:473 - Download File cubemx.pidx
2023-10-19 19:03:50,065 [WARN] MainUpdater:1189 - Updater busy. Cannot search thirdparties
2023-10-19 19:03:50,065 [INFO] ThirdPartyUpdaterWithRetryManager:96 - Updater plugin is busy. [1/15]
2023-10-19 19:03:50,400 [INFO] ServerAccessManage:473 - Download File STMicroelectronics.X-CUBE-MEMS1.pdsc
2023-10-19 19:03:52,153 [ERROR] ServerAccessManage:1096 - Problem, Http access forbiden
2023-10-19 19:03:52,154 [ERROR] ServerAccessManage:651 - Problem, Http access forbiden : RoweBots.I-CUBE-UNISONRTOS.pdsc.
2023-10-19 19:03:52,330 [WARN] PackLoader:240 - Cannot read IP mode file for STMicroelectronics.X-CUBE-MEMS1.10.0.0
2023-10-19 19:03:52,396 [INFO] CheckServerUpdateThread:120 - End of CheckServer Thread
2023-10-19 19:03:52,419 [INFO] PopulateThirdPartyThread:66 - Ending populate Thread
2023-10-19 19:03:52,421 [INFO] ThirdParty:1030 - CMSIS Pack Vendor :STMicroelectronics X-CUBE-MEMS1 10.0.0
2023-10-19 19:03:52,421 [INFO] LoadServerUpdatesThread:373 - End of LoadServerUpdate Thread
2023-10-19 19:03:53,222 [WARN] PackLoader:240 - Cannot read IP mode file for STMicroelectronics.X-CUBE-SMBUS.2.1.0
2023-10-19 19:03:53,245 [WARN] PackLoader:240 - Cannot read IP mode file for STMicroelectronics.X-CUBE-AZRTOS-F7.1.1.0
2023-10-19 19:03:53,259 [WARN] PackLoader:240 - Cannot read IP mode file for STMicroelectronics.FP-SNS-MOTENV1.4.3.2
2023-10-19 19:03:53,264 [WARN] PackLoader:240 - Cannot read IP mode file for STMicroelectronics.FP-SNS-FLIGHT1.5.0.2
2023-10-19 19:03:53,276 [WARN] PackLoader:240 - Cannot read IP mode file for STMicroelectronics.X-CUBE-DISPLAY.3.0.0
2023-10-19 19:03:53,288 [WARN] PackLoader:240 - Cannot read IP mode file for STMicroelectronics.X-CUBE-BLE1.7.0.0
2023-10-19 19:03:53,298 [WARN] PackLoader:240 - Cannot read IP mode file for emotas.I-CUBE-CANOPEN.1.3.0
2023-10-19 19:03:53,308 [WARN] PackLoader:240 - Cannot read IP mode file for STMicroelectronics.X-CUBE-TOUCHGFX.4.22.0
2023-10-19 19:03:53,315 [WARN] PackLoader:240 - Cannot read IP mode file for STMicroelectronics.X-CUBE-TOUCHGFX.4.22.1
2023-10-19 19:03:53,324 [WARN] PackLoader:240 - Cannot read IP mode file for STMicroelectronics.FP-SNS-SMARTAG2.1.2.0
2023-10-19 19:03:53,338 [INFO] LogOutputStream:77 - [STDOUT_REDIRECT] 1 : Invalid condition id : UX_CORESTACK_Condition cause : null
2023-10-19 19:03:53,338 [INFO] LogOutputStream:77 - [STDOUT_REDIRECT] 1 : Invalid condition id : UX_CORESTACK_Condition cause : null
2023-10-19 19:03:53,339 [INFO] LogOutputStream:77 - [STDOUT_REDIRECT] 1 : Invalid condition id : UX_CORESTACK_Condition cause : null
2023-10-19 19:03:53,340 [INFO] LogOutputStream:77 - [STDOUT_REDIRECT] 1 : Invalid condition id : UX_CORESTACK_Condition cause : null
2023-10-19 19:03:53,340 [INFO] LogOutputStream:77 - [STDOUT_REDIRECT] 1 : Invalid condition id : UX_CORESTACK_Condition cause : null
2023-10-19 19:03:53,342 [WARN] PackLoader:240 - Cannot read IP mode file for STMicroelectronics.X-CUBE-AZRTOS-WL.2.0.0
2023-10-19 19:03:53,352 [WARN] PackLoader:240 - Cannot read IP mode file for WES.I-CUBE-Cesium.1.3.0
2023-10-19 19:03:53,360 [WARN] PackLoader:240 - Cannot read IP mode file for STMicroelectronics.X-CUBE-BLE2.3.3.0
2023-10-19 19:03:53,368 [WARN] PackLoader:240 - Cannot read IP mode file for STMicroelectronics.X-CUBE-ALGOBUILD.1.3.0
2023-10-19 19:03:53,387 [WARN] PackLoader:240 - Cannot read IP mode file for STMicroelectronics.X-CUBE-AZRTOS-G0.1.1.0
2023-10-19 19:03:53,401 [WARN] PackLoader:240 - Cannot read IP mode file for STMicroelectronics.X-CUBE-NFC4.3.0.0
2023-10-19 19:03:53,446 [WARN] PackLoader:240 - Cannot read IP mode file for STMicroelectronics.FP-ATR-SIGFOX1.3.2.0
2023-10-19 19:03:53,468 [WARN] PackLoader:240 - Cannot read IP mode file for SEGGER.I-CUBE-embOS.1.3.1
2023-10-19 19:03:53,492 [WARN] PackLoader:240 - Cannot read IP mode file for STMicroelectronics.X-CUBE-GNSS1.6.0.0
2023-10-19 19:03:53,513 [WARN] PackLoader:240 - Cannot read IP mode file for STMicroelectronics.X-CUBE-AZRTOS-F4.1.1.0
2023-10-19 19:03:53,527 [WARN] PackLoader:240 - Cannot read IP mode file for wolfSSL.I-CUBE-wolfSSL.5.6.3
2023-10-19 19:03:53,547 [WARN] PackLoader:240 - Cannot read IP mode file for STMicroelectronics.X-CUBE-AZRTOS-L5.2.0.0
2023-10-19 19:03:53,583 [WARN] PackLoader:240 - Cannot read IP mode file for STMicroelectronics.X-CUBE-MEMS1.9.6.0
2023-10-19 19:03:53,645 [WARN] PackLoader:240 - Cannot read IP mode file for ITTIA_DB.I-CUBE-ITTIADB.8.8.0
2023-10-19 19:03:53,656 [WARN] PackLoader:240 - Cannot read IP mode file for STMicroelectronics.X-CUBE-BLEMGR.2.0.0
2023-10-19 19:03:53,677 [WARN] ConditionMgr:438 - getConditionDescription Invalid condition id : UX DEVICE CLASS RTOS Condition cause : null
2023-10-19 19:03:53,677 [WARN] ConditionMgr:438 - getConditionDescription Invalid condition id : UX DEVICE CLASS RTOS Condition cause : null
2023-10-19 19:03:53,679 [WARN] PackLoader:240 - Cannot read IP mode file for STMicroelectronics.X-CUBE-AZRTOS-H7.3.1.0
2023-10-19 19:03:53,679 [WARN] ConditionMgr:1039 - genDependencies : Invalid condition id : UX DEVICE CLASS RTOS Condition cause : null
2023-10-19 19:03:53,679 [WARN] ConditionMgr:1039 - genDependencies : Invalid condition id : UX DEVICE CLASS RTOS Condition cause : null
2023-10-19 19:03:53,679 [WARN] ConditionMgr:1039 - genDependencies : Invalid condition id : UX DEVICE CLASS RTOS Condition cause : null
2023-10-19 19:03:53,680 [WARN] ConditionMgr:1039 - genDependencies : Invalid condition id : UX DEVICE CLASS RTOS Condition cause : null
2023-10-19 19:03:53,680 [WARN] ConditionMgr:1039 - genDependencies : Invalid condition id : UX DEVICE CLASS RTOS Condition cause : null
2023-10-19 19:03:53,690 [WARN] PackLoader:240 - Cannot read IP mode file for STMicroelectronics.X-CUBE-NFC7.1.0.1
2023-10-19 19:03:53,701 [WARN] PackLoader:240 - Cannot read IP mode file for STMicroelectronics.X-CUBE-NFC6.3.0.0
2023-10-19 19:03:53,712 [WARN] PackLoader:240 - Cannot read IP mode file for STMicroelectronics.X-CUBE-EEPRMA1.4.1.0
2023-10-19 19:03:53,721 [WARN] PackLoader:240 - Cannot read IP mode file for STMicroelectronics.X-CUBE-AI.8.1.0
2023-10-19 19:03:53,740 [WARN] ConditionMgr:438 - getConditionDescription Invalid condition id : LAN8742 Phy interface Condition cause : null
2023-10-19 19:03:53,741 [WARN] PackLoader:240 - Cannot read IP mode file for STMicroelectronics.X-CUBE-AZRTOS-L4.2.0.0
2023-10-19 19:03:53,742 [WARN] ConditionMgr:1039 - genDependencies : Invalid condition id : LAN8742 Phy interface Condition cause : null
2023-10-19 19:03:53,742 [WARN] ConditionMgr:1039 - genDependencies : Invalid condition id : LAN8742 Phy interface Condition cause : null
2023-10-19 19:03:53,742 [WARN] ConditionMgr:1039 - genDependencies : Invalid condition id : LAN8742 Phy interface Condition cause : null
2023-10-19 19:03:53,754 [WARN] PackLoader:240 - Cannot read IP mode file for STMicroelectronics.X-CUBE-SFXS2LP1.4.0.0
2023-10-19 19:03:53,763 [WARN] PackLoader:240 - Cannot read IP mode file for STMicroelectronics.X-CUBE-ISPU.1.1.0
2023-10-19 19:03:53,779 [WARN] ConditionMgr:438 - getConditionDescription Invalid condition id : UX DEVICE CLASS RTOS Condition cause : null
2023-10-19 19:03:53,779 [WARN] ConditionMgr:438 - getConditionDescription Invalid condition id : UX DEVICE CLASS RTOS Condition cause : null
2023-10-19 19:03:53,780 [WARN] PackLoader:240 - Cannot read IP mode file for STMicroelectronics.X-CUBE-AZRTOS-WB.2.0.0
2023-10-19 19:03:53,780 [WARN] ConditionMgr:1039 - genDependencies : Invalid condition id : UX DEVICE CLASS RTOS Condition cause : null
2023-10-19 19:03:53,780 [WARN] ConditionMgr:1039 - genDependencies : Invalid condition id : UX DEVICE CLASS RTOS Condition cause : null
2023-10-19 19:03:53,781 [WARN] ConditionMgr:1039 - genDependencies : Invalid condition id : UX DEVICE CLASS RTOS Condition cause : null
2023-10-19 19:03:53,781 [WARN] ConditionMgr:1039 - genDependencies : Invalid condition id : UX DEVICE CLASS RTOS Condition cause : null
2023-10-19 19:03:53,781 [WARN] ConditionMgr:1039 - genDependencies : Invalid condition id : UX DEVICE CLASS RTOS Condition cause : null
2023-10-19 19:03:53,795 [WARN] PackLoader:240 - Cannot read IP mode file for STMicroelectronics.X-CUBE-SUBG2.5.0.0
2023-10-19 19:03:53,811 [WARN] PackLoader:240 - Cannot read IP mode file for STMicroelectronics.X-CUBE-TOF1.3.3.1
2023-10-19 19:03:53,833 [WARN] PackLoader:240 - Cannot read IP mode file for STMicroelectronics.X-CUBE-AZRTOS-G4.2.0.0
2023-10-19 19:03:53,851 [WARN] PackLoader:240 - Cannot read IP mode file for Infineon.AIROC-Wi-Fi-Bluetooth-STM32.1.5.1
2023-10-19 19:03:53,867 [WARN] PackLoader:240 - Cannot read IP mode file for STMicroelectronics.X-CUBE-MEMS1.10.0.0
2023-10-19 19:03:53,916 [WARN] PackLoader:240 - Cannot read IP mode file for STMicroelectronics.X-CUBE-FREERTOS.1.1.0
2023-10-19 19:03:53,927 [WARN] PackLoader:240 - Cannot read IP mode file for portGmbH.I-Cube-SoM-uGOAL.1.1.0
2023-10-19 19:03:53,937 [WARN] PackLoader:240 - Cannot read IP mode file for STMicroelectronics.X-CUBE-ALS.1.0.1
2023-10-19 19:03:53,940 [WARN] PackLoader:240 - Cannot read IP mode file for STMicroelectronics.FP-ATR-ASTRA1.2.0.0
2023-10-19 19:03:53,940 [INFO] ThirdParty:978 - Integrity check success = true
2023-10-19 19:03:53,940 [INFO] IntegrityCheckThread:100 - exiting critical section [integrity check]
2023-10-19 19:03:53,940 [INFO] IntegrityCheckThread:103 - End integrity checks thread
2023-10-19 19:04:10,196 [ERROR] LogOutputStream:75 - [STDERR_REDIRECT] SLF4J: Failed to load class "org.slf4j.impl.StaticLoggerBinder".
2023-10-19 19:04:10,196 [ERROR] LogOutputStream:75 - [STDERR_REDIRECT] SLF4J: Defaulting to no-operation (NOP) logger implementation
2023-10-19 19:04:10,197 [ERROR] LogOutputStream:75 - [STDERR_REDIRECT] SLF4J: See http://www.slf4j.org/codes.html#StaticLoggerBinder for further details.
