2023-09-24 12:56:17,454 [INFO] Activator:176 - 


2023-09-24 12:56:17,455 [INFO] Activator:177 - !SESSION log4j initialized
2023-09-24 12:56:21,681 [INFO] LogOutputStream:77 - [STDOUT_REDIRECT] 
2023-09-24 12:56:23,138 [INFO] ApplicationProperties:184 - Using Application install path: C:\ST\STM32CubeIDE_1.13.2\STM32CubeIDE\plugins\com.st.stm32cube.common.mx_6.9.2.202309101412
2023-09-24 12:56:23,148 [INFO] DbMcusXml:78 - Set database path to: C:\ST\STM32CubeIDE_1.13.2\STM32CubeIDE\plugins\com.st.stm32cube.common.mx_6.9.2.202309101412\\db\/mcu/
2023-09-24 12:56:23,148 [INFO] ApiDb:274 - Set plugin database path to: C:\ST\STM32CubeIDE_1.13.2\STM32CubeIDE\plugins\com.st.stm32cube.common.mx_6.9.2.202309101412\\db\/plugins/boardmanager/
2023-09-24 12:56:23,149 [WARN] ApiDb:259 - Overriding images path with different value:  => C:\ST\STM32CubeIDE_1.13.2\STM32CubeIDE\plugins\com.st.stm32cube.common.mx_6.9.2.202309101412\\db\/plugins/mcufinder/images/
2023-09-24 12:56:23,159 [INFO] ApiDb:250 - Set database path to: C:\Users\goneb\.stmcufinder\plugins\mcufinder//mcu/
2023-09-24 12:56:23,160 [INFO] DbMcusAds:125 - Set database path to: C:\Users\goneb\.stmcufinder\plugins\mcufinder//mcu/
2023-09-24 12:56:23,162 [INFO] CrossReferenceDbSqlite:203 - Set database path to: C:\Users\goneb\.stmcufinder\plugins\mcufinder//mcu/cs/
2023-09-24 12:56:23,224 [INFO] RulesReader:64 - Compatibility file has been processed (293 Rules)
2023-09-24 12:56:23,275 [INFO] DbMcusXml:78 - Set database path to: C:\ST\STM32CubeIDE_1.13.2\STM32CubeIDE\plugins\com.st.stm32cube.common.mx_6.9.2.202309101412\\db\/mcu/
2023-09-24 12:56:23,275 [INFO] ApiDb:274 - Set plugin database path to: C:\ST\STM32CubeIDE_1.13.2\STM32CubeIDE\plugins\com.st.stm32cube.common.mx_6.9.2.202309101412\\db\/plugins/boardmanager/
2023-09-24 12:56:23,275 [INFO] ApiDb:261 - Set plugin images path to: C:\ST\STM32CubeIDE_1.13.2\STM32CubeIDE\plugins\com.st.stm32cube.common.mx_6.9.2.202309101412\\db\/plugins/mcufinder/images/
2023-09-24 12:56:23,275 [WARN] DbFile:41 - Overriding database path with different value: C:\Users\goneb\.stmcufinder\plugins\mcufinder/ => C:\Users\goneb\.stmcufinder\plugins\mcufinder
2023-09-24 12:56:23,275 [INFO] ApiDb:250 - Set database path to: C:\Users\goneb\.stmcufinder\plugins\mcufinder//mcu/
2023-09-24 12:56:23,276 [WARN] DbFile:41 - Overriding database path with different value: C:\Users\goneb\.stmcufinder\plugins\mcufinder/ => C:\Users\goneb\.stmcufinder\plugins\mcufinder
2023-09-24 12:56:23,276 [INFO] DbMcusAds:125 - Set database path to: C:\Users\goneb\.stmcufinder\plugins\mcufinder//mcu/
2023-09-24 12:56:23,276 [WARN] DbFile:41 - Overriding database path with different value: C:\Users\goneb\.stmcufinder\plugins\mcufinder/ => C:\Users\goneb\.stmcufinder\plugins\mcufinder
2023-09-24 12:56:23,276 [WARN] DbFile:41 - Overriding database path with different value: C:\Users\goneb\.stmcufinder\plugins\mcufinder/ => C:\Users\goneb\.stmcufinder\plugins\mcufinder
2023-09-24 12:56:23,276 [INFO] CrossReferenceDbSqlite:203 - Set database path to: C:\Users\goneb\.stmcufinder\plugins\mcufinder//mcu/cs/
2023-09-24 12:56:23,319 [INFO] MainPanel:262 - HeapMemory: 268435456
2023-09-24 12:56:23,363 [INFO] DbMcusXml:78 - Set database path to: C:\ST\STM32CubeIDE_1.13.2\STM32CubeIDE\plugins\com.st.stm32cube.common.mx_6.9.2.202309101412\\db\/mcu/
2023-09-24 12:56:23,363 [INFO] ApiDb:274 - Set plugin database path to: C:\ST\STM32CubeIDE_1.13.2\STM32CubeIDE\plugins\com.st.stm32cube.common.mx_6.9.2.202309101412\\db\/plugins/boardmanager/
2023-09-24 12:56:23,363 [INFO] ApiDb:261 - Set plugin images path to: C:\ST\STM32CubeIDE_1.13.2\STM32CubeIDE\plugins\com.st.stm32cube.common.mx_6.9.2.202309101412\\db\/plugins/mcufinder/images/
2023-09-24 12:56:23,363 [WARN] DbFile:41 - Overriding database path with different value: C:\Users\goneb\.stmcufinder\plugins\mcufinder/ => C:\Users\goneb\.stmcufinder\plugins\mcufinder
2023-09-24 12:56:23,363 [INFO] ApiDb:250 - Set database path to: C:\Users\goneb\.stmcufinder\plugins\mcufinder//mcu/
2023-09-24 12:56:23,363 [WARN] DbFile:41 - Overriding database path with different value: C:\Users\goneb\.stmcufinder\plugins\mcufinder/ => C:\Users\goneb\.stmcufinder\plugins\mcufinder
2023-09-24 12:56:23,363 [INFO] DbMcusAds:125 - Set database path to: C:\Users\goneb\.stmcufinder\plugins\mcufinder//mcu/
2023-09-24 12:56:23,363 [WARN] DbFile:41 - Overriding database path with different value: C:\Users\goneb\.stmcufinder\plugins\mcufinder/ => C:\Users\goneb\.stmcufinder\plugins\mcufinder
2023-09-24 12:56:23,364 [WARN] DbFile:41 - Overriding database path with different value: C:\Users\goneb\.stmcufinder\plugins\mcufinder/ => C:\Users\goneb\.stmcufinder\plugins\mcufinder
2023-09-24 12:56:23,364 [INFO] CrossReferenceDbSqlite:203 - Set database path to: C:\Users\goneb\.stmcufinder\plugins\mcufinder//mcu/cs/
2023-09-24 12:56:23,374 [INFO] ApplicationProperties:184 - Using Application install path: C:\ST\STM32CubeIDE_1.13.2\STM32CubeIDE\plugins\com.st.stm32cube.common.mx_6.9.2.202309101412
2023-09-24 12:56:23,375 [INFO] PluginManage:196 - Search for loadable plugins [exclusion list=, ]
2023-09-24 12:56:23,375 [INFO] PluginManage:310 - Check plugin analytics
2023-09-24 12:56:23,476 [INFO] AnalyticsPlugin:253 - Accepted Software Licenses: STM32CubeMX.6.9.2
2023-09-24 12:56:23,477 [INFO] AnalyticsPlugin:255 - Accepted CMSIS Pack Licenses: STMicroelectronics.X-CUBE-NFC4.3.0.0
2023-09-24 12:56:23,477 [INFO] AnalyticsPlugin:257 - Accepted Firmware Licenses: FW.L4.1.18.0
2023-09-24 12:56:23,479 [INFO] PluginManage:359 - Loaded plugin analytics (category:tool,tabindex:-1)
2023-09-24 12:56:23,479 [INFO] PluginManage:310 - Check plugin cadmodel
2023-09-24 12:56:23,482 [INFO] CADModel:105 - Init CAD model plugin
2023-09-24 12:56:23,482 [INFO] PluginManage:359 - Loaded plugin cadmodel (category:power,tabindex:5)
2023-09-24 12:56:23,482 [INFO] PluginManage:310 - Check plugin clock
2023-09-24 12:56:23,486 [INFO] PluginManage:359 - Loaded plugin clock (category:base,tabindex:2)
2023-09-24 12:56:23,487 [INFO] PluginManage:310 - Check plugin ddr
2023-09-24 12:56:23,488 [INFO] PluginManage:359 - Loaded plugin ddr (category:tool,tabindex:6)
2023-09-24 12:56:23,488 [INFO] PluginManage:310 - Check plugin filemanager
2023-09-24 12:56:23,565 [INFO] PluginManage:359 - Loaded plugin filemanager (category:base,tabindex:10)
2023-09-24 12:56:23,565 [INFO] PluginManage:310 - Check plugin ipmanager
2023-09-24 12:56:23,570 [INFO] PluginManage:359 - Loaded plugin ipmanager (category:base,tabindex:5)
2023-09-24 12:56:23,570 [INFO] PluginManage:310 - Check plugin lpbam
2023-09-24 12:56:23,575 [INFO] PluginManage:359 - Loaded plugin lpbam (category:base,tabindex:0)
2023-09-24 12:56:23,575 [INFO] PluginManage:310 - Check plugin memorymap
2023-09-24 12:56:23,582 [INFO] PluginManage:359 - Loaded plugin memorymap (category:base,tabindex:4)
2023-09-24 12:56:23,582 [INFO] PluginManage:310 - Check plugin pinoutandconfiguration
2023-09-24 12:56:23,586 [INFO] PluginManage:359 - Loaded plugin pinoutandconfiguration (category:base,tabindex:1)
2023-09-24 12:56:23,586 [INFO] PluginManage:310 - Check plugin pinoutconfig
2023-09-24 12:56:23,637 [WARN] SupportedApi:132 - Cannot load RTOS API schema: s4s-elt-must-match.1: The content of 'definitions' must match (annotation?, (simpleType | complexType)?, (unique | key | keyref)*)). A problem was found starting at: attribute.
2023-09-24 12:56:23,750 [INFO] PluginManage:359 - Loaded plugin pinoutconfig (category:base,tabindex:0)
2023-09-24 12:56:23,750 [INFO] PluginManage:310 - Check plugin power
2023-09-24 12:56:23,756 [INFO] PluginManage:359 - Loaded plugin power (category:power,tabindex:4)
2023-09-24 12:56:23,756 [INFO] PluginManage:310 - Check plugin projectmanager
2023-09-24 12:56:23,765 [INFO] PluginManage:359 - Loaded plugin projectmanager (category:projectmanager,tabindex:3)
2023-09-24 12:56:23,765 [INFO] PluginManage:310 - Check plugin thirdparty
2023-09-24 12:56:23,843 [INFO] PluginManage:359 - Loaded plugin thirdparty (category:base,tabindex:-1)
2023-09-24 12:56:23,843 [WARN] IntegrityCheckThread:84 - waiting for thirdparty lock release [integrity check]
2023-09-24 12:56:23,843 [INFO] PluginManage:310 - Check plugin tools
2023-09-24 12:56:23,844 [INFO] IntegrityCheckThread:86 - entering critical section [integrity check]
2023-09-24 12:56:23,844 [INFO] ThirdPartyUpdaterWithRetryManager:70 - Updater plugin not ready yet. [1/15]
2023-09-24 12:56:23,845 [INFO] PluginManage:359 - Loaded plugin tools (category:base,tabindex:7)
2023-09-24 12:56:23,845 [INFO] PluginManage:310 - Check plugin tutovideos
2023-09-24 12:56:23,951 [INFO] PluginManage:359 - Loaded plugin tutovideos (category:base,tabindex:-1)
2023-09-24 12:56:23,951 [INFO] PluginManage:310 - Check plugin updater
2023-09-24 12:56:23,957 [INFO] PluginManage:359 - Loaded plugin updater (category:base,tabindex:12)
2023-09-24 12:56:23,957 [INFO] PluginManage:310 - Check plugin userauth
2023-09-24 12:56:23,960 [INFO] UserAuth:113 - Init User Auth plugin
2023-09-24 12:56:23,960 [INFO] PluginManage:359 - Loaded plugin userauth (category:base,tabindex:14)
2023-09-24 12:56:23,960 [INFO] PluginManage:283 - PluginManage : Loaded plugins [17]
2023-09-24 12:56:24,076 [INFO] PinOutPanel:1499 - setPackage(No Configuration,No Configuration)
2023-09-24 12:56:24,134 [INFO] CADModel:165 - CPN selected for project level
2023-09-24 12:56:24,134 [INFO] CADModel:114 - Register for checkConnection events
2023-09-24 12:56:24,142 [INFO] IPUIPlugin:80 - create IPUIPlugin
2023-09-24 12:56:24,142 [INFO] PluginManager:220 - loadIPPluginJar : add adc
2023-09-24 12:56:24,144 [INFO] IPUIPlugin:80 - create IPUIPlugin
2023-09-24 12:56:24,144 [INFO] PluginManager:220 - loadIPPluginJar : add aes
2023-09-24 12:56:24,146 [INFO] IPUIPlugin:80 - create IPUIPlugin
2023-09-24 12:56:24,146 [INFO] PluginManager:220 - loadIPPluginJar : add can
2023-09-24 12:56:24,147 [INFO] IPUIPlugin:80 - create IPUIPlugin
2023-09-24 12:56:24,147 [INFO] PluginManager:220 - loadIPPluginJar : add comp
2023-09-24 12:56:24,148 [INFO] IPUIPlugin:80 - create IPUIPlugin
2023-09-24 12:56:24,148 [INFO] PluginManager:220 - loadIPPluginJar : add cryp
2023-09-24 12:56:24,149 [INFO] IPUIPlugin:80 - create IPUIPlugin
2023-09-24 12:56:24,149 [INFO] PluginManager:220 - loadIPPluginJar : add dfsdm
2023-09-24 12:56:24,152 [INFO] IPUIPlugin:80 - create IPUIPlugin
2023-09-24 12:56:24,153 [INFO] PluginManager:220 - loadIPPluginJar : add dma
2023-09-24 12:56:24,154 [INFO] IPUIPlugin:80 - create IPUIPlugin
2023-09-24 12:56:24,154 [INFO] PluginManager:220 - loadIPPluginJar : add dma3
2023-09-24 12:56:24,155 [INFO] IPUIPlugin:80 - create IPUIPlugin
2023-09-24 12:56:24,155 [INFO] PluginManager:220 - loadIPPluginJar : add fatfs
2023-09-24 12:56:24,157 [INFO] IPUIPlugin:80 - create IPUIPlugin
2023-09-24 12:56:24,158 [INFO] PluginManager:220 - loadIPPluginJar : add fmc
2023-09-24 12:56:24,160 [INFO] IPUIPlugin:80 - create IPUIPlugin
2023-09-24 12:56:24,160 [INFO] PluginManager:220 - loadIPPluginJar : add freertos
2023-09-24 12:56:24,161 [INFO] IPUIPlugin:80 - create IPUIPlugin
2023-09-24 12:56:24,161 [INFO] PluginManager:220 - loadIPPluginJar : add genericplugin
2023-09-24 12:56:24,162 [INFO] IPUIPlugin:80 - create IPUIPlugin
2023-09-24 12:56:24,162 [INFO] PluginManager:220 - loadIPPluginJar : add gfxmmu
2023-09-24 12:56:24,165 [INFO] IPUIPlugin:80 - create IPUIPlugin
2023-09-24 12:56:24,165 [INFO] PluginManager:220 - loadIPPluginJar : add gic
2023-09-24 12:56:24,167 [INFO] IPUIPlugin:80 - create IPUIPlugin
2023-09-24 12:56:24,167 [INFO] PluginManager:220 - loadIPPluginJar : add gpio
2023-09-24 12:56:24,168 [INFO] IPUIPlugin:80 - create IPUIPlugin
2023-09-24 12:56:24,168 [INFO] PluginManager:220 - loadIPPluginJar : add gtzc
2023-09-24 12:56:24,170 [INFO] IPUIPlugin:80 - create IPUIPlugin
2023-09-24 12:56:24,170 [INFO] PluginManager:220 - loadIPPluginJar : add hash
2023-09-24 12:56:24,171 [INFO] IPUIPlugin:80 - create IPUIPlugin
2023-09-24 12:56:24,171 [INFO] PluginManager:220 - loadIPPluginJar : add i2c
2023-09-24 12:56:24,172 [INFO] IPUIPlugin:80 - create IPUIPlugin
2023-09-24 12:56:24,172 [INFO] PluginManager:220 - loadIPPluginJar : add i2s
2023-09-24 12:56:24,174 [INFO] IPUIPlugin:80 - create IPUIPlugin
2023-09-24 12:56:24,174 [INFO] PluginManager:220 - loadIPPluginJar : add i3c
2023-09-24 12:56:24,175 [INFO] IPUIPlugin:80 - create IPUIPlugin
2023-09-24 12:56:24,175 [INFO] PluginManager:220 - loadIPPluginJar : add ipddr
2023-09-24 12:56:24,179 [INFO] IPUIPlugin:80 - create IPUIPlugin
2023-09-24 12:56:24,179 [INFO] PluginManager:220 - loadIPPluginJar : add linkedlist
2023-09-24 12:56:24,180 [INFO] IPUIPlugin:80 - create IPUIPlugin
2023-09-24 12:56:24,181 [INFO] PluginManager:220 - loadIPPluginJar : add lorawan
2023-09-24 12:56:24,181 [INFO] IPUIPlugin:80 - create IPUIPlugin
2023-09-24 12:56:24,182 [INFO] PluginManager:220 - loadIPPluginJar : add ltdc
2023-09-24 12:56:24,185 [INFO] IPUIPlugin:80 - create IPUIPlugin
2023-09-24 12:56:24,185 [INFO] PluginManager:220 - loadIPPluginJar : add mdma
2023-09-24 12:56:24,187 [INFO] IPUIPlugin:80 - create IPUIPlugin
2023-09-24 12:56:24,187 [INFO] PluginManager:220 - loadIPPluginJar : add nvic
2023-09-24 12:56:24,189 [INFO] IPUIPlugin:80 - create IPUIPlugin
2023-09-24 12:56:24,189 [INFO] PluginManager:220 - loadIPPluginJar : add opamp
2023-09-24 12:56:24,190 [INFO] IPUIPlugin:80 - create IPUIPlugin
2023-09-24 12:56:24,190 [INFO] PluginManager:220 - loadIPPluginJar : add openamp
2023-09-24 12:56:24,192 [INFO] IPUIPlugin:80 - create IPUIPlugin
2023-09-24 12:56:24,192 [INFO] PluginManager:220 - loadIPPluginJar : add pdm2pcm
2023-09-24 12:56:24,195 [INFO] IPUIPlugin:80 - create IPUIPlugin
2023-09-24 12:56:24,197 [INFO] PluginManager:220 - loadIPPluginJar : add plateformsettings
2023-09-24 12:56:24,198 [INFO] IPUIPlugin:80 - create IPUIPlugin
2023-09-24 12:56:24,198 [INFO] PluginManager:220 - loadIPPluginJar : add quadspi
2023-09-24 12:56:24,199 [INFO] IPUIPlugin:80 - create IPUIPlugin
2023-09-24 12:56:24,199 [INFO] PluginManager:220 - loadIPPluginJar : add resmgrutility
2023-09-24 12:56:24,201 [INFO] IPUIPlugin:80 - create IPUIPlugin
2023-09-24 12:56:24,201 [INFO] PluginManager:220 - loadIPPluginJar : add sai
2023-09-24 12:56:24,202 [INFO] IPUIPlugin:80 - create IPUIPlugin
2023-09-24 12:56:24,202 [INFO] PluginManager:220 - loadIPPluginJar : add spi
2023-09-24 12:56:24,206 [INFO] IPUIPlugin:80 - create IPUIPlugin
2023-09-24 12:56:24,206 [INFO] PluginManager:220 - loadIPPluginJar : add stm32_wpan
2023-09-24 12:56:24,207 [INFO] IPUIPlugin:80 - create IPUIPlugin
2023-09-24 12:56:24,207 [INFO] PluginManager:220 - loadIPPluginJar : add tim
2023-09-24 12:56:24,209 [INFO] IPUIPlugin:80 - create IPUIPlugin
2023-09-24 12:56:24,209 [INFO] PluginManager:220 - loadIPPluginJar : add touchsensing
2023-09-24 12:56:24,210 [INFO] IPUIPlugin:80 - create IPUIPlugin
2023-09-24 12:56:24,210 [INFO] PluginManager:220 - loadIPPluginJar : add tracer_emb
2023-09-24 12:56:24,211 [INFO] IPUIPlugin:80 - create IPUIPlugin
2023-09-24 12:56:24,211 [INFO] PluginManager:220 - loadIPPluginJar : add ts
2023-09-24 12:56:24,211 [INFO] IPUIPlugin:80 - create IPUIPlugin
2023-09-24 12:56:24,211 [INFO] PluginManager:220 - loadIPPluginJar : add tsc
2023-09-24 12:56:24,212 [INFO] IPUIPlugin:80 - create IPUIPlugin
2023-09-24 12:56:24,212 [INFO] PluginManager:220 - loadIPPluginJar : add ucpd
2023-09-24 12:56:24,214 [INFO] IPUIPlugin:80 - create IPUIPlugin
2023-09-24 12:56:24,214 [INFO] PluginManager:220 - loadIPPluginJar : add usart
2023-09-24 12:56:24,215 [INFO] IPUIPlugin:80 - create IPUIPlugin
2023-09-24 12:56:24,215 [INFO] PluginManager:220 - loadIPPluginJar : add usbx
2023-09-24 12:56:24,318 [INFO] CADModel:165 - CPN selected for project level
2023-09-24 12:56:24,318 [INFO] CADModel:114 - Register for checkConnection events
2023-09-24 12:56:24,318 [FATAL] Updater:308 - Updater called before beeing initialized
2023-09-24 12:56:24,319 [ERROR] CADModel:125 - Updater not yet initialized, retry later 
2023-09-24 12:56:24,396 [INFO] CADModel:165 - CPN selected for project level
2023-09-24 12:56:24,396 [INFO] CADModel:114 - Register for checkConnection events
2023-09-24 12:56:24,396 [FATAL] Updater:308 - Updater called before beeing initialized
2023-09-24 12:56:24,396 [ERROR] CADModel:125 - Updater not yet initialized, retry later 
2023-09-24 12:56:24,398 [FATAL] Updater:308 - Updater called before beeing initialized
2023-09-24 12:56:24,457 [FATAL] Updater:308 - Updater called before beeing initialized
2023-09-24 12:56:24,461 [INFO] DbMcusAds:53 - JSON generation date=Tue Mar 07 00:50:55 PST 2023 (1678179055114)
2023-09-24 12:56:24,461 [FATAL] Updater:308 - Updater called before beeing initialized
2023-09-24 12:56:24,485 [WARN] DetailPanel:346 - Failed to get advertising image, set to default
2023-09-24 12:56:24,555 [FATAL] Updater:308 - Updater called before beeing initialized
2023-09-24 12:56:24,556 [FATAL] Updater:308 - Updater called before beeing initialized
2023-09-24 12:56:24,556 [FATAL] Updater:308 - Updater called before beeing initialized
2023-09-24 12:56:24,556 [WARN] DetailPanel:346 - Failed to get advertising image, set to default
2023-09-24 12:56:24,557 [FATAL] Updater:308 - Updater called before beeing initialized
2023-09-24 12:56:24,582 [ERROR] Updater:1120 - MainUpdater not yet initialized. External WinMGr cannot be set.
2023-09-24 12:56:24,583 [INFO] Updater:1056 - Updater Version found : 6.9.2
2023-09-24 12:56:24,592 [INFO] ApplicationProperties:184 - Using Application install path: C:\ST\STM32CubeIDE_1.13.2\STM32CubeIDE\plugins\com.st.stm32cube.common.mx_6.9.2.202309101412
2023-09-24 12:56:24,782 [INFO] MainUpdater:2868 - connection check result : 10
2023-09-24 12:56:24,782 [INFO] MainUpdater:285 - Updater Check For Update Now.
2023-09-24 12:56:24,782 [INFO] MicroXplorer:498 - Change Database Version : DB.6.0.92
2023-09-24 12:56:24,785 [INFO] McuFinderGlobals:63 - Set McuFinder mode to 2 (CubeIDE integrated)
2023-09-24 12:56:24,960 [INFO] CheckServerUpdateThread:120 - End of CheckServer Thread
2023-09-24 12:56:26,952 [WARN] PackLoader:240 - Cannot read IP mode file for STMicroelectronics.X-CUBE-SMBUS.2.1.0
2023-09-24 12:56:26,981 [WARN] PackLoader:240 - Cannot read IP mode file for STMicroelectronics.X-CUBE-AZRTOS-F7.1.1.0
2023-09-24 12:56:26,997 [WARN] PackLoader:240 - Cannot read IP mode file for STMicroelectronics.FP-SNS-MOTENV1.4.3.2
2023-09-24 12:56:27,009 [WARN] PackLoader:240 - Cannot read IP mode file for STMicroelectronics.FP-SNS-FLIGHT1.5.0.2
2023-09-24 12:56:27,022 [WARN] PackLoader:240 - Cannot read IP mode file for STMicroelectronics.X-CUBE-DISPLAY.3.0.0
2023-09-24 12:56:27,040 [WARN] PackLoader:240 - Cannot read IP mode file for STMicroelectronics.X-CUBE-BLE1.7.0.0
2023-09-24 12:56:27,050 [WARN] PackLoader:240 - Cannot read IP mode file for emotas.I-CUBE-CANOPEN.1.3.0
2023-09-24 12:56:27,060 [WARN] PackLoader:240 - Cannot read IP mode file for STMicroelectronics.X-CUBE-TOUCHGFX.4.22.0
2023-09-24 12:56:27,070 [WARN] PackLoader:240 - Cannot read IP mode file for STMicroelectronics.FP-SNS-SMARTAG2.1.2.0
2023-09-24 12:56:27,085 [INFO] LogOutputStream:77 - [STDOUT_REDIRECT] 1 : Invalid condition id : UX_CORESTACK_Condition cause : null
2023-09-24 12:56:27,086 [INFO] LogOutputStream:77 - [STDOUT_REDIRECT] 1 : Invalid condition id : UX_CORESTACK_Condition cause : null
2023-09-24 12:56:27,087 [INFO] LogOutputStream:77 - [STDOUT_REDIRECT] 1 : Invalid condition id : UX_CORESTACK_Condition cause : null
2023-09-24 12:56:27,088 [INFO] LogOutputStream:77 - [STDOUT_REDIRECT] 1 : Invalid condition id : UX_CORESTACK_Condition cause : null
2023-09-24 12:56:27,089 [INFO] LogOutputStream:77 - [STDOUT_REDIRECT] 1 : Invalid condition id : UX_CORESTACK_Condition cause : null
2023-09-24 12:56:27,093 [WARN] PackLoader:240 - Cannot read IP mode file for STMicroelectronics.X-CUBE-AZRTOS-WL.2.0.0
2023-09-24 12:56:27,109 [WARN] PackLoader:240 - Cannot read IP mode file for WES.I-CUBE-Cesium.1.3.0
2023-09-24 12:56:27,119 [WARN] PackLoader:240 - Cannot read IP mode file for STMicroelectronics.X-CUBE-BLE2.3.3.0
2023-09-24 12:56:27,129 [WARN] PackLoader:240 - Cannot read IP mode file for STMicroelectronics.X-CUBE-ALGOBUILD.1.3.0
2023-09-24 12:56:27,149 [WARN] PackLoader:240 - Cannot read IP mode file for STMicroelectronics.X-CUBE-AZRTOS-G0.1.1.0
2023-09-24 12:56:27,163 [WARN] PackLoader:240 - Cannot read IP mode file for STMicroelectronics.X-CUBE-NFC4.3.0.0
2023-09-24 12:56:27,242 [WARN] PackLoader:240 - Cannot read IP mode file for STMicroelectronics.FP-ATR-SIGFOX1.3.2.0
2023-09-24 12:56:27,266 [WARN] PackLoader:240 - Cannot read IP mode file for SEGGER.I-CUBE-embOS.1.3.1
2023-09-24 12:56:27,315 [WARN] PackLoader:240 - Cannot read IP mode file for STMicroelectronics.X-CUBE-GNSS1.6.0.0
2023-09-24 12:56:27,340 [WARN] PackLoader:240 - Cannot read IP mode file for STMicroelectronics.X-CUBE-AZRTOS-F4.1.1.0
2023-09-24 12:56:27,352 [WARN] PackLoader:240 - Cannot read IP mode file for wolfSSL.I-CUBE-wolfSSL.5.6.3
2023-09-24 12:56:27,371 [WARN] PackLoader:240 - Cannot read IP mode file for STMicroelectronics.X-CUBE-AZRTOS-L5.2.0.0
2023-09-24 12:56:27,403 [WARN] PackLoader:240 - Cannot read IP mode file for STMicroelectronics.X-CUBE-MEMS1.9.6.0
2023-09-24 12:56:27,505 [WARN] PackLoader:240 - Cannot read IP mode file for STMicroelectronics.X-CUBE-BLEMGR.2.0.0
2023-09-24 12:56:27,524 [WARN] ConditionMgr:438 - getConditionDescription Invalid condition id : UX DEVICE CLASS RTOS Condition cause : null
2023-09-24 12:56:27,524 [WARN] ConditionMgr:438 - getConditionDescription Invalid condition id : UX DEVICE CLASS RTOS Condition cause : null
2023-09-24 12:56:27,526 [WARN] PackLoader:240 - Cannot read IP mode file for STMicroelectronics.X-CUBE-AZRTOS-H7.3.1.0
2023-09-24 12:56:27,527 [WARN] ConditionMgr:1039 - genDependencies : Invalid condition id : UX DEVICE CLASS RTOS Condition cause : null
2023-09-24 12:56:27,527 [WARN] ConditionMgr:1039 - genDependencies : Invalid condition id : UX DEVICE CLASS RTOS Condition cause : null
2023-09-24 12:56:27,527 [WARN] ConditionMgr:1039 - genDependencies : Invalid condition id : UX DEVICE CLASS RTOS Condition cause : null
2023-09-24 12:56:27,527 [WARN] ConditionMgr:1039 - genDependencies : Invalid condition id : UX DEVICE CLASS RTOS Condition cause : null
2023-09-24 12:56:27,527 [WARN] ConditionMgr:1039 - genDependencies : Invalid condition id : UX DEVICE CLASS RTOS Condition cause : null
2023-09-24 12:56:27,539 [WARN] PackLoader:240 - Cannot read IP mode file for STMicroelectronics.X-CUBE-NFC7.1.0.1
2023-09-24 12:56:27,550 [WARN] PackLoader:240 - Cannot read IP mode file for STMicroelectronics.X-CUBE-NFC6.3.0.0
2023-09-24 12:56:27,568 [WARN] PackLoader:240 - Cannot read IP mode file for STMicroelectronics.X-CUBE-EEPRMA1.4.1.0
2023-09-24 12:56:27,577 [WARN] PackLoader:240 - Cannot read IP mode file for STMicroelectronics.X-CUBE-AI.8.1.0
2023-09-24 12:56:27,595 [WARN] ConditionMgr:438 - getConditionDescription Invalid condition id : LAN8742 Phy interface Condition cause : null
2023-09-24 12:56:27,595 [WARN] PackLoader:240 - Cannot read IP mode file for STMicroelectronics.X-CUBE-AZRTOS-L4.2.0.0
2023-09-24 12:56:27,596 [WARN] ConditionMgr:1039 - genDependencies : Invalid condition id : LAN8742 Phy interface Condition cause : null
2023-09-24 12:56:27,596 [WARN] ConditionMgr:1039 - genDependencies : Invalid condition id : LAN8742 Phy interface Condition cause : null
2023-09-24 12:56:27,596 [WARN] ConditionMgr:1039 - genDependencies : Invalid condition id : LAN8742 Phy interface Condition cause : null
2023-09-24 12:56:27,609 [WARN] PackLoader:240 - Cannot read IP mode file for STMicroelectronics.X-CUBE-SFXS2LP1.4.0.0
2023-09-24 12:56:27,623 [WARN] PackLoader:240 - Cannot read IP mode file for STMicroelectronics.X-CUBE-ISPU.1.1.0
2023-09-24 12:56:27,639 [WARN] ConditionMgr:438 - getConditionDescription Invalid condition id : UX DEVICE CLASS RTOS Condition cause : null
2023-09-24 12:56:27,639 [WARN] ConditionMgr:438 - getConditionDescription Invalid condition id : UX DEVICE CLASS RTOS Condition cause : null
2023-09-24 12:56:27,640 [WARN] PackLoader:240 - Cannot read IP mode file for STMicroelectronics.X-CUBE-AZRTOS-WB.2.0.0
2023-09-24 12:56:27,641 [WARN] ConditionMgr:1039 - genDependencies : Invalid condition id : UX DEVICE CLASS RTOS Condition cause : null
2023-09-24 12:56:27,641 [WARN] ConditionMgr:1039 - genDependencies : Invalid condition id : UX DEVICE CLASS RTOS Condition cause : null
2023-09-24 12:56:27,642 [WARN] ConditionMgr:1039 - genDependencies : Invalid condition id : UX DEVICE CLASS RTOS Condition cause : null
2023-09-24 12:56:27,642 [WARN] ConditionMgr:1039 - genDependencies : Invalid condition id : UX DEVICE CLASS RTOS Condition cause : null
2023-09-24 12:56:27,642 [WARN] ConditionMgr:1039 - genDependencies : Invalid condition id : UX DEVICE CLASS RTOS Condition cause : null
2023-09-24 12:56:27,655 [WARN] PackLoader:240 - Cannot read IP mode file for STMicroelectronics.X-CUBE-SUBG2.5.0.0
2023-09-24 12:56:27,671 [WARN] PackLoader:240 - Cannot read IP mode file for STMicroelectronics.X-CUBE-TOF1.3.3.1
2023-09-24 12:56:27,691 [WARN] PackLoader:240 - Cannot read IP mode file for STMicroelectronics.X-CUBE-AZRTOS-G4.2.0.0
2023-09-24 12:56:27,707 [WARN] PackLoader:240 - Cannot read IP mode file for STMicroelectronics.X-CUBE-FREERTOS.1.1.0
2023-09-24 12:56:27,717 [WARN] PackLoader:240 - Cannot read IP mode file for portGmbH.I-Cube-SoM-uGOAL.1.1.0
2023-09-24 12:56:27,725 [WARN] PackLoader:240 - Cannot read IP mode file for STMicroelectronics.X-CUBE-ALS.1.0.1
2023-09-24 12:56:27,733 [WARN] PackLoader:240 - Cannot read IP mode file for STMicroelectronics.FP-ATR-ASTRA1.2.0.0
2023-09-24 12:56:27,734 [INFO] ThirdParty:978 - Integrity check success = true
2023-09-24 12:56:27,734 [INFO] IntegrityCheckThread:100 - exiting critical section [integrity check]
2023-09-24 12:56:27,735 [INFO] IntegrityCheckThread:103 - End integrity checks thread
2023-09-24 12:56:45,387 [ERROR] LogOutputStream:75 - [STDERR_REDIRECT] SLF4J: Failed to load class "org.slf4j.impl.StaticLoggerBinder".
2023-09-24 12:56:45,387 [ERROR] LogOutputStream:75 - [STDERR_REDIRECT] SLF4J: Defaulting to no-operation (NOP) logger implementation
2023-09-24 12:56:45,388 [ERROR] LogOutputStream:75 - [STDERR_REDIRECT] SLF4J: See http://www.slf4j.org/codes.html#StaticLoggerBinder for further details.
2023-09-24 14:03:27,917 [INFO] Activator:176 - 


2023-09-24 14:03:27,918 [INFO] Activator:177 - !SESSION log4j initialized
2023-09-24 14:03:32,130 [INFO] LogOutputStream:77 - [STDOUT_REDIRECT] 
2023-09-24 14:03:33,554 [INFO] ApplicationProperties:184 - Using Application install path: C:\ST\STM32CubeIDE_1.13.2\STM32CubeIDE\plugins\com.st.stm32cube.common.mx_6.9.2.202309101412
2023-09-24 14:03:33,563 [INFO] DbMcusXml:78 - Set database path to: C:\ST\STM32CubeIDE_1.13.2\STM32CubeIDE\plugins\com.st.stm32cube.common.mx_6.9.2.202309101412\\db\/mcu/
2023-09-24 14:03:33,563 [INFO] ApiDb:274 - Set plugin database path to: C:\ST\STM32CubeIDE_1.13.2\STM32CubeIDE\plugins\com.st.stm32cube.common.mx_6.9.2.202309101412\\db\/plugins/boardmanager/
2023-09-24 14:03:33,563 [WARN] ApiDb:259 - Overriding images path with different value:  => C:\ST\STM32CubeIDE_1.13.2\STM32CubeIDE\plugins\com.st.stm32cube.common.mx_6.9.2.202309101412\\db\/plugins/mcufinder/images/
2023-09-24 14:03:33,575 [INFO] ApiDb:250 - Set database path to: C:\Users\goneb\.stmcufinder\plugins\mcufinder//mcu/
2023-09-24 14:03:33,576 [INFO] DbMcusAds:125 - Set database path to: C:\Users\goneb\.stmcufinder\plugins\mcufinder//mcu/
2023-09-24 14:03:33,577 [INFO] CrossReferenceDbSqlite:203 - Set database path to: C:\Users\goneb\.stmcufinder\plugins\mcufinder//mcu/cs/
2023-09-24 14:03:33,652 [INFO] RulesReader:64 - Compatibility file has been processed (293 Rules)
2023-09-24 14:03:33,741 [INFO] DbMcusXml:78 - Set database path to: C:\ST\STM32CubeIDE_1.13.2\STM32CubeIDE\plugins\com.st.stm32cube.common.mx_6.9.2.202309101412\\db\/mcu/
2023-09-24 14:03:33,741 [INFO] ApiDb:274 - Set plugin database path to: C:\ST\STM32CubeIDE_1.13.2\STM32CubeIDE\plugins\com.st.stm32cube.common.mx_6.9.2.202309101412\\db\/plugins/boardmanager/
2023-09-24 14:03:33,741 [INFO] ApiDb:261 - Set plugin images path to: C:\ST\STM32CubeIDE_1.13.2\STM32CubeIDE\plugins\com.st.stm32cube.common.mx_6.9.2.202309101412\\db\/plugins/mcufinder/images/
2023-09-24 14:03:33,741 [WARN] DbFile:41 - Overriding database path with different value: C:\Users\goneb\.stmcufinder\plugins\mcufinder/ => C:\Users\goneb\.stmcufinder\plugins\mcufinder
2023-09-24 14:03:33,741 [INFO] ApiDb:250 - Set database path to: C:\Users\goneb\.stmcufinder\plugins\mcufinder//mcu/
2023-09-24 14:03:33,741 [WARN] DbFile:41 - Overriding database path with different value: C:\Users\goneb\.stmcufinder\plugins\mcufinder/ => C:\Users\goneb\.stmcufinder\plugins\mcufinder
2023-09-24 14:03:33,741 [INFO] DbMcusAds:125 - Set database path to: C:\Users\goneb\.stmcufinder\plugins\mcufinder//mcu/
2023-09-24 14:03:33,742 [WARN] DbFile:41 - Overriding database path with different value: C:\Users\goneb\.stmcufinder\plugins\mcufinder/ => C:\Users\goneb\.stmcufinder\plugins\mcufinder
2023-09-24 14:03:33,742 [WARN] DbFile:41 - Overriding database path with different value: C:\Users\goneb\.stmcufinder\plugins\mcufinder/ => C:\Users\goneb\.stmcufinder\plugins\mcufinder
2023-09-24 14:03:33,742 [INFO] CrossReferenceDbSqlite:203 - Set database path to: C:\Users\goneb\.stmcufinder\plugins\mcufinder//mcu/cs/
2023-09-24 14:03:33,785 [INFO] MainPanel:262 - HeapMemory: 268435456
2023-09-24 14:03:33,831 [INFO] DbMcusXml:78 - Set database path to: C:\ST\STM32CubeIDE_1.13.2\STM32CubeIDE\plugins\com.st.stm32cube.common.mx_6.9.2.202309101412\\db\/mcu/
2023-09-24 14:03:33,831 [INFO] ApiDb:274 - Set plugin database path to: C:\ST\STM32CubeIDE_1.13.2\STM32CubeIDE\plugins\com.st.stm32cube.common.mx_6.9.2.202309101412\\db\/plugins/boardmanager/
2023-09-24 14:03:33,831 [INFO] ApiDb:261 - Set plugin images path to: C:\ST\STM32CubeIDE_1.13.2\STM32CubeIDE\plugins\com.st.stm32cube.common.mx_6.9.2.202309101412\\db\/plugins/mcufinder/images/
2023-09-24 14:03:33,832 [WARN] DbFile:41 - Overriding database path with different value: C:\Users\goneb\.stmcufinder\plugins\mcufinder/ => C:\Users\goneb\.stmcufinder\plugins\mcufinder
2023-09-24 14:03:33,832 [INFO] ApiDb:250 - Set database path to: C:\Users\goneb\.stmcufinder\plugins\mcufinder//mcu/
2023-09-24 14:03:33,832 [WARN] DbFile:41 - Overriding database path with different value: C:\Users\goneb\.stmcufinder\plugins\mcufinder/ => C:\Users\goneb\.stmcufinder\plugins\mcufinder
2023-09-24 14:03:33,832 [INFO] DbMcusAds:125 - Set database path to: C:\Users\goneb\.stmcufinder\plugins\mcufinder//mcu/
2023-09-24 14:03:33,832 [WARN] DbFile:41 - Overriding database path with different value: C:\Users\goneb\.stmcufinder\plugins\mcufinder/ => C:\Users\goneb\.stmcufinder\plugins\mcufinder
2023-09-24 14:03:33,832 [WARN] DbFile:41 - Overriding database path with different value: C:\Users\goneb\.stmcufinder\plugins\mcufinder/ => C:\Users\goneb\.stmcufinder\plugins\mcufinder
2023-09-24 14:03:33,832 [INFO] CrossReferenceDbSqlite:203 - Set database path to: C:\Users\goneb\.stmcufinder\plugins\mcufinder//mcu/cs/
2023-09-24 14:03:33,843 [INFO] ApplicationProperties:184 - Using Application install path: C:\ST\STM32CubeIDE_1.13.2\STM32CubeIDE\plugins\com.st.stm32cube.common.mx_6.9.2.202309101412
2023-09-24 14:03:33,844 [INFO] PluginManage:196 - Search for loadable plugins [exclusion list=, ]
2023-09-24 14:03:33,845 [INFO] PluginManage:310 - Check plugin analytics
2023-09-24 14:03:33,941 [INFO] AnalyticsPlugin:253 - Accepted Software Licenses: STM32CubeMX.6.9.2
2023-09-24 14:03:33,941 [INFO] AnalyticsPlugin:255 - Accepted CMSIS Pack Licenses: STMicroelectronics.X-CUBE-NFC4.3.0.0
2023-09-24 14:03:33,941 [INFO] AnalyticsPlugin:257 - Accepted Firmware Licenses: FW.L4.1.18.0
2023-09-24 14:03:33,943 [INFO] PluginManage:359 - Loaded plugin analytics (category:tool,tabindex:-1)
2023-09-24 14:03:33,944 [INFO] PluginManage:310 - Check plugin cadmodel
2023-09-24 14:03:33,955 [INFO] CADModel:105 - Init CAD model plugin
2023-09-24 14:03:33,955 [INFO] PluginManage:359 - Loaded plugin cadmodel (category:power,tabindex:5)
2023-09-24 14:03:33,955 [INFO] PluginManage:310 - Check plugin clock
2023-09-24 14:03:33,969 [INFO] PluginManage:359 - Loaded plugin clock (category:base,tabindex:2)
2023-09-24 14:03:33,969 [INFO] PluginManage:310 - Check plugin ddr
2023-09-24 14:03:33,970 [INFO] PluginManage:359 - Loaded plugin ddr (category:tool,tabindex:6)
2023-09-24 14:03:33,970 [INFO] PluginManage:310 - Check plugin filemanager
2023-09-24 14:03:34,049 [INFO] PluginManage:359 - Loaded plugin filemanager (category:base,tabindex:10)
2023-09-24 14:03:34,049 [INFO] PluginManage:310 - Check plugin ipmanager
2023-09-24 14:03:34,054 [INFO] PluginManage:359 - Loaded plugin ipmanager (category:base,tabindex:5)
2023-09-24 14:03:34,054 [INFO] PluginManage:310 - Check plugin lpbam
2023-09-24 14:03:34,066 [INFO] PluginManage:359 - Loaded plugin lpbam (category:base,tabindex:0)
2023-09-24 14:03:34,066 [INFO] PluginManage:310 - Check plugin memorymap
2023-09-24 14:03:34,080 [INFO] PluginManage:359 - Loaded plugin memorymap (category:base,tabindex:4)
2023-09-24 14:03:34,081 [INFO] PluginManage:310 - Check plugin pinoutandconfiguration
2023-09-24 14:03:34,092 [INFO] PluginManage:359 - Loaded plugin pinoutandconfiguration (category:base,tabindex:1)
2023-09-24 14:03:34,092 [INFO] PluginManage:310 - Check plugin pinoutconfig
2023-09-24 14:03:34,153 [WARN] SupportedApi:132 - Cannot load RTOS API schema: s4s-elt-must-match.1: The content of 'definitions' must match (annotation?, (simpleType | complexType)?, (unique | key | keyref)*)). A problem was found starting at: attribute.
2023-09-24 14:03:34,227 [INFO] PluginManage:359 - Loaded plugin pinoutconfig (category:base,tabindex:0)
2023-09-24 14:03:34,227 [INFO] PluginManage:310 - Check plugin power
2023-09-24 14:03:34,240 [INFO] PluginManage:359 - Loaded plugin power (category:power,tabindex:4)
2023-09-24 14:03:34,240 [INFO] PluginManage:310 - Check plugin projectmanager
2023-09-24 14:03:34,249 [INFO] PluginManage:359 - Loaded plugin projectmanager (category:projectmanager,tabindex:3)
2023-09-24 14:03:34,249 [INFO] PluginManage:310 - Check plugin thirdparty
2023-09-24 14:03:34,459 [INFO] PluginManage:359 - Loaded plugin thirdparty (category:base,tabindex:-1)
2023-09-24 14:03:34,459 [INFO] PluginManage:310 - Check plugin tools
2023-09-24 14:03:34,459 [WARN] IntegrityCheckThread:84 - waiting for thirdparty lock release [integrity check]
2023-09-24 14:03:34,459 [INFO] IntegrityCheckThread:86 - entering critical section [integrity check]
2023-09-24 14:03:34,460 [INFO] ThirdPartyUpdaterWithRetryManager:70 - Updater plugin not ready yet. [1/15]
2023-09-24 14:03:34,483 [INFO] PluginManage:359 - Loaded plugin tools (category:base,tabindex:7)
2023-09-24 14:03:34,483 [INFO] PluginManage:310 - Check plugin tutovideos
2023-09-24 14:03:34,595 [INFO] PluginManage:359 - Loaded plugin tutovideos (category:base,tabindex:-1)
2023-09-24 14:03:34,595 [INFO] PluginManage:310 - Check plugin updater
2023-09-24 14:03:34,601 [INFO] PluginManage:359 - Loaded plugin updater (category:base,tabindex:12)
2023-09-24 14:03:34,601 [INFO] PluginManage:310 - Check plugin userauth
2023-09-24 14:03:34,604 [INFO] UserAuth:113 - Init User Auth plugin
2023-09-24 14:03:34,604 [INFO] PluginManage:359 - Loaded plugin userauth (category:base,tabindex:14)
2023-09-24 14:03:34,605 [INFO] PluginManage:283 - PluginManage : Loaded plugins [17]
2023-09-24 14:03:34,728 [INFO] PinOutPanel:1499 - setPackage(No Configuration,No Configuration)
2023-09-24 14:03:34,792 [INFO] CADModel:165 - CPN selected for project level
2023-09-24 14:03:34,792 [INFO] CADModel:114 - Register for checkConnection events
2023-09-24 14:03:34,810 [INFO] IPUIPlugin:80 - create IPUIPlugin
2023-09-24 14:03:34,810 [INFO] PluginManager:220 - loadIPPluginJar : add adc
2023-09-24 14:03:34,835 [INFO] IPUIPlugin:80 - create IPUIPlugin
2023-09-24 14:03:34,835 [INFO] PluginManager:220 - loadIPPluginJar : add aes
2023-09-24 14:03:34,861 [INFO] IPUIPlugin:80 - create IPUIPlugin
2023-09-24 14:03:34,861 [INFO] PluginManager:220 - loadIPPluginJar : add can
2023-09-24 14:03:34,875 [INFO] IPUIPlugin:80 - create IPUIPlugin
2023-09-24 14:03:34,875 [INFO] PluginManager:220 - loadIPPluginJar : add comp
2023-09-24 14:03:34,897 [INFO] IPUIPlugin:80 - create IPUIPlugin
2023-09-24 14:03:34,897 [INFO] PluginManager:220 - loadIPPluginJar : add cryp
2023-09-24 14:03:34,916 [INFO] IPUIPlugin:80 - create IPUIPlugin
2023-09-24 14:03:34,916 [INFO] PluginManager:220 - loadIPPluginJar : add dfsdm
2023-09-24 14:03:34,924 [INFO] IPUIPlugin:80 - create IPUIPlugin
2023-09-24 14:03:34,924 [INFO] PluginManager:220 - loadIPPluginJar : add dma
2023-09-24 14:03:34,953 [INFO] IPUIPlugin:80 - create IPUIPlugin
2023-09-24 14:03:34,953 [INFO] PluginManager:220 - loadIPPluginJar : add dma3
2023-09-24 14:03:34,965 [INFO] IPUIPlugin:80 - create IPUIPlugin
2023-09-24 14:03:34,965 [INFO] PluginManager:220 - loadIPPluginJar : add fatfs
2023-09-24 14:03:34,996 [INFO] IPUIPlugin:80 - create IPUIPlugin
2023-09-24 14:03:34,996 [INFO] PluginManager:220 - loadIPPluginJar : add fmc
2023-09-24 14:03:35,006 [INFO] IPUIPlugin:80 - create IPUIPlugin
2023-09-24 14:03:35,006 [INFO] PluginManager:220 - loadIPPluginJar : add freertos
2023-09-24 14:03:35,020 [INFO] IPUIPlugin:80 - create IPUIPlugin
2023-09-24 14:03:35,020 [INFO] PluginManager:220 - loadIPPluginJar : add genericplugin
2023-09-24 14:03:35,080 [INFO] IPUIPlugin:80 - create IPUIPlugin
2023-09-24 14:03:35,080 [INFO] PluginManager:220 - loadIPPluginJar : add gfxmmu
2023-09-24 14:03:35,164 [INFO] IPUIPlugin:80 - create IPUIPlugin
2023-09-24 14:03:35,165 [INFO] PluginManager:220 - loadIPPluginJar : add gic
2023-09-24 14:03:35,173 [INFO] IPUIPlugin:80 - create IPUIPlugin
2023-09-24 14:03:35,173 [INFO] PluginManager:220 - loadIPPluginJar : add gpio
2023-09-24 14:03:35,232 [INFO] IPUIPlugin:80 - create IPUIPlugin
2023-09-24 14:03:35,232 [INFO] PluginManager:220 - loadIPPluginJar : add gtzc
2023-09-24 14:03:35,252 [INFO] IPUIPlugin:80 - create IPUIPlugin
2023-09-24 14:03:35,252 [INFO] PluginManager:220 - loadIPPluginJar : add hash
2023-09-24 14:03:35,284 [INFO] IPUIPlugin:80 - create IPUIPlugin
2023-09-24 14:03:35,284 [INFO] PluginManager:220 - loadIPPluginJar : add i2c
2023-09-24 14:03:35,308 [INFO] IPUIPlugin:80 - create IPUIPlugin
2023-09-24 14:03:35,308 [INFO] PluginManager:220 - loadIPPluginJar : add i2s
2023-09-24 14:03:35,333 [INFO] IPUIPlugin:80 - create IPUIPlugin
2023-09-24 14:03:35,333 [INFO] PluginManager:220 - loadIPPluginJar : add i3c
2023-09-24 14:03:35,398 [INFO] IPUIPlugin:80 - create IPUIPlugin
2023-09-24 14:03:35,398 [INFO] PluginManager:220 - loadIPPluginJar : add ipddr
2023-09-24 14:03:35,454 [INFO] IPUIPlugin:80 - create IPUIPlugin
2023-09-24 14:03:35,454 [INFO] PluginManager:220 - loadIPPluginJar : add linkedlist
2023-09-24 14:03:35,476 [INFO] IPUIPlugin:80 - create IPUIPlugin
2023-09-24 14:03:35,476 [INFO] PluginManager:220 - loadIPPluginJar : add lorawan
2023-09-24 14:03:35,498 [INFO] IPUIPlugin:80 - create IPUIPlugin
2023-09-24 14:03:35,498 [INFO] PluginManager:220 - loadIPPluginJar : add ltdc
2023-09-24 14:03:35,508 [INFO] IPUIPlugin:80 - create IPUIPlugin
2023-09-24 14:03:35,508 [INFO] PluginManager:220 - loadIPPluginJar : add mdma
2023-09-24 14:03:35,518 [INFO] IPUIPlugin:80 - create IPUIPlugin
2023-09-24 14:03:35,518 [INFO] PluginManager:220 - loadIPPluginJar : add nvic
2023-09-24 14:03:35,544 [INFO] IPUIPlugin:80 - create IPUIPlugin
2023-09-24 14:03:35,544 [INFO] PluginManager:220 - loadIPPluginJar : add opamp
2023-09-24 14:03:35,582 [INFO] IPUIPlugin:80 - create IPUIPlugin
2023-09-24 14:03:35,582 [INFO] PluginManager:220 - loadIPPluginJar : add openamp
2023-09-24 14:03:35,612 [INFO] IPUIPlugin:80 - create IPUIPlugin
2023-09-24 14:03:35,612 [INFO] PluginManager:220 - loadIPPluginJar : add pdm2pcm
2023-09-24 14:03:35,621 [INFO] IPUIPlugin:80 - create IPUIPlugin
2023-09-24 14:03:35,623 [INFO] PluginManager:220 - loadIPPluginJar : add plateformsettings
2023-09-24 14:03:35,637 [INFO] IPUIPlugin:80 - create IPUIPlugin
2023-09-24 14:03:35,637 [INFO] PluginManager:220 - loadIPPluginJar : add quadspi
2023-09-24 14:03:35,646 [INFO] IPUIPlugin:80 - create IPUIPlugin
2023-09-24 14:03:35,646 [INFO] PluginManager:220 - loadIPPluginJar : add resmgrutility
2023-09-24 14:03:35,678 [INFO] IPUIPlugin:80 - create IPUIPlugin
2023-09-24 14:03:35,678 [INFO] PluginManager:220 - loadIPPluginJar : add sai
2023-09-24 14:03:35,702 [INFO] IPUIPlugin:80 - create IPUIPlugin
2023-09-24 14:03:35,702 [INFO] PluginManager:220 - loadIPPluginJar : add spi
2023-09-24 14:03:35,747 [INFO] IPUIPlugin:80 - create IPUIPlugin
2023-09-24 14:03:35,747 [INFO] PluginManager:220 - loadIPPluginJar : add stm32_wpan
2023-09-24 14:03:35,766 [INFO] IPUIPlugin:80 - create IPUIPlugin
2023-09-24 14:03:35,766 [INFO] PluginManager:220 - loadIPPluginJar : add tim
2023-09-24 14:03:35,804 [INFO] IPUIPlugin:80 - create IPUIPlugin
2023-09-24 14:03:35,804 [INFO] PluginManager:220 - loadIPPluginJar : add touchsensing
2023-09-24 14:03:35,819 [INFO] IPUIPlugin:80 - create IPUIPlugin
2023-09-24 14:03:35,819 [INFO] PluginManager:220 - loadIPPluginJar : add tracer_emb
2023-09-24 14:03:35,835 [INFO] IPUIPlugin:80 - create IPUIPlugin
2023-09-24 14:03:35,835 [INFO] PluginManager:220 - loadIPPluginJar : add ts
2023-09-24 14:03:35,850 [INFO] IPUIPlugin:80 - create IPUIPlugin
2023-09-24 14:03:35,851 [INFO] PluginManager:220 - loadIPPluginJar : add tsc
2023-09-24 14:03:35,866 [INFO] IPUIPlugin:80 - create IPUIPlugin
2023-09-24 14:03:35,866 [INFO] PluginManager:220 - loadIPPluginJar : add ucpd
2023-09-24 14:03:35,899 [INFO] IPUIPlugin:80 - create IPUIPlugin
2023-09-24 14:03:35,899 [INFO] PluginManager:220 - loadIPPluginJar : add usart
2023-09-24 14:03:35,928 [INFO] IPUIPlugin:80 - create IPUIPlugin
2023-09-24 14:03:35,928 [INFO] PluginManager:220 - loadIPPluginJar : add usbx
2023-09-24 14:03:36,031 [INFO] CADModel:165 - CPN selected for project level
2023-09-24 14:03:36,031 [INFO] CADModel:114 - Register for checkConnection events
2023-09-24 14:03:36,031 [FATAL] Updater:308 - Updater called before beeing initialized
2023-09-24 14:03:36,031 [ERROR] CADModel:125 - Updater not yet initialized, retry later 
2023-09-24 14:03:36,109 [INFO] CADModel:165 - CPN selected for project level
2023-09-24 14:03:36,109 [INFO] CADModel:114 - Register for checkConnection events
2023-09-24 14:03:36,109 [FATAL] Updater:308 - Updater called before beeing initialized
2023-09-24 14:03:36,109 [ERROR] CADModel:125 - Updater not yet initialized, retry later 
2023-09-24 14:03:36,111 [FATAL] Updater:308 - Updater called before beeing initialized
2023-09-24 14:03:36,172 [FATAL] Updater:308 - Updater called before beeing initialized
2023-09-24 14:03:36,182 [INFO] DbMcusAds:53 - JSON generation date=Tue Mar 07 00:50:55 PST 2023 (1678179055114)
2023-09-24 14:03:36,182 [FATAL] Updater:308 - Updater called before beeing initialized
2023-09-24 14:03:36,241 [WARN] DetailPanel:346 - Failed to get advertising image, set to default
2023-09-24 14:03:36,309 [FATAL] Updater:308 - Updater called before beeing initialized
2023-09-24 14:03:36,311 [FATAL] Updater:308 - Updater called before beeing initialized
2023-09-24 14:03:36,311 [FATAL] Updater:308 - Updater called before beeing initialized
2023-09-24 14:03:36,311 [WARN] DetailPanel:346 - Failed to get advertising image, set to default
2023-09-24 14:03:36,311 [FATAL] Updater:308 - Updater called before beeing initialized
2023-09-24 14:03:36,348 [ERROR] Updater:1120 - MainUpdater not yet initialized. External WinMGr cannot be set.
2023-09-24 14:03:36,355 [INFO] Updater:1056 - Updater Version found : 6.9.2
2023-09-24 14:03:36,368 [INFO] ApplicationProperties:184 - Using Application install path: C:\ST\STM32CubeIDE_1.13.2\STM32CubeIDE\plugins\com.st.stm32cube.common.mx_6.9.2.202309101412
2023-09-24 14:03:36,507 [INFO] MainUpdater:2868 - connection check result : 10
2023-09-24 14:03:36,509 [INFO] MainUpdater:285 - Updater Check For Update Now.
2023-09-24 14:03:36,509 [INFO] MicroXplorer:498 - Change Database Version : DB.6.0.92
2023-09-24 14:03:36,520 [INFO] McuFinderGlobals:63 - Set McuFinder mode to 2 (CubeIDE integrated)
2023-09-24 14:03:36,676 [INFO] CheckServerUpdateThread:120 - End of CheckServer Thread
2023-09-24 14:03:37,566 [WARN] PackLoader:240 - Cannot read IP mode file for STMicroelectronics.X-CUBE-SMBUS.2.1.0
2023-09-24 14:03:37,596 [WARN] PackLoader:240 - Cannot read IP mode file for STMicroelectronics.X-CUBE-AZRTOS-F7.1.1.0
2023-09-24 14:03:37,647 [WARN] PackLoader:240 - Cannot read IP mode file for STMicroelectronics.FP-SNS-MOTENV1.4.3.2
2023-09-24 14:03:37,657 [WARN] PackLoader:240 - Cannot read IP mode file for STMicroelectronics.FP-SNS-FLIGHT1.5.0.2
2023-09-24 14:03:37,668 [WARN] PackLoader:240 - Cannot read IP mode file for STMicroelectronics.X-CUBE-DISPLAY.3.0.0
2023-09-24 14:03:37,681 [WARN] PackLoader:240 - Cannot read IP mode file for STMicroelectronics.X-CUBE-BLE1.7.0.0
2023-09-24 14:03:37,690 [WARN] PackLoader:240 - Cannot read IP mode file for emotas.I-CUBE-CANOPEN.1.3.0
2023-09-24 14:03:37,699 [WARN] PackLoader:240 - Cannot read IP mode file for STMicroelectronics.X-CUBE-TOUCHGFX.4.22.0
2023-09-24 14:03:37,707 [WARN] PackLoader:240 - Cannot read IP mode file for STMicroelectronics.FP-SNS-SMARTAG2.1.2.0
2023-09-24 14:03:37,719 [INFO] LogOutputStream:77 - [STDOUT_REDIRECT] 1 : Invalid condition id : UX_CORESTACK_Condition cause : null
2023-09-24 14:03:37,719 [INFO] LogOutputStream:77 - [STDOUT_REDIRECT] 1 : Invalid condition id : UX_CORESTACK_Condition cause : null
2023-09-24 14:03:37,720 [INFO] LogOutputStream:77 - [STDOUT_REDIRECT] 1 : Invalid condition id : UX_CORESTACK_Condition cause : null
2023-09-24 14:03:37,721 [INFO] LogOutputStream:77 - [STDOUT_REDIRECT] 1 : Invalid condition id : UX_CORESTACK_Condition cause : null
2023-09-24 14:03:37,722 [INFO] LogOutputStream:77 - [STDOUT_REDIRECT] 1 : Invalid condition id : UX_CORESTACK_Condition cause : null
2023-09-24 14:03:37,724 [WARN] PackLoader:240 - Cannot read IP mode file for STMicroelectronics.X-CUBE-AZRTOS-WL.2.0.0
2023-09-24 14:03:37,733 [WARN] PackLoader:240 - Cannot read IP mode file for WES.I-CUBE-Cesium.1.3.0
2023-09-24 14:03:37,741 [WARN] PackLoader:240 - Cannot read IP mode file for STMicroelectronics.X-CUBE-BLE2.3.3.0
2023-09-24 14:03:37,750 [WARN] PackLoader:240 - Cannot read IP mode file for STMicroelectronics.X-CUBE-ALGOBUILD.1.3.0
2023-09-24 14:03:37,767 [WARN] PackLoader:240 - Cannot read IP mode file for STMicroelectronics.X-CUBE-AZRTOS-G0.1.1.0
2023-09-24 14:03:37,777 [WARN] PackLoader:240 - Cannot read IP mode file for STMicroelectronics.X-CUBE-NFC4.3.0.0
2023-09-24 14:03:37,844 [WARN] PackLoader:240 - Cannot read IP mode file for STMicroelectronics.FP-ATR-SIGFOX1.3.2.0
2023-09-24 14:03:37,869 [WARN] PackLoader:240 - Cannot read IP mode file for SEGGER.I-CUBE-embOS.1.3.1
2023-09-24 14:03:37,898 [WARN] PackLoader:240 - Cannot read IP mode file for STMicroelectronics.X-CUBE-GNSS1.6.0.0
2023-09-24 14:03:37,915 [WARN] PackLoader:240 - Cannot read IP mode file for STMicroelectronics.X-CUBE-AZRTOS-F4.1.1.0
2023-09-24 14:03:37,926 [WARN] PackLoader:240 - Cannot read IP mode file for wolfSSL.I-CUBE-wolfSSL.5.6.3
2023-09-24 14:03:37,944 [WARN] PackLoader:240 - Cannot read IP mode file for STMicroelectronics.X-CUBE-AZRTOS-L5.2.0.0
2023-09-24 14:03:37,975 [WARN] PackLoader:240 - Cannot read IP mode file for STMicroelectronics.X-CUBE-MEMS1.9.6.0
2023-09-24 14:03:38,069 [WARN] PackLoader:240 - Cannot read IP mode file for STMicroelectronics.X-CUBE-BLEMGR.2.0.0
2023-09-24 14:03:38,089 [WARN] ConditionMgr:438 - getConditionDescription Invalid condition id : UX DEVICE CLASS RTOS Condition cause : null
2023-09-24 14:03:38,090 [WARN] ConditionMgr:438 - getConditionDescription Invalid condition id : UX DEVICE CLASS RTOS Condition cause : null
2023-09-24 14:03:38,091 [WARN] PackLoader:240 - Cannot read IP mode file for STMicroelectronics.X-CUBE-AZRTOS-H7.3.1.0
2023-09-24 14:03:38,092 [WARN] ConditionMgr:1039 - genDependencies : Invalid condition id : UX DEVICE CLASS RTOS Condition cause : null
2023-09-24 14:03:38,092 [WARN] ConditionMgr:1039 - genDependencies : Invalid condition id : UX DEVICE CLASS RTOS Condition cause : null
2023-09-24 14:03:38,093 [WARN] ConditionMgr:1039 - genDependencies : Invalid condition id : UX DEVICE CLASS RTOS Condition cause : null
2023-09-24 14:03:38,093 [WARN] ConditionMgr:1039 - genDependencies : Invalid condition id : UX DEVICE CLASS RTOS Condition cause : null
2023-09-24 14:03:38,093 [WARN] ConditionMgr:1039 - genDependencies : Invalid condition id : UX DEVICE CLASS RTOS Condition cause : null
2023-09-24 14:03:38,104 [WARN] PackLoader:240 - Cannot read IP mode file for STMicroelectronics.X-CUBE-NFC7.1.0.1
2023-09-24 14:03:38,116 [WARN] PackLoader:240 - Cannot read IP mode file for STMicroelectronics.X-CUBE-NFC6.3.0.0
2023-09-24 14:03:38,126 [WARN] PackLoader:240 - Cannot read IP mode file for STMicroelectronics.X-CUBE-EEPRMA1.4.1.0
2023-09-24 14:03:38,136 [WARN] PackLoader:240 - Cannot read IP mode file for STMicroelectronics.X-CUBE-AI.8.1.0
2023-09-24 14:03:38,155 [WARN] ConditionMgr:438 - getConditionDescription Invalid condition id : LAN8742 Phy interface Condition cause : null
2023-09-24 14:03:38,160 [WARN] PackLoader:240 - Cannot read IP mode file for STMicroelectronics.X-CUBE-AZRTOS-L4.2.0.0
2023-09-24 14:03:38,161 [WARN] ConditionMgr:1039 - genDependencies : Invalid condition id : LAN8742 Phy interface Condition cause : null
2023-09-24 14:03:38,161 [WARN] ConditionMgr:1039 - genDependencies : Invalid condition id : LAN8742 Phy interface Condition cause : null
2023-09-24 14:03:38,161 [WARN] ConditionMgr:1039 - genDependencies : Invalid condition id : LAN8742 Phy interface Condition cause : null
2023-09-24 14:03:38,175 [WARN] PackLoader:240 - Cannot read IP mode file for STMicroelectronics.X-CUBE-SFXS2LP1.4.0.0
2023-09-24 14:03:38,196 [WARN] PackLoader:240 - Cannot read IP mode file for STMicroelectronics.X-CUBE-ISPU.1.1.0
2023-09-24 14:03:38,214 [WARN] ConditionMgr:438 - getConditionDescription Invalid condition id : UX DEVICE CLASS RTOS Condition cause : null
2023-09-24 14:03:38,215 [WARN] ConditionMgr:438 - getConditionDescription Invalid condition id : UX DEVICE CLASS RTOS Condition cause : null
2023-09-24 14:03:38,215 [WARN] PackLoader:240 - Cannot read IP mode file for STMicroelectronics.X-CUBE-AZRTOS-WB.2.0.0
2023-09-24 14:03:38,216 [WARN] ConditionMgr:1039 - genDependencies : Invalid condition id : UX DEVICE CLASS RTOS Condition cause : null
2023-09-24 14:03:38,216 [WARN] ConditionMgr:1039 - genDependencies : Invalid condition id : UX DEVICE CLASS RTOS Condition cause : null
2023-09-24 14:03:38,217 [WARN] ConditionMgr:1039 - genDependencies : Invalid condition id : UX DEVICE CLASS RTOS Condition cause : null
2023-09-24 14:03:38,217 [WARN] ConditionMgr:1039 - genDependencies : Invalid condition id : UX DEVICE CLASS RTOS Condition cause : null
2023-09-24 14:03:38,217 [WARN] ConditionMgr:1039 - genDependencies : Invalid condition id : UX DEVICE CLASS RTOS Condition cause : null
2023-09-24 14:03:38,231 [WARN] PackLoader:240 - Cannot read IP mode file for STMicroelectronics.X-CUBE-SUBG2.5.0.0
2023-09-24 14:03:38,248 [WARN] PackLoader:240 - Cannot read IP mode file for STMicroelectronics.X-CUBE-TOF1.3.3.1
2023-09-24 14:03:38,269 [WARN] PackLoader:240 - Cannot read IP mode file for STMicroelectronics.X-CUBE-AZRTOS-G4.2.0.0
2023-09-24 14:03:38,280 [WARN] PackLoader:240 - Cannot read IP mode file for STMicroelectronics.X-CUBE-FREERTOS.1.1.0
2023-09-24 14:03:38,290 [WARN] PackLoader:240 - Cannot read IP mode file for portGmbH.I-Cube-SoM-uGOAL.1.1.0
2023-09-24 14:03:38,300 [WARN] PackLoader:240 - Cannot read IP mode file for STMicroelectronics.X-CUBE-ALS.1.0.1
2023-09-24 14:03:38,309 [WARN] PackLoader:240 - Cannot read IP mode file for STMicroelectronics.FP-ATR-ASTRA1.2.0.0
2023-09-24 14:03:38,309 [INFO] ThirdParty:978 - Integrity check success = true
2023-09-24 14:03:38,310 [INFO] IntegrityCheckThread:100 - exiting critical section [integrity check]
2023-09-24 14:03:38,310 [INFO] IntegrityCheckThread:103 - End integrity checks thread
2023-09-24 14:03:57,249 [ERROR] LogOutputStream:75 - [STDERR_REDIRECT] SLF4J: Failed to load class "org.slf4j.impl.StaticLoggerBinder".
2023-09-24 14:03:57,249 [ERROR] LogOutputStream:75 - [STDERR_REDIRECT] SLF4J: Defaulting to no-operation (NOP) logger implementation
2023-09-24 14:03:57,250 [ERROR] LogOutputStream:75 - [STDERR_REDIRECT] SLF4J: See http://www.slf4j.org/codes.html#StaticLoggerBinder for further details.
2023-09-24 14:10:52,027 [INFO] McuFinderGlobals:63 - Set McuFinder mode to 2 (CubeIDE integrated)
2023-09-24 14:10:57,886 [INFO] MainUpdater:2868 - connection check result : 10
2023-09-24 14:10:57,892 [INFO] MainUpdater:2868 - connection check result : 10
2023-09-24 14:10:58,072 [INFO] MicroXplorer:468 - Change Database Path : 
2023-09-24 14:10:58,072 [INFO] MicroXplorer:498 - Change Database Version : DB.6.0.92
2023-09-24 14:10:58,074 [WARN] ThirdParty:871 - waiting for thirdparty lock release [close project]
2023-09-24 14:10:58,074 [INFO] ThirdParty:873 - entering critical section [close project]
2023-09-24 14:10:58,075 [INFO] ThirdParty:883 - exiting critical section [close project]
2023-09-24 14:10:58,076 [INFO] PinOutPanel:1499 - setPackage(No Configuration,No Configuration)
2023-09-24 14:10:58,079 [INFO] UtilMem:75 - Begin LoadConfig() Used Memory: 598056256 Bytes (775946240)
2023-09-24 14:10:58,080 [INFO] MicroXplorer:468 - Change Database Path : 
2023-09-24 14:10:58,080 [INFO] MicroXplorer:498 - Change Database Version : DB.6.0.92
2023-09-24 14:10:58,080 [INFO] OpenFileManager:308 - Change cursor
2023-09-24 14:10:58,103 [INFO] Mcu:1946 - Initializing MCU STM32L496Z(E-G)Tx STM32L496ZGTx STM32L496ZGT3
2023-09-24 14:11:00,059 [INFO] Context:659 - Trying to add GPIOservice into a context  which must be forbidden
2023-09-24 14:11:00,811 [INFO] RtosManager:555 - Registered RTOS mode: class=CMSIS, group=RTOS, mode=CMSIS_V1, owner=FREERTOS
2023-09-24 14:11:00,812 [INFO] RtosManager:555 - Registered RTOS mode: class=CMSIS, group=RTOS2, mode=CMSIS_V2, owner=FREERTOS
2023-09-24 14:11:00,812 [INFO] RtosManager:555 - Registered RTOS mode: class=RTOS, group=Core, mode=CMSIS_V1, owner=FREERTOS
2023-09-24 14:11:00,812 [INFO] RtosManager:555 - Registered RTOS mode: class=RTOS, group=Core, mode=CMSIS_V2, owner=FREERTOS
2023-09-24 14:11:00,812 [WARN] ModelIntegratedComponent:184 - Missing modes for component STMicroelectronics:FreeRTOS:0.0.1:STMicroelectronics:RTOS:FreeRTOS:Core:::10.2.0:
2023-09-24 14:11:00,822 [WARN] ModelIntegratedComponent:63 - No mode defined for component null
2023-09-24 14:11:00,822 [WARN] ModelIntegratedComponent:63 - No mode defined for component null
2023-09-24 14:11:00,822 [WARN] ModelIntegratedComponent:63 - No mode defined for component null
2023-09-24 14:11:00,822 [WARN] ModelIntegratedComponent:63 - No mode defined for component null
2023-09-24 14:11:00,822 [WARN] ModelIntegratedComponent:63 - No mode defined for component null
2023-09-24 14:11:00,822 [WARN] ModelIntegratedComponent:63 - No mode defined for component null
2023-09-24 14:11:00,822 [WARN] ModelIntegratedComponent:63 - No mode defined for component null
2023-09-24 14:11:00,822 [WARN] ModelIntegratedComponent:63 - No mode defined for component null
2023-09-24 14:11:00,822 [WARN] ModelIntegratedComponent:63 - No mode defined for component null
2023-09-24 14:11:00,822 [WARN] ModelIntegratedComponent:63 - No mode defined for component null
2023-09-24 14:11:00,822 [WARN] ModelIntegratedComponent:63 - No mode defined for component null
2023-09-24 14:11:00,823 [WARN] ModelIntegratedComponent:63 - No mode defined for component null
2023-09-24 14:11:00,823 [WARN] ModelIntegratedComponent:63 - No mode defined for component null
2023-09-24 14:11:00,823 [WARN] ModelIntegratedComponent:63 - No mode defined for component null
2023-09-24 14:11:00,823 [WARN] ModelIntegratedComponent:63 - No mode defined for component null
2023-09-24 14:11:00,823 [WARN] ModelIntegratedComponent:63 - No mode defined for component null
2023-09-24 14:11:00,823 [WARN] ModelIntegratedComponent:63 - No mode defined for component null
2023-09-24 14:11:00,823 [WARN] ModelIntegratedComponent:63 - No mode defined for component null
2023-09-24 14:11:00,823 [WARN] ModelIntegratedComponent:63 - No mode defined for component null
2023-09-24 14:11:00,823 [WARN] ModelIntegratedComponent:63 - No mode defined for component null
2023-09-24 14:11:00,823 [WARN] ModelIntegratedComponent:63 - No mode defined for component null
2023-09-24 14:11:00,823 [WARN] ModelIntegratedComponent:63 - No mode defined for component null
2023-09-24 14:11:00,823 [WARN] ModelIntegratedComponent:63 - No mode defined for component null
2023-09-24 14:11:00,823 [WARN] ModelIntegratedComponent:63 - No mode defined for component null
2023-09-24 14:11:00,823 [WARN] ModelIntegratedComponent:63 - No mode defined for component null
2023-09-24 14:11:00,823 [WARN] ModelIntegratedComponent:63 - No mode defined for component null
2023-09-24 14:11:00,823 [WARN] ModelIntegratedComponent:63 - No mode defined for component null
2023-09-24 14:11:00,823 [WARN] ModelIntegratedComponent:63 - No mode defined for component null
2023-09-24 14:11:00,823 [WARN] ModelIntegratedComponent:63 - No mode defined for component null
2023-09-24 14:11:00,823 [WARN] ModelIntegratedComponent:63 - No mode defined for component null
2023-09-24 14:11:00,823 [WARN] ModelIntegratedComponent:63 - No mode defined for component null
2023-09-24 14:11:00,823 [WARN] ModelIntegratedComponent:63 - No mode defined for component null
2023-09-24 14:11:00,823 [WARN] ModelIntegratedComponent:63 - No mode defined for component null
2023-09-24 14:11:00,840 [INFO] ThirdPartyModel:298 - Start build external matchings
2023-09-24 14:11:00,993 [INFO] ThirdPartyModel:316 - End build external matchings
2023-09-24 14:11:01,001 [INFO] ImportTextPane:194 - (OptionalMessage_ERROR) IP (RCC) : Invalid parameter (48MHZClocksFreq_Value)
2023-09-24 14:11:01,001 [INFO] ImportTextPane:194 - (OptionalMessage_ERROR) IP (RCC) : Invalid parameter (ADC12outputFreq_Value)
2023-09-24 14:11:01,001 [INFO] ImportTextPane:194 - (OptionalMessage_ERROR) IP (RCC) : Invalid parameter (ADC34outputFreq_Value)
2023-09-24 14:11:01,002 [INFO] ImportTextPane:194 - (OptionalMessage_ERROR) IP (RCC) : Invalid parameter (DFSDM2Freq_Value)
2023-09-24 14:11:01,002 [INFO] ImportTextPane:194 - (OptionalMessage_ERROR) IP (RCC) : Invalid parameter (DFSDMAudioFreq_Value)
2023-09-24 14:11:01,002 [INFO] ImportTextPane:194 - (OptionalMessage_ERROR) IP (RCC) : Invalid parameter (EthernetFreq_Value)
2023-09-24 14:11:01,002 [INFO] ImportTextPane:194 - (OptionalMessage_ERROR) IP (RCC) : Invalid parameter (FMPI2C1Freq_Value)
2023-09-24 14:11:01,002 [INFO] ImportTextPane:194 - (OptionalMessage_ERROR) IP (RCC) : Invalid parameter (FamilyName)
2023-09-24 14:11:01,002 [INFO] ImportTextPane:194 - (OptionalMessage_ERROR) IP (RCC) : Invalid parameter (I2S1Freq_Value)
2023-09-24 14:11:01,002 [INFO] ImportTextPane:194 - (OptionalMessage_ERROR) IP (RCC) : Invalid parameter (I2S2Freq_Value)
2023-09-24 14:11:01,002 [INFO] ImportTextPane:194 - (OptionalMessage_ERROR) IP (RCC) : Invalid parameter (I2SClocksFreq_Value)
2023-09-24 14:11:01,002 [INFO] ImportTextPane:194 - (OptionalMessage_ERROR) IP (RCC) : Invalid parameter (LPTimerFreq_Value)
2023-09-24 14:11:01,002 [INFO] ImportTextPane:194 - (OptionalMessage_ERROR) IP (RCC) : Invalid parameter (MCO2PinFreq_Value)
2023-09-24 14:11:01,002 [INFO] ImportTextPane:194 - (OptionalMessage_ERROR) IP (RCC) : Invalid parameter (MCOFreq_Value)
2023-09-24 14:11:01,002 [INFO] ImportTextPane:194 - (OptionalMessage_ERROR) IP (RCC) : Invalid parameter (PLLCLKFreq_Value)
2023-09-24 14:11:01,002 [INFO] ImportTextPane:194 - (OptionalMessage_ERROR) IP (RCC) : Invalid parameter (PLLI2SPCLKFreq_Value)
2023-09-24 14:11:01,002 [INFO] ImportTextPane:194 - (OptionalMessage_ERROR) IP (RCC) : Invalid parameter (PLLI2SQCLKFreq_Value)
2023-09-24 14:11:01,002 [INFO] ImportTextPane:194 - (OptionalMessage_ERROR) IP (RCC) : Invalid parameter (PLLI2SQoutputFreq_Value)
2023-09-24 14:11:01,002 [INFO] ImportTextPane:194 - (OptionalMessage_ERROR) IP (RCC) : Invalid parameter (PLLI2SRCLKFreq_Value)
2023-09-24 14:11:01,002 [INFO] ImportTextPane:194 - (OptionalMessage_ERROR) IP (RCC) : Invalid parameter (PLLI2SoutputFreq_Value)
2023-09-24 14:11:01,002 [INFO] ImportTextPane:194 - (OptionalMessage_ERROR) IP (RCC) : Invalid parameter (PLLMCOFreq_Value)
2023-09-24 14:11:01,002 [INFO] ImportTextPane:194 - (OptionalMessage_ERROR) IP (RCC) : Invalid parameter (PLLMUL)
2023-09-24 14:11:01,003 [INFO] ImportTextPane:194 - (OptionalMessage_ERROR) IP (RCC) : Invalid parameter (PLLQCLKFreq_Value)
2023-09-24 14:11:01,003 [INFO] ImportTextPane:194 - (OptionalMessage_ERROR) IP (RCC) : Invalid parameter (PLLRoutputFreq_Value)
2023-09-24 14:11:01,003 [INFO] ImportTextPane:194 - (OptionalMessage_ERROR) IP (RCC) : Invalid parameter (PRESCALERUSB)
2023-09-24 14:11:01,003 [INFO] ImportTextPane:194 - (OptionalMessage_ERROR) IP (RCC) : Invalid parameter (RTCHSEDivFreq_Value)
2023-09-24 14:11:01,003 [INFO] ImportTextPane:194 - (OptionalMessage_ERROR) IP (RCC) : Invalid parameter (SAI1AFreq_Value)
2023-09-24 14:11:01,003 [INFO] ImportTextPane:194 - (OptionalMessage_ERROR) IP (RCC) : Invalid parameter (SAI1BFreq_Value)
2023-09-24 14:11:01,003 [INFO] ImportTextPane:194 - (OptionalMessage_ERROR) IP (RCC) : Invalid parameter (SDIOFreq_Value)
2023-09-24 14:11:01,004 [INFO] ImportTextPane:194 - (OptionalMessage_ERROR) IP (RCC) : Invalid parameter (SYSCLKSourceVirtual)
2023-09-24 14:11:01,004 [INFO] ImportTextPane:194 - (OptionalMessage_ERROR) IP (RCC) : Invalid parameter (TIM15Freq_Value)
2023-09-24 14:11:01,004 [INFO] ImportTextPane:194 - (OptionalMessage_ERROR) IP (RCC) : Invalid parameter (TIM16Freq_Value)
2023-09-24 14:11:01,004 [INFO] ImportTextPane:194 - (OptionalMessage_ERROR) IP (RCC) : Invalid parameter (TIM17Freq_Value)
2023-09-24 14:11:01,004 [INFO] ImportTextPane:194 - (OptionalMessage_ERROR) IP (RCC) : Invalid parameter (TIM1Freq_Value)
2023-09-24 14:11:01,004 [INFO] ImportTextPane:194 - (OptionalMessage_ERROR) IP (RCC) : Invalid parameter (TIM20Freq_Value)
2023-09-24 14:11:01,004 [INFO] ImportTextPane:194 - (OptionalMessage_ERROR) IP (RCC) : Invalid parameter (TIM2Freq_Value)
2023-09-24 14:11:01,004 [INFO] ImportTextPane:194 - (OptionalMessage_ERROR) IP (RCC) : Invalid parameter (TIM3Freq_Value)
2023-09-24 14:11:01,004 [INFO] ImportTextPane:194 - (OptionalMessage_ERROR) IP (RCC) : Invalid parameter (TIM8Freq_Value)
2023-09-24 14:11:01,004 [INFO] ImportTextPane:194 - (OptionalMessage_ERROR) IP (RCC) : Invalid parameter (VCOI2SInputFreq_Value)
2023-09-24 14:11:01,004 [INFO] ImportTextPane:194 - (OptionalMessage_ERROR) IP (RCC) : Invalid parameter (VCOI2SOutputFreq_Value)
2023-09-24 14:11:01,004 [INFO] ImportTextPane:194 - (OptionalMessage_ERROR) IP (RCC) : Invalid parameter (VCOInputMFreq_Value)
2023-09-24 14:11:01,004 [INFO] ImportTextPane:194 - (OptionalMessage_ERROR) IP (RCC) : Invalid parameter (VCOOutput2Freq_Value)
2023-09-24 14:11:01,004 [INFO] ImportTextPane:194 - (OptionalMessage_ERROR) IP (RCC) : Invalid parameter (VcooutputI2S)
2023-09-24 14:11:01,396 [INFO] UtilMem:75 - End LoadConfig() Used Memory: 469175048 Bytes (1003487232)
2023-09-24 14:11:01,498 [INFO] ApiDb:581 - Connected to CubeFinder SQLite database (C:\Users\goneb\.stmcufinder\plugins\mcufinder\mcu\cube-finder-db.db)
2023-09-24 14:11:01,544 [INFO] ApiDb:668 - CubeFinder database Data Model version=2.1
2023-09-24 14:11:01,544 [INFO] ApiDb:669 - CubeFinder database Configuration version=3.0.37
2023-09-24 14:11:01,544 [INFO] ApiDb:670 - CubeFinder database generation date=2023-08-09 (1691586011)
2023-09-24 14:11:01,544 [INFO] ApiDb:671 - CubeFinder database FW Pack versions=[FP-ATR-ASTRA1_V2.0.0, FP-SNS-FLIGHT1_V5.0.1, FP-SNS-FLIGHT1_V5.0.2, FP-SNS-MOTENV1_V4.3.1, FP-SNS-MOTENV1_V4.3.2, STM32Cube_FW_C0_V1.1.0, STM32Cube_FW_F4_V1.27.1, STM32Cube_FW_F7_V1.17.0, STM32Cube_FW_G0_V1.6.1, STM32Cube_FW_G4_V1.5.1, STM32Cube_FW_H5_V0.5.1, STM32Cube_FW_H5_V1.1.0, STM32Cube_FW_H7_V1.11.0, STM32Cube_FW_L0_V1.12.2, STM32Cube_FW_L5_V1.5.0, STM32Cube_FW_U5_V1.3.0, STM32Cube_FW_U5_V1.3.0RC4, STM32Cube_FW_WBA_V1.0.0RC1, STM32Cube_FW_WBA_V1.1.0, STM32Cube_FW_WBA_V1.1.0RC1, STM32Cube_FW_WB_V1.15.0RC1, STM32Cube_FW_WB_V1.16.0, STM32Cube_FW_WB_V1.16.0RC2, STM32Cube_FW_WB_V1.17.0, STM32Cube_FW_WL_V1.3.0, X-CUBE-ALGOBUILD_V1.3.0, X-CUBE-ALS_V1.0.1, X-CUBE-AZRTOS-F4_V1.1.0, X-CUBE-AZRTOS-F7_V1.1.0, X-CUBE-AZRTOS-G0_V1.1.0, X-CUBE-AZRTOS-G4_V2.0.0, X-CUBE-AZRTOS-H7_V3.1.0, X-CUBE-AZRTOS-L4_V1.0.0, X-CUBE-AZRTOS-L4_V2.0.0, X-CUBE-AZRTOS-L5_V1.1.0, X-CUBE-AZRTOS-WB_V1.1.0, X-CUBE-AZRTOS-WL_V2.0.0, X-CUBE-BLE1_V7.0.0, X-CUBE-BLE2_V3.3.0, X-CUBE-BLEMGR_V2.0.0, X-CUBE-EEPRMA1_V4.1.0, X-CUBE-FREERTOS_V1.1.0, X-CUBE-GNSS1_V6.0.0, X-CUBE-MEMS1_V9.1.0, X-CUBE-MEMS1_V9.4.0, X-CUBE-MEMS1_V9.6.0, X-CUBE-NFC4_V3.0.0, X-CUBE-NFC7_V1.0.0, X-CUBE-SFXS2LP1_V4.0.0, X-CUBE-SUBG2_V5.0.0, X-CUBE-TOF1_V3.3.1]
2023-09-24 14:11:02,905 [INFO] ApiDb:240 - Found 323 in-development CPN: [B-G473E-ZEST1S, B-WB1M-WPAN1, B-WL5M-SUBG1, NUCLEO-C031C6, NUCLEO-H503RB, NUCLEO-H563ZI, NUCLEO-U545RE-Q, NUCLEO-U5A5ZJ-Q, NUCLEO-WBA52CG, STEVAL-PROTEUS1, STEVAL-SMARTAG2, STEVAL-STWINBX1, STM320518-EVAL, STM32C0116-DK, STM32C011D6Y3TR, STM32C011D6Y6TR, STM32C011F4P3, STM32C011F4P6, STM32C011F4U3, STM32C011F4U6TR, STM32C011F6P3, STM32C011F6P6, STM32C011F6U3, STM32C011F6U6TR, STM32C011J4M3, STM32C011J4M6, STM32C011J6M3, STM32C011J6M6, STM32C0316-DK, STM32C031C4T3, STM32C031C4T6, STM32C031C4U3, STM32C031C4U6, STM32C031C6T3, STM32C031C6T6, STM32C031C6U3, STM32C031C6U6, STM32C031F4P3, STM32C031F4P6, STM32C031F6P3, STM32C031F6P6, STM32C031G4U3, STM32C031G4U6, STM32C031G6U3, STM32C031G6U6, STM32C031K4T3, STM32C031K4T6, STM32C031K4U3, STM32C031K4U6, STM32C031K6T3, STM32C031K6T6, STM32C031K6U3, STM32C031K6U6, STM32G071K8TXN, STM32G071K8UXN, STM32G081GBU6N, STM32G081KBT6N, STM32G081KBUXN, STM32G0B1CCT6N, STM32G0B1KCT6, STM32G0B1NEY6TR, STM32G0B1RCT6N, STM32G0C1CCT6, STM32G0C1CCT6N, STM32G0C1CCU6N, STM32G0C1CET6N, STM32G0C1CEU6N, STM32G0C1KCT6, STM32G0C1NEY6TR, STM32G0C1RCI6N, STM32G0C1RCT6N, STM32G0C1REI6N, STM32G0C1RET6N, STM32G0C1VCI6, STM32G0C1VEI6, STM32G471CCT6, STM32G471CCU6, STM32G471CET3, STM32G471CET6, STM32G471CEU3, STM32G471CEU6, STM32G471MCT6, STM32G471MET3, STM32G471MET6, STM32G471MEY6TR, STM32G471QCT6, STM32G471QET3, STM32G471RCT6, STM32G471RET3, STM32G471RET6, STM32G471VCH6, STM32G471VCI6, STM32G471VCT6, STM32G471VEH3, STM32G471VEH6, STM32G471VEI3, STM32G471VEI6, STM32G471VET3, STM32G471VET6, STM32G474CCT6, STM32H503CBT6, STM32H503CBU6, STM32H503EBY6TR, STM32H503KBU6, STM32H503RBT6, STM32H562AGI6, STM32H562AII6, STM32H562IGK6, STM32H562IGT6, STM32H562IIK6, STM32H562IIT6, STM32H562RGT6, STM32H562RGV6, STM32H562RIT6, STM32H562RIV6, STM32H562VGT6, STM32H562VIT6, STM32H562ZGT6, STM32H562ZIT6, STM32H563AGI6, STM32H563AII3Q, STM32H563AII6, STM32H563IGK6, STM32H563IGT6, STM32H563IIK3Q, STM32H563IIK6, STM32H563IIT3Q, STM32H563IIT6, STM32H563MIY3QTR, STM32H563RGT6, STM32H563RGV6, STM32H563RIT6, STM32H563RIV6, STM32H563VGT6, STM32H563VIT3Q, STM32H563VIT6, STM32H563ZGT6, STM32H563ZIT3Q, STM32H563ZIT6, STM32H573AII3Q, STM32H573AII6, STM32H573I-DK, STM32H573IIK3Q, STM32H573IIK6, STM32H573IIT3Q, STM32H573IIT6, STM32H573MIY3QTR, STM32H573RIT6, STM32H573RIV6, STM32H573VIT3Q, STM32H573VIT6, STM32H573ZIT3Q, STM32H573ZIT6, STM32L4R5QGI6STR, STM32MP131AAE3, STM32MP131AAF3, STM32MP131AAG3, STM32MP131CAE3, STM32MP131CAF3, STM32MP131CAG3, STM32MP131DAE7, STM32MP131DAF7, STM32MP131DAG7, STM32MP131FAE7, STM32MP131FAF7, STM32MP131FAG7, STM32MP133AAE3, STM32MP133AAF3, STM32MP133AAG3, STM32MP133CAE3, STM32MP133CAF3, STM32MP133CAG3, STM32MP133DAE7, STM32MP133DAF7, STM32MP133DAG7, STM32MP133FAE7, STM32MP133FAF7, STM32MP133FAG7, STM32MP135AAE3, STM32MP135AAF3, STM32MP135AAG3, STM32MP135CAE3, STM32MP135CAF3, STM32MP135CAG3, STM32MP135DAE7, STM32MP135DAF7, STM32MP135DAG7, STM32MP135F-DK, STM32MP135FAE7, STM32MP135FAF7, STM32MP135FAF7T, STM32MP135FAF7U, STM32MP135FAG7, STM32U535CBT6, STM32U535CBT6Q, STM32U535CBU6, STM32U535CBU6Q, STM32U535CCT6, STM32U535CCT6Q, STM32U535CCU6, STM32U535CCU6Q, STM32U535CET6, STM32U535CET6Q, STM32U535CEU6, STM32U535CEU6Q, STM32U535JEY6QTR, STM32U535NCY6QTR, STM32U535NEY6QTR, STM32U535RBI6, STM32U535RBI6Q, STM32U535RBT6, STM32U535RBT6Q, STM32U535RCI6, STM32U535RCI6Q, STM32U535RCT6, STM32U535RCT6Q, STM32U535REI6, STM32U535REI6Q, STM32U535RET6, STM32U535RET6Q, STM32U535VCI6, STM32U535VCI6Q, STM32U535VCT6, STM32U535VCT6Q, STM32U535VEI6, STM32U535VEI6Q, STM32U535VET6, STM32U535VET6Q, STM32U545CET6, STM32U545CET6Q, STM32U545CEU6, STM32U545CEU6Q, STM32U545JEY6QTR, STM32U545NEY6QTR, STM32U545REI6, STM32U545REI6Q, STM32U545RET6, STM32U545RET6Q, STM32U545VEI6, STM32U545VEI6Q, STM32U545VET6, STM32U545VET6Q, STM32U595AIH6, STM32U595AIH6Q, STM32U595AJH6, STM32U595AJH6Q, STM32U595QII6, STM32U595QII6Q, STM32U595QJI6, STM32U595QJI6Q, STM32U595RIT6, STM32U595RIT6Q, STM32U595RJT6, STM32U595RJT6Q, STM32U595VIT6, STM32U595VIT6Q, STM32U595VJT6, STM32U595VJT6Q, STM32U595ZIT6, STM32U595ZIT6Q, STM32U595ZIY6QTR, STM32U595ZJT6, STM32U595ZJT6Q, STM32U595ZJY6QTR, STM32U599BJY6QTR, STM32U599NIH6Q, STM32U599NJH6Q, STM32U599VIT6Q, STM32U599VJT6, STM32U599VJT6Q, STM32U599ZIT6Q, STM32U599ZIY6QTR, STM32U599ZJT6Q, STM32U599ZJY6QTR, STM32U5A5AJH6, STM32U5A5AJH6Q, STM32U5A5QJI6, STM32U5A5QJI6Q, STM32U5A5RJT6, STM32U5A5RJT6Q, STM32U5A5VJT6, STM32U5A5VJT6Q, STM32U5A5ZJT6, STM32U5A5ZJT6Q, STM32U5A5ZJY6QTR, STM32U5A9BJY6QTR, STM32U5A9J-DK, STM32U5A9NJH6Q, STM32U5A9VJT6Q, STM32U5A9ZJT6Q, STM32U5A9ZJY6QTR, STM32U5F7VIT6, STM32U5F7VIT6Q, STM32U5F7VJT6, STM32U5F7VJT6Q, STM32U5F9BJY6QTR, STM32U5F9NJH6Q, STM32U5F9VIT6Q, STM32U5F9VJT6Q, STM32U5F9ZIJ6QTR, STM32U5F9ZIT6Q, STM32U5F9ZJJ6QTR, STM32U5F9ZJT6Q, STM32U5G7VJT6, STM32U5G7VJT6Q, STM32U5G9BJY6QTR, STM32U5G9J-DK1, STM32U5G9J-DK2, STM32U5G9NJH6Q, STM32U5G9VJT6Q, STM32U5G9ZJJ6QTR, STM32U5G9ZJT6Q, STM32WB1MMCH6, STM32WBA52CEU6, STM32WBA52CEU6T, STM32WBA52CGU6, STM32WBA52CGU6T, STM32WBA52KEU6, STM32WBA52KEU6T, STM32WBA52KGU6, STM32WBA52KGU6T, STM32WL5MOCH6, STM32WL5MOCH6TR]
2023-09-24 14:11:02,908 [INFO] DbMcus:217 - Found 3848 MCUs, 3848 are supported
2023-09-24 14:11:02,908 [INFO] ApiDb:414 - User favorites file not found: C:\Users\goneb/.stm32cubeide/favorites.mcus.txt
2023-09-24 14:11:02,908 [INFO] DbMcus:223 - Set 0 / 0 favorites MCUs
2023-09-24 14:11:03,134 [WARN] ThirdParty:833 - waiting for thirdparty lock release [change project]
2023-09-24 14:11:03,134 [INFO] ThirdParty:835 - entering critical section [change project]
2023-09-24 14:11:03,134 [INFO] ThirdParty:1030 - CMSIS Pack Vendor :STMicroelectronics X-CUBE-ISPU 1.1.0
2023-09-24 14:11:03,134 [INFO] ThirdParty:1030 - CMSIS Pack Vendor :STMicroelectronics USBPD 4.1
2023-09-24 14:11:03,134 [INFO] ThirdParty:1030 - CMSIS Pack Vendor :STMicroelectronics X-CUBE-GNSS1 6.0.0
2023-09-24 14:11:03,134 [INFO] ThirdParty:1030 - CMSIS Pack Vendor :STMicroelectronics USB_HOST 2.0.0
2023-09-24 14:11:03,134 [INFO] ThirdParty:1030 - CMSIS Pack Vendor :STMicroelectronics X-CUBE-AZRTOS-F4 1.1.0
2023-09-24 14:11:03,134 [INFO] ThirdParty:1030 - CMSIS Pack Vendor :STMicroelectronics LIBJPEG 8.0.0
2023-09-24 14:11:03,134 [INFO] ThirdParty:1030 - CMSIS Pack Vendor :wolfSSL I-CUBE-wolfSSL 5.6.3
2023-09-24 14:11:03,134 [INFO] ThirdParty:1030 - CMSIS Pack Vendor :STMicroelectronics X-CUBE-SMBUS 2.1.0
2023-09-24 14:11:03,134 [INFO] ThirdParty:1030 - CMSIS Pack Vendor :STMicroelectronics USB_DEVICE 3.0.0
2023-09-24 14:11:03,134 [INFO] ThirdParty:1030 - CMSIS Pack Vendor :STMicroelectronics X-CUBE-AZRTOS-WB 2.0.0
2023-09-24 14:11:03,134 [INFO] ThirdParty:1030 - CMSIS Pack Vendor :STMicroelectronics X-CUBE-AZRTOS-F7 1.1.0
2023-09-24 14:11:03,134 [INFO] ThirdParty:1030 - CMSIS Pack Vendor :STMicroelectronics X-CUBE-AZRTOS-L5 2.0.0
2023-09-24 14:11:03,134 [INFO] ThirdParty:1030 - CMSIS Pack Vendor :STMicroelectronics USB_DEVICE 2.0.0
2023-09-24 14:11:03,135 [INFO] ThirdParty:1030 - CMSIS Pack Vendor :STMicroelectronics X-CUBE-MEMS1 9.6.0
2023-09-24 14:11:03,135 [INFO] ThirdParty:1030 - CMSIS Pack Vendor :STMicroelectronics FP-SNS-MOTENV1 4.3.2
2023-09-24 14:11:03,135 [INFO] ThirdParty:1030 - CMSIS Pack Vendor :STMicroelectronics X-CUBE-ALGOBUILD 1.3.0
2023-09-24 14:11:03,135 [INFO] ThirdParty:1030 - CMSIS Pack Vendor :STMicroelectronics FreeRTOS 0.0.1
2023-09-24 14:11:03,135 [INFO] ThirdParty:1030 - CMSIS Pack Vendor :STMicroelectronics X-CUBE-AZRTOS-G0 1.1.0
2023-09-24 14:11:03,135 [INFO] ThirdParty:1030 - CMSIS Pack Vendor :STMicroelectronics X-CUBE-BLEMGR 2.0.0
2023-09-24 14:11:03,135 [INFO] ThirdParty:1030 - CMSIS Pack Vendor :STMicroelectronics X-CUBE-NFC4 3.0.0
2023-09-24 14:11:03,135 [INFO] ThirdParty:1030 - CMSIS Pack Vendor :STMicroelectronics X-CUBE-SUBG2 5.0.0
2023-09-24 14:11:03,135 [INFO] ThirdParty:1030 - CMSIS Pack Vendor :STMicroelectronics STM32_WPAN 1.0.0
2023-09-24 14:11:03,135 [INFO] ThirdParty:1030 - CMSIS Pack Vendor :STMicroelectronics lwIP 2.0.3
2023-09-24 14:11:03,135 [INFO] ThirdParty:1030 - CMSIS Pack Vendor :STMicroelectronics FP-SNS-FLIGHT1 5.0.2
2023-09-24 14:11:03,135 [INFO] ThirdParty:1030 - CMSIS Pack Vendor :STMicroelectronics USB_HOST 1.0.0
2023-09-24 14:11:03,135 [INFO] ThirdParty:1030 - CMSIS Pack Vendor :STMicroelectronics X-CUBE-TOF1 3.3.1
2023-09-24 14:11:03,135 [INFO] ThirdParty:1030 - CMSIS Pack Vendor :STMicroelectronics X-CUBE-AZRTOS-G4 2.0.0
2023-09-24 14:11:03,135 [INFO] ThirdParty:1030 - CMSIS Pack Vendor :STMicroelectronics PDM2PCM 3.1.0
2023-09-24 14:11:03,135 [INFO] ThirdParty:1030 - CMSIS Pack Vendor :STMicroelectronics X-CUBE-AZRTOS-H7 3.1.0
2023-09-24 14:11:03,135 [INFO] ThirdParty:1030 - CMSIS Pack Vendor :STMicroelectronics PDM2PCM 3.3.0
2023-09-24 14:11:03,135 [INFO] ThirdParty:1030 - CMSIS Pack Vendor :STMicroelectronics X-CUBE-DISPLAY 3.0.0
2023-09-24 14:11:03,135 [INFO] ThirdParty:1030 - CMSIS Pack Vendor :STMicroelectronics X-CUBE-BLE1 7.0.0
2023-09-24 14:11:03,135 [INFO] ThirdParty:1030 - CMSIS Pack Vendor :STMicroelectronics FP-ATR-SIGFOX1 3.2.0
2023-09-24 14:11:03,135 [INFO] ThirdParty:1030 - CMSIS Pack Vendor :STMicroelectronics HAL Drivers 0.0.0
2023-09-24 14:11:03,135 [INFO] ThirdParty:1030 - CMSIS Pack Vendor :STMicroelectronics MBEDTLS 2.16.2
2023-09-24 14:11:03,135 [INFO] ThirdParty:1030 - CMSIS Pack Vendor :emotas I-CUBE-CANOPEN 1.3.0
2023-09-24 14:11:03,135 [INFO] ThirdParty:1030 - CMSIS Pack Vendor :STMicroelectronics X-CUBE-FREERTOS 1.1.0
2023-09-24 14:11:03,135 [INFO] ThirdParty:1030 - CMSIS Pack Vendor :STMicroelectronics X-CUBE-TOUCHGFX 4.22.0
2023-09-24 14:11:03,135 [INFO] ThirdParty:1030 - CMSIS Pack Vendor :STMicroelectronics X-CUBE-NFC7 1.0.1
2023-09-24 14:11:03,135 [INFO] ThirdParty:1030 - CMSIS Pack Vendor :STMicroelectronics MBEDTLS 2.14.1
2023-09-24 14:11:03,135 [INFO] ThirdParty:1030 - CMSIS Pack Vendor :STMicroelectronics X-CUBE-NFC6 3.0.0
2023-09-24 14:11:03,135 [INFO] ThirdParty:1030 - CMSIS Pack Vendor :STMicroelectronics X-CUBE-EEPRMA1 4.1.0
2023-09-24 14:11:03,135 [INFO] ThirdParty:1030 - CMSIS Pack Vendor :portGmbH I-Cube-SoM-uGOAL 1.1.0
2023-09-24 14:11:03,135 [INFO] ThirdParty:1030 - CMSIS Pack Vendor :STMicroelectronics X-CUBE-ALS 1.0.1
2023-09-24 14:11:03,135 [INFO] ThirdParty:1030 - CMSIS Pack Vendor :STMicroelectronics ThreadX 1.0.0
2023-09-24 14:11:03,136 [INFO] ThirdParty:1030 - CMSIS Pack Vendor :STMicroelectronics FP-SNS-SMARTAG2 1.2.0
2023-09-24 14:11:03,136 [INFO] ThirdParty:1030 - CMSIS Pack Vendor :STMicroelectronics X-CUBE-AZRTOS-WL 2.0.0
2023-09-24 14:11:03,136 [INFO] ThirdParty:1030 - CMSIS Pack Vendor :SEGGER I-CUBE-embOS 1.3.1
2023-09-24 14:11:03,136 [INFO] ThirdParty:1030 - CMSIS Pack Vendor :STMicroelectronics USB_DEVICE 1.0.0
2023-09-24 14:11:03,136 [INFO] ThirdParty:1030 - CMSIS Pack Vendor :STMicroelectronics X-CUBE-AI 8.1.0
2023-09-24 14:11:03,136 [INFO] ThirdParty:1030 - CMSIS Pack Vendor :STMicroelectronics X-CUBE-AZRTOS-L4 2.0.0
2023-09-24 14:11:03,136 [INFO] ThirdParty:1030 - CMSIS Pack Vendor :STMicroelectronics ThreadX 0.0.2
2023-09-24 14:11:03,136 [INFO] ThirdParty:1030 - CMSIS Pack Vendor :WES I-CUBE-Cesium 1.3.0
2023-09-24 14:11:03,136 [INFO] ThirdParty:1030 - CMSIS Pack Vendor :STMicroelectronics FP-ATR-ASTRA1 2.0.0
2023-09-24 14:11:03,136 [INFO] ThirdParty:1030 - CMSIS Pack Vendor :STMicroelectronics lwIP 2.1.2
2023-09-24 14:11:03,136 [INFO] ThirdParty:1030 - CMSIS Pack Vendor :STMicroelectronics X-CUBE-SFXS2LP1 4.0.0
2023-09-24 14:11:03,136 [INFO] ThirdParty:1030 - CMSIS Pack Vendor :STMicroelectronics X-CUBE-BLE2 3.3.0
2023-09-24 14:11:03,136 [INFO] ThirdParty:1030 - CMSIS Pack Vendor :STMicroelectronics PDM2PCM 3.2.0
2023-09-24 14:11:03,136 [INFO] ThirdParty:841 - exiting critical section [change project]
2023-09-24 14:11:03,476 [INFO] PinOutPanel:1499 - setPackage(No Configuration,No Configuration)
2023-09-24 14:11:03,478 [INFO] PinOutPanel:1499 - setPackage(STM32L496ZGTx,LQFP144)
2023-09-24 14:11:03,974 [INFO] UtilMem:75 - Before build in PCC Used Memory: 580102560 Bytes (1003487232)
2023-09-24 14:11:04,935 [INFO] UtilMem:75 - After build in PCC Used Memory: 713337288 Bytes (1003487232)
2023-09-24 14:11:04,961 [INFO] IPUIPlugin:80 - create IPUIPlugin
2023-09-24 14:11:04,961 [INFO] IPUIPlugin:80 - create IPUIPlugin
2023-09-24 14:11:04,961 [INFO] IPUIPlugin:80 - create IPUIPlugin
2023-09-24 14:11:04,961 [INFO] IPUIPlugin:80 - create IPUIPlugin
2023-09-24 14:11:04,961 [INFO] IPUIPlugin:80 - create IPUIPlugin
2023-09-24 14:11:04,961 [INFO] IPUIPlugin:80 - create IPUIPlugin
2023-09-24 14:11:04,961 [INFO] IPUIPlugin:80 - create IPUIPlugin
2023-09-24 14:11:04,961 [INFO] IPUIPlugin:80 - create IPUIPlugin
2023-09-24 14:11:04,962 [INFO] IPUIPlugin:80 - create IPUIPlugin
2023-09-24 14:11:04,962 [INFO] IPUIPlugin:80 - create IPUIPlugin
2023-09-24 14:11:04,962 [INFO] IPUIPlugin:80 - create IPUIPlugin
2023-09-24 14:11:04,962 [INFO] IPUIPlugin:80 - create IPUIPlugin
2023-09-24 14:11:04,962 [INFO] IPUIPlugin:80 - create IPUIPlugin
2023-09-24 14:11:04,962 [INFO] IPUIPlugin:80 - create IPUIPlugin
2023-09-24 14:11:04,962 [INFO] IPUIPlugin:80 - create IPUIPlugin
2023-09-24 14:11:04,962 [INFO] IPUIPlugin:80 - create IPUIPlugin
2023-09-24 14:11:04,962 [INFO] IPUIPlugin:80 - create IPUIPlugin
2023-09-24 14:11:04,962 [INFO] IPUIPlugin:80 - create IPUIPlugin
2023-09-24 14:11:04,962 [INFO] IPUIPlugin:80 - create IPUIPlugin
2023-09-24 14:11:04,962 [INFO] IPUIPlugin:80 - create IPUIPlugin
2023-09-24 14:11:04,962 [INFO] IPUIPlugin:80 - create IPUIPlugin
2023-09-24 14:11:04,963 [INFO] IPUIPlugin:80 - create IPUIPlugin
2023-09-24 14:11:04,963 [INFO] IPUIPlugin:80 - create IPUIPlugin
2023-09-24 14:11:04,963 [INFO] IPUIPlugin:80 - create IPUIPlugin
2023-09-24 14:11:04,963 [INFO] IPUIPlugin:80 - create IPUIPlugin
2023-09-24 14:11:04,963 [INFO] IPUIPlugin:80 - create IPUIPlugin
2023-09-24 14:11:04,963 [INFO] IPUIPlugin:80 - create IPUIPlugin
2023-09-24 14:11:04,963 [INFO] IPUIPlugin:80 - create IPUIPlugin
2023-09-24 14:11:04,963 [INFO] IPUIPlugin:80 - create IPUIPlugin
2023-09-24 14:11:04,963 [INFO] IPUIPlugin:80 - create IPUIPlugin
2023-09-24 14:11:04,964 [INFO] IPUIPlugin:80 - create IPUIPlugin
2023-09-24 14:11:04,964 [INFO] IPUIPlugin:80 - create IPUIPlugin
2023-09-24 14:11:04,964 [INFO] IPUIPlugin:80 - create IPUIPlugin
2023-09-24 14:11:04,964 [INFO] IPUIPlugin:80 - create IPUIPlugin
2023-09-24 14:11:04,964 [INFO] IPUIPlugin:80 - create IPUIPlugin
2023-09-24 14:11:04,964 [INFO] IPUIPlugin:80 - create IPUIPlugin
2023-09-24 14:11:04,964 [INFO] IPUIPlugin:80 - create IPUIPlugin
2023-09-24 14:11:04,964 [INFO] IPUIPlugin:80 - create IPUIPlugin
2023-09-24 14:11:04,965 [INFO] IPUIPlugin:80 - create IPUIPlugin
2023-09-24 14:11:04,965 [INFO] IPUIPlugin:80 - create IPUIPlugin
2023-09-24 14:11:04,965 [INFO] IPUIPlugin:80 - create IPUIPlugin
2023-09-24 14:11:04,966 [INFO] IPUIPlugin:80 - create IPUIPlugin
2023-09-24 14:11:04,966 [INFO] IPUIPlugin:80 - create IPUIPlugin
2023-09-24 14:11:04,966 [INFO] IPUIPlugin:80 - create IPUIPlugin
2023-09-24 14:11:04,966 [INFO] IPUIPlugin:80 - create IPUIPlugin
2023-09-24 14:11:04,966 [INFO] IPUIPlugin:80 - create IPUIPlugin
2023-09-24 14:11:04,966 [INFO] IPUIPlugin:80 - create IPUIPlugin
2023-09-24 14:11:04,966 [INFO] IPUIPlugin:80 - create IPUIPlugin
2023-09-24 14:11:04,967 [INFO] IPUIPlugin:80 - create IPUIPlugin
2023-09-24 14:11:04,967 [INFO] IPUIPlugin:80 - create IPUIPlugin
2023-09-24 14:11:04,967 [INFO] IPUIPlugin:80 - create IPUIPlugin
2023-09-24 14:11:04,967 [INFO] IPUIPlugin:80 - create IPUIPlugin
2023-09-24 14:11:04,967 [INFO] IPUIPlugin:80 - create IPUIPlugin
2023-09-24 14:11:04,967 [INFO] IPUIPlugin:80 - create IPUIPlugin
2023-09-24 14:11:04,967 [INFO] IPUIPlugin:80 - create IPUIPlugin
2023-09-24 14:11:04,968 [INFO] IPUIPlugin:80 - create IPUIPlugin
2023-09-24 14:11:04,968 [INFO] IPUIPlugin:80 - create IPUIPlugin
2023-09-24 14:11:04,968 [INFO] IPUIPlugin:80 - create IPUIPlugin
2023-09-24 14:11:04,968 [INFO] IPUIPlugin:80 - create IPUIPlugin
2023-09-24 14:11:04,968 [INFO] IPUIPlugin:80 - create IPUIPlugin
2023-09-24 14:11:04,969 [INFO] IPUIPlugin:80 - create IPUIPlugin
2023-09-24 14:11:04,969 [INFO] IPUIPlugin:80 - create IPUIPlugin
2023-09-24 14:11:04,969 [INFO] IPUIPlugin:80 - create IPUIPlugin
2023-09-24 14:11:04,969 [INFO] IPUIPlugin:80 - create IPUIPlugin
2023-09-24 14:11:05,263 [INFO] CADModel:165 - CPN selected for project levelSTM32L496ZGT3
2023-09-24 14:11:05,263 [INFO] CADModel:114 - Register for checkConnection events
2023-09-24 14:11:05,301 [INFO] OpenFileManager:328 - Restore cursor
