2023-10-28 19:16:49,833 [INFO] Activator:176 - 


2023-10-28 19:16:49,837 [INFO] Activator:177 - !SESSION log4j initialized
2023-10-28 19:16:54,511 [INFO] LogOutputStream:77 - [STDOUT_REDIRECT] 
2023-10-28 19:16:57,728 [INFO] ApplicationProperties:184 - Using Application install path: C:\ST\STM32CubeIDE_1.13.2\STM32CubeIDE\plugins\com.st.stm32cube.common.mx_6.9.2.202309101412
2023-10-28 19:16:57,744 [INFO] DbMcusXml:78 - Set database path to: C:\ST\STM32CubeIDE_1.13.2\STM32CubeIDE\plugins\com.st.stm32cube.common.mx_6.9.2.202309101412\\db\/mcu/
2023-10-28 19:16:57,744 [INFO] ApiDb:274 - Set plugin database path to: C:\ST\STM32CubeIDE_1.13.2\STM32CubeIDE\plugins\com.st.stm32cube.common.mx_6.9.2.202309101412\\db\/plugins/boardmanager/
2023-10-28 19:16:57,745 [WARN] ApiDb:259 - Overriding images path with different value:  => C:\ST\STM32CubeIDE_1.13.2\STM32CubeIDE\plugins\com.st.stm32cube.common.mx_6.9.2.202309101412\\db\/plugins/mcufinder/images/
2023-10-28 19:16:57,759 [INFO] ApiDb:250 - Set database path to: C:\Users\goneb\.stmcufinder\plugins\mcufinder//mcu/
2023-10-28 19:16:57,761 [INFO] DbMcusAds:125 - Set database path to: C:\Users\goneb\.stmcufinder\plugins\mcufinder//mcu/
2023-10-28 19:16:57,762 [INFO] CrossReferenceDbSqlite:203 - Set database path to: C:\Users\goneb\.stmcufinder\plugins\mcufinder//mcu/cs/
2023-10-28 19:16:57,845 [INFO] RulesReader:64 - Compatibility file has been processed (293 Rules)
2023-10-28 19:16:57,922 [INFO] DbMcusXml:78 - Set database path to: C:\ST\STM32CubeIDE_1.13.2\STM32CubeIDE\plugins\com.st.stm32cube.common.mx_6.9.2.202309101412\\db\/mcu/
2023-10-28 19:16:57,922 [INFO] ApiDb:274 - Set plugin database path to: C:\ST\STM32CubeIDE_1.13.2\STM32CubeIDE\plugins\com.st.stm32cube.common.mx_6.9.2.202309101412\\db\/plugins/boardmanager/
2023-10-28 19:16:57,922 [INFO] ApiDb:261 - Set plugin images path to: C:\ST\STM32CubeIDE_1.13.2\STM32CubeIDE\plugins\com.st.stm32cube.common.mx_6.9.2.202309101412\\db\/plugins/mcufinder/images/
2023-10-28 19:16:57,922 [WARN] DbFile:41 - Overriding database path with different value: C:\Users\goneb\.stmcufinder\plugins\mcufinder/ => C:\Users\goneb\.stmcufinder\plugins\mcufinder
2023-10-28 19:16:57,922 [INFO] ApiDb:250 - Set database path to: C:\Users\goneb\.stmcufinder\plugins\mcufinder//mcu/
2023-10-28 19:16:57,922 [WARN] DbFile:41 - Overriding database path with different value: C:\Users\goneb\.stmcufinder\plugins\mcufinder/ => C:\Users\goneb\.stmcufinder\plugins\mcufinder
2023-10-28 19:16:57,922 [INFO] DbMcusAds:125 - Set database path to: C:\Users\goneb\.stmcufinder\plugins\mcufinder//mcu/
2023-10-28 19:16:57,922 [WARN] DbFile:41 - Overriding database path with different value: C:\Users\goneb\.stmcufinder\plugins\mcufinder/ => C:\Users\goneb\.stmcufinder\plugins\mcufinder
2023-10-28 19:16:57,923 [WARN] DbFile:41 - Overriding database path with different value: C:\Users\goneb\.stmcufinder\plugins\mcufinder/ => C:\Users\goneb\.stmcufinder\plugins\mcufinder
2023-10-28 19:16:57,923 [INFO] CrossReferenceDbSqlite:203 - Set database path to: C:\Users\goneb\.stmcufinder\plugins\mcufinder//mcu/cs/
2023-10-28 19:16:57,991 [INFO] MainPanel:262 - HeapMemory: 268435456
2023-10-28 19:16:58,072 [INFO] DbMcusXml:78 - Set database path to: C:\ST\STM32CubeIDE_1.13.2\STM32CubeIDE\plugins\com.st.stm32cube.common.mx_6.9.2.202309101412\\db\/mcu/
2023-10-28 19:16:58,072 [INFO] ApiDb:274 - Set plugin database path to: C:\ST\STM32CubeIDE_1.13.2\STM32CubeIDE\plugins\com.st.stm32cube.common.mx_6.9.2.202309101412\\db\/plugins/boardmanager/
2023-10-28 19:16:58,072 [INFO] ApiDb:261 - Set plugin images path to: C:\ST\STM32CubeIDE_1.13.2\STM32CubeIDE\plugins\com.st.stm32cube.common.mx_6.9.2.202309101412\\db\/plugins/mcufinder/images/
2023-10-28 19:16:58,073 [WARN] DbFile:41 - Overriding database path with different value: C:\Users\goneb\.stmcufinder\plugins\mcufinder/ => C:\Users\goneb\.stmcufinder\plugins\mcufinder
2023-10-28 19:16:58,073 [INFO] ApiDb:250 - Set database path to: C:\Users\goneb\.stmcufinder\plugins\mcufinder//mcu/
2023-10-28 19:16:58,073 [WARN] DbFile:41 - Overriding database path with different value: C:\Users\goneb\.stmcufinder\plugins\mcufinder/ => C:\Users\goneb\.stmcufinder\plugins\mcufinder
2023-10-28 19:16:58,073 [INFO] DbMcusAds:125 - Set database path to: C:\Users\goneb\.stmcufinder\plugins\mcufinder//mcu/
2023-10-28 19:16:58,073 [WARN] DbFile:41 - Overriding database path with different value: C:\Users\goneb\.stmcufinder\plugins\mcufinder/ => C:\Users\goneb\.stmcufinder\plugins\mcufinder
2023-10-28 19:16:58,073 [WARN] DbFile:41 - Overriding database path with different value: C:\Users\goneb\.stmcufinder\plugins\mcufinder/ => C:\Users\goneb\.stmcufinder\plugins\mcufinder
2023-10-28 19:16:58,073 [INFO] CrossReferenceDbSqlite:203 - Set database path to: C:\Users\goneb\.stmcufinder\plugins\mcufinder//mcu/cs/
2023-10-28 19:16:58,087 [INFO] ApplicationProperties:184 - Using Application install path: C:\ST\STM32CubeIDE_1.13.2\STM32CubeIDE\plugins\com.st.stm32cube.common.mx_6.9.2.202309101412
2023-10-28 19:16:58,087 [INFO] PluginManage:196 - Search for loadable plugins [exclusion list=, ]
2023-10-28 19:16:58,088 [INFO] PluginManage:310 - Check plugin analytics
2023-10-28 19:16:58,192 [INFO] AnalyticsPlugin:253 - Accepted Software Licenses: STM32CubeMX.6.9.2
2023-10-28 19:16:58,192 [INFO] AnalyticsPlugin:255 - Accepted CMSIS Pack Licenses: STMicroelectronics.X-CUBE-NFC4.3.0.0
2023-10-28 19:16:58,192 [INFO] AnalyticsPlugin:257 - Accepted Firmware Licenses: FW.L4.1.18.0
2023-10-28 19:16:58,195 [INFO] PluginManage:359 - Loaded plugin analytics (category:tool,tabindex:-1)
2023-10-28 19:16:58,195 [INFO] PluginManage:310 - Check plugin cadmodel
2023-10-28 19:16:58,207 [INFO] CADModel:105 - Init CAD model plugin
2023-10-28 19:16:58,208 [INFO] PluginManage:359 - Loaded plugin cadmodel (category:power,tabindex:5)
2023-10-28 19:16:58,208 [INFO] PluginManage:310 - Check plugin clock
2023-10-28 19:16:58,222 [INFO] PluginManage:359 - Loaded plugin clock (category:base,tabindex:2)
2023-10-28 19:16:58,222 [INFO] PluginManage:310 - Check plugin ddr
2023-10-28 19:16:58,224 [INFO] PluginManage:359 - Loaded plugin ddr (category:tool,tabindex:6)
2023-10-28 19:16:58,224 [INFO] PluginManage:310 - Check plugin filemanager
2023-10-28 19:16:58,315 [INFO] PluginManage:359 - Loaded plugin filemanager (category:base,tabindex:10)
2023-10-28 19:16:58,315 [INFO] PluginManage:310 - Check plugin ipmanager
2023-10-28 19:16:58,325 [INFO] PluginManage:359 - Loaded plugin ipmanager (category:base,tabindex:5)
2023-10-28 19:16:58,325 [INFO] PluginManage:310 - Check plugin lpbam
2023-10-28 19:16:58,338 [INFO] PluginManage:359 - Loaded plugin lpbam (category:base,tabindex:0)
2023-10-28 19:16:58,338 [INFO] PluginManage:310 - Check plugin memorymap
2023-10-28 19:16:58,355 [INFO] PluginManage:359 - Loaded plugin memorymap (category:base,tabindex:4)
2023-10-28 19:16:58,355 [INFO] PluginManage:310 - Check plugin pinoutandconfiguration
2023-10-28 19:16:58,374 [INFO] PluginManage:359 - Loaded plugin pinoutandconfiguration (category:base,tabindex:1)
2023-10-28 19:16:58,375 [INFO] PluginManage:310 - Check plugin pinoutconfig
2023-10-28 19:16:58,448 [WARN] SupportedApi:132 - Cannot load RTOS API schema: s4s-elt-must-match.1: The content of 'definitions' must match (annotation?, (simpleType | complexType)?, (unique | key | keyref)*)). A problem was found starting at: attribute.
2023-10-28 19:16:58,552 [INFO] PluginManage:359 - Loaded plugin pinoutconfig (category:base,tabindex:0)
2023-10-28 19:16:58,552 [INFO] PluginManage:310 - Check plugin power
2023-10-28 19:16:58,569 [INFO] PluginManage:359 - Loaded plugin power (category:power,tabindex:4)
2023-10-28 19:16:58,569 [INFO] PluginManage:310 - Check plugin projectmanager
2023-10-28 19:16:58,579 [INFO] PluginManage:359 - Loaded plugin projectmanager (category:projectmanager,tabindex:3)
2023-10-28 19:16:58,579 [INFO] PluginManage:310 - Check plugin thirdparty
2023-10-28 19:16:58,775 [INFO] PluginManage:359 - Loaded plugin thirdparty (category:base,tabindex:-1)
2023-10-28 19:16:58,775 [INFO] PluginManage:310 - Check plugin tools
2023-10-28 19:16:58,775 [WARN] IntegrityCheckThread:84 - waiting for thirdparty lock release [integrity check]
2023-10-28 19:16:58,776 [INFO] IntegrityCheckThread:86 - entering critical section [integrity check]
2023-10-28 19:16:58,776 [INFO] ThirdPartyUpdaterWithRetryManager:70 - Updater plugin not ready yet. [1/15]
2023-10-28 19:16:58,796 [INFO] PluginManage:359 - Loaded plugin tools (category:base,tabindex:7)
2023-10-28 19:16:58,797 [INFO] PluginManage:310 - Check plugin tutovideos
2023-10-28 19:16:58,940 [INFO] PluginManage:359 - Loaded plugin tutovideos (category:base,tabindex:-1)
2023-10-28 19:16:58,940 [INFO] PluginManage:310 - Check plugin updater
2023-10-28 19:16:58,949 [INFO] PluginManage:359 - Loaded plugin updater (category:base,tabindex:12)
2023-10-28 19:16:58,950 [INFO] PluginManage:310 - Check plugin userauth
2023-10-28 19:16:58,954 [INFO] UserAuth:113 - Init User Auth plugin
2023-10-28 19:16:58,955 [INFO] PluginManage:359 - Loaded plugin userauth (category:base,tabindex:14)
2023-10-28 19:16:58,955 [INFO] PluginManage:283 - PluginManage : Loaded plugins [17]
2023-10-28 19:16:59,117 [INFO] PinOutPanel:1499 - setPackage(No Configuration,No Configuration)
2023-10-28 19:16:59,211 [INFO] CADModel:165 - CPN selected for project level
2023-10-28 19:16:59,211 [INFO] CADModel:114 - Register for checkConnection events
2023-10-28 19:16:59,232 [INFO] IPUIPlugin:80 - create IPUIPlugin
2023-10-28 19:16:59,232 [INFO] PluginManager:220 - loadIPPluginJar : add adc
2023-10-28 19:16:59,254 [INFO] IPUIPlugin:80 - create IPUIPlugin
2023-10-28 19:16:59,254 [INFO] PluginManager:220 - loadIPPluginJar : add aes
2023-10-28 19:16:59,278 [INFO] IPUIPlugin:80 - create IPUIPlugin
2023-10-28 19:16:59,278 [INFO] PluginManager:220 - loadIPPluginJar : add can
2023-10-28 19:16:59,292 [INFO] IPUIPlugin:80 - create IPUIPlugin
2023-10-28 19:16:59,292 [INFO] PluginManager:220 - loadIPPluginJar : add comp
2023-10-28 19:16:59,313 [INFO] IPUIPlugin:80 - create IPUIPlugin
2023-10-28 19:16:59,313 [INFO] PluginManager:220 - loadIPPluginJar : add cryp
2023-10-28 19:16:59,330 [INFO] IPUIPlugin:80 - create IPUIPlugin
2023-10-28 19:16:59,330 [INFO] PluginManager:220 - loadIPPluginJar : add dfsdm
2023-10-28 19:16:59,339 [INFO] IPUIPlugin:80 - create IPUIPlugin
2023-10-28 19:16:59,340 [INFO] PluginManager:220 - loadIPPluginJar : add dma
2023-10-28 19:16:59,364 [INFO] IPUIPlugin:80 - create IPUIPlugin
2023-10-28 19:16:59,364 [INFO] PluginManager:220 - loadIPPluginJar : add dma3
2023-10-28 19:16:59,376 [INFO] IPUIPlugin:80 - create IPUIPlugin
2023-10-28 19:16:59,376 [INFO] PluginManager:220 - loadIPPluginJar : add fatfs
2023-10-28 19:16:59,404 [INFO] IPUIPlugin:80 - create IPUIPlugin
2023-10-28 19:16:59,404 [INFO] PluginManager:220 - loadIPPluginJar : add fmc
2023-10-28 19:16:59,415 [INFO] IPUIPlugin:80 - create IPUIPlugin
2023-10-28 19:16:59,415 [INFO] PluginManager:220 - loadIPPluginJar : add freertos
2023-10-28 19:16:59,428 [INFO] IPUIPlugin:80 - create IPUIPlugin
2023-10-28 19:16:59,428 [INFO] PluginManager:220 - loadIPPluginJar : add genericplugin
2023-10-28 19:16:59,481 [INFO] IPUIPlugin:80 - create IPUIPlugin
2023-10-28 19:16:59,481 [INFO] PluginManager:220 - loadIPPluginJar : add gfxmmu
2023-10-28 19:16:59,556 [INFO] IPUIPlugin:80 - create IPUIPlugin
2023-10-28 19:16:59,556 [INFO] PluginManager:220 - loadIPPluginJar : add gic
2023-10-28 19:16:59,565 [INFO] IPUIPlugin:80 - create IPUIPlugin
2023-10-28 19:16:59,566 [INFO] PluginManager:220 - loadIPPluginJar : add gpio
2023-10-28 19:16:59,618 [INFO] IPUIPlugin:80 - create IPUIPlugin
2023-10-28 19:16:59,618 [INFO] PluginManager:220 - loadIPPluginJar : add gtzc
2023-10-28 19:16:59,636 [INFO] IPUIPlugin:80 - create IPUIPlugin
2023-10-28 19:16:59,636 [INFO] PluginManager:220 - loadIPPluginJar : add hash
2023-10-28 19:16:59,666 [INFO] IPUIPlugin:80 - create IPUIPlugin
2023-10-28 19:16:59,666 [INFO] PluginManager:220 - loadIPPluginJar : add i2c
2023-10-28 19:16:59,688 [INFO] IPUIPlugin:80 - create IPUIPlugin
2023-10-28 19:16:59,688 [INFO] PluginManager:220 - loadIPPluginJar : add i2s
2023-10-28 19:16:59,713 [INFO] IPUIPlugin:80 - create IPUIPlugin
2023-10-28 19:16:59,713 [INFO] PluginManager:220 - loadIPPluginJar : add i3c
2023-10-28 19:16:59,775 [INFO] IPUIPlugin:80 - create IPUIPlugin
2023-10-28 19:16:59,776 [INFO] PluginManager:220 - loadIPPluginJar : add ipddr
2023-10-28 19:16:59,828 [INFO] IPUIPlugin:80 - create IPUIPlugin
2023-10-28 19:16:59,828 [INFO] PluginManager:220 - loadIPPluginJar : add linkedlist
2023-10-28 19:16:59,849 [INFO] IPUIPlugin:80 - create IPUIPlugin
2023-10-28 19:16:59,849 [INFO] PluginManager:220 - loadIPPluginJar : add lorawan
2023-10-28 19:16:59,870 [INFO] IPUIPlugin:80 - create IPUIPlugin
2023-10-28 19:16:59,870 [INFO] PluginManager:220 - loadIPPluginJar : add ltdc
2023-10-28 19:16:59,880 [INFO] IPUIPlugin:80 - create IPUIPlugin
2023-10-28 19:16:59,880 [INFO] PluginManager:220 - loadIPPluginJar : add mdma
2023-10-28 19:16:59,889 [INFO] IPUIPlugin:80 - create IPUIPlugin
2023-10-28 19:16:59,889 [INFO] PluginManager:220 - loadIPPluginJar : add nvic
2023-10-28 19:16:59,909 [INFO] IPUIPlugin:80 - create IPUIPlugin
2023-10-28 19:16:59,909 [INFO] PluginManager:220 - loadIPPluginJar : add opamp
2023-10-28 19:16:59,943 [INFO] IPUIPlugin:80 - create IPUIPlugin
2023-10-28 19:16:59,943 [INFO] PluginManager:220 - loadIPPluginJar : add openamp
2023-10-28 19:16:59,967 [INFO] IPUIPlugin:80 - create IPUIPlugin
2023-10-28 19:16:59,967 [INFO] PluginManager:220 - loadIPPluginJar : add pdm2pcm
2023-10-28 19:16:59,977 [INFO] IPUIPlugin:80 - create IPUIPlugin
2023-10-28 19:16:59,979 [INFO] PluginManager:220 - loadIPPluginJar : add plateformsettings
2023-10-28 19:16:59,992 [INFO] IPUIPlugin:80 - create IPUIPlugin
2023-10-28 19:16:59,993 [INFO] PluginManager:220 - loadIPPluginJar : add quadspi
2023-10-28 19:17:00,001 [INFO] IPUIPlugin:80 - create IPUIPlugin
2023-10-28 19:17:00,001 [INFO] PluginManager:220 - loadIPPluginJar : add resmgrutility
2023-10-28 19:17:00,030 [INFO] IPUIPlugin:80 - create IPUIPlugin
2023-10-28 19:17:00,030 [INFO] PluginManager:220 - loadIPPluginJar : add sai
2023-10-28 19:17:00,053 [INFO] IPUIPlugin:80 - create IPUIPlugin
2023-10-28 19:17:00,053 [INFO] PluginManager:220 - loadIPPluginJar : add spi
2023-10-28 19:17:00,086 [INFO] IPUIPlugin:80 - create IPUIPlugin
2023-10-28 19:17:00,086 [INFO] PluginManager:220 - loadIPPluginJar : add stm32_wpan
2023-10-28 19:17:00,099 [INFO] IPUIPlugin:80 - create IPUIPlugin
2023-10-28 19:17:00,099 [INFO] PluginManager:220 - loadIPPluginJar : add tim
2023-10-28 19:17:00,131 [INFO] IPUIPlugin:80 - create IPUIPlugin
2023-10-28 19:17:00,131 [INFO] PluginManager:220 - loadIPPluginJar : add touchsensing
2023-10-28 19:17:00,145 [INFO] IPUIPlugin:80 - create IPUIPlugin
2023-10-28 19:17:00,145 [INFO] PluginManager:220 - loadIPPluginJar : add tracer_emb
2023-10-28 19:17:00,159 [INFO] IPUIPlugin:80 - create IPUIPlugin
2023-10-28 19:17:00,159 [INFO] PluginManager:220 - loadIPPluginJar : add ts
2023-10-28 19:17:00,172 [INFO] IPUIPlugin:80 - create IPUIPlugin
2023-10-28 19:17:00,172 [INFO] PluginManager:220 - loadIPPluginJar : add tsc
2023-10-28 19:17:00,185 [INFO] IPUIPlugin:80 - create IPUIPlugin
2023-10-28 19:17:00,185 [INFO] PluginManager:220 - loadIPPluginJar : add ucpd
2023-10-28 19:17:00,211 [INFO] IPUIPlugin:80 - create IPUIPlugin
2023-10-28 19:17:00,211 [INFO] PluginManager:220 - loadIPPluginJar : add usart
2023-10-28 19:17:00,235 [INFO] IPUIPlugin:80 - create IPUIPlugin
2023-10-28 19:17:00,235 [INFO] PluginManager:220 - loadIPPluginJar : add usbx
2023-10-28 19:17:00,339 [INFO] CADModel:165 - CPN selected for project level
2023-10-28 19:17:00,339 [INFO] CADModel:114 - Register for checkConnection events
2023-10-28 19:17:00,339 [FATAL] Updater:308 - Updater called before beeing initialized
2023-10-28 19:17:00,339 [ERROR] CADModel:125 - Updater not yet initialized, retry later 
2023-10-28 19:17:00,443 [INFO] CADModel:165 - CPN selected for project level
2023-10-28 19:17:00,443 [INFO] CADModel:114 - Register for checkConnection events
2023-10-28 19:17:00,443 [FATAL] Updater:308 - Updater called before beeing initialized
2023-10-28 19:17:00,443 [ERROR] CADModel:125 - Updater not yet initialized, retry later 
2023-10-28 19:17:00,446 [FATAL] Updater:308 - Updater called before beeing initialized
2023-10-28 19:17:00,529 [FATAL] Updater:308 - Updater called before beeing initialized
2023-10-28 19:17:00,536 [INFO] DbMcusAds:53 - JSON generation date=Tue Mar 07 00:50:55 PST 2023 (1678179055114)
2023-10-28 19:17:00,536 [FATAL] Updater:308 - Updater called before beeing initialized
2023-10-28 19:17:00,595 [WARN] DetailPanel:346 - Failed to get advertising image, set to default
2023-10-28 19:17:00,663 [FATAL] Updater:308 - Updater called before beeing initialized
2023-10-28 19:17:00,665 [FATAL] Updater:308 - Updater called before beeing initialized
2023-10-28 19:17:00,665 [FATAL] Updater:308 - Updater called before beeing initialized
2023-10-28 19:17:00,665 [WARN] DetailPanel:346 - Failed to get advertising image, set to default
2023-10-28 19:17:00,666 [FATAL] Updater:308 - Updater called before beeing initialized
2023-10-28 19:17:00,701 [ERROR] Updater:1120 - MainUpdater not yet initialized. External WinMGr cannot be set.
2023-10-28 19:17:00,708 [INFO] Updater:1056 - Updater Version found : 6.9.2
2023-10-28 19:17:00,726 [INFO] ApplicationProperties:184 - Using Application install path: C:\ST\STM32CubeIDE_1.13.2\STM32CubeIDE\plugins\com.st.stm32cube.common.mx_6.9.2.202309101412
2023-10-28 19:17:00,871 [INFO] MainUpdater:2868 - connection check result : 10
2023-10-28 19:17:00,871 [INFO] MainUpdater:285 - Updater Check For Update Now.
2023-10-28 19:17:00,871 [INFO] MicroXplorer:498 - Change Database Version : DB.6.0.92
2023-10-28 19:17:00,881 [INFO] McuFinderGlobals:63 - Set McuFinder mode to 2 (CubeIDE integrated)
2023-10-28 19:17:01,030 [INFO] CheckServerUpdateThread:120 - End of CheckServer Thread
2023-10-28 19:17:01,945 [WARN] PackLoader:240 - Cannot read IP mode file for STMicroelectronics.X-CUBE-SMBUS.2.1.0
2023-10-28 19:17:01,976 [WARN] PackLoader:240 - Cannot read IP mode file for STMicroelectronics.X-CUBE-AZRTOS-F7.1.1.0
2023-10-28 19:17:01,990 [WARN] PackLoader:240 - Cannot read IP mode file for STMicroelectronics.FP-SNS-MOTENV1.4.3.2
2023-10-28 19:17:02,000 [WARN] PackLoader:240 - Cannot read IP mode file for STMicroelectronics.FP-SNS-FLIGHT1.5.0.2
2023-10-28 19:17:02,014 [WARN] PackLoader:240 - Cannot read IP mode file for STMicroelectronics.X-CUBE-DISPLAY.3.0.0
2023-10-28 19:17:02,031 [WARN] PackLoader:240 - Cannot read IP mode file for STMicroelectronics.X-CUBE-BLE1.7.0.0
2023-10-28 19:17:02,042 [WARN] PackLoader:240 - Cannot read IP mode file for emotas.I-CUBE-CANOPEN.1.3.0
2023-10-28 19:17:02,052 [WARN] PackLoader:240 - Cannot read IP mode file for STMicroelectronics.X-CUBE-TOUCHGFX.4.22.0
2023-10-28 19:17:02,060 [WARN] PackLoader:240 - Cannot read IP mode file for STMicroelectronics.X-CUBE-TOUCHGFX.4.22.1
2023-10-28 19:17:02,067 [WARN] PackLoader:240 - Cannot read IP mode file for STMicroelectronics.FP-SNS-SMARTAG2.1.2.0
2023-10-28 19:17:02,080 [INFO] LogOutputStream:77 - [STDOUT_REDIRECT] 1 : Invalid condition id : UX_CORESTACK_Condition cause : null
2023-10-28 19:17:02,081 [INFO] LogOutputStream:77 - [STDOUT_REDIRECT] 1 : Invalid condition id : UX_CORESTACK_Condition cause : null
2023-10-28 19:17:02,081 [INFO] LogOutputStream:77 - [STDOUT_REDIRECT] 1 : Invalid condition id : UX_CORESTACK_Condition cause : null
2023-10-28 19:17:02,082 [INFO] LogOutputStream:77 - [STDOUT_REDIRECT] 1 : Invalid condition id : UX_CORESTACK_Condition cause : null
2023-10-28 19:17:02,083 [INFO] LogOutputStream:77 - [STDOUT_REDIRECT] 1 : Invalid condition id : UX_CORESTACK_Condition cause : null
2023-10-28 19:17:02,084 [WARN] PackLoader:240 - Cannot read IP mode file for STMicroelectronics.X-CUBE-AZRTOS-WL.2.0.0
2023-10-28 19:17:02,094 [WARN] PackLoader:240 - Cannot read IP mode file for WES.I-CUBE-Cesium.1.3.0
2023-10-28 19:17:02,102 [WARN] PackLoader:240 - Cannot read IP mode file for STMicroelectronics.X-CUBE-BLE2.3.3.0
2023-10-28 19:17:02,111 [WARN] PackLoader:240 - Cannot read IP mode file for STMicroelectronics.X-CUBE-ALGOBUILD.1.3.0
2023-10-28 19:17:02,129 [WARN] PackLoader:240 - Cannot read IP mode file for STMicroelectronics.X-CUBE-AZRTOS-G0.1.1.0
2023-10-28 19:17:02,142 [WARN] PackLoader:240 - Cannot read IP mode file for STMicroelectronics.X-CUBE-NFC4.3.0.0
2023-10-28 19:17:02,213 [WARN] PackLoader:240 - Cannot read IP mode file for STMicroelectronics.FP-ATR-SIGFOX1.3.2.0
2023-10-28 19:17:02,236 [WARN] PackLoader:240 - Cannot read IP mode file for SEGGER.I-CUBE-embOS.1.3.1
2023-10-28 19:17:02,265 [WARN] PackLoader:240 - Cannot read IP mode file for STMicroelectronics.X-CUBE-GNSS1.6.0.0
2023-10-28 19:17:02,288 [WARN] PackLoader:240 - Cannot read IP mode file for STMicroelectronics.X-CUBE-AZRTOS-F4.1.1.0
2023-10-28 19:17:02,299 [WARN] PackLoader:240 - Cannot read IP mode file for wolfSSL.I-CUBE-wolfSSL.5.6.3
2023-10-28 19:17:02,319 [WARN] PackLoader:240 - Cannot read IP mode file for STMicroelectronics.X-CUBE-AZRTOS-L5.2.0.0
2023-10-28 19:17:02,350 [WARN] PackLoader:240 - Cannot read IP mode file for STMicroelectronics.X-CUBE-MEMS1.9.6.0
2023-10-28 19:17:02,435 [WARN] PackLoader:240 - Cannot read IP mode file for STMicroelectronics.X-CUBE-EEPRMA1.4.2.0
2023-10-28 19:17:02,454 [WARN] PackLoader:240 - Cannot read IP mode file for ITTIA_DB.I-CUBE-ITTIADB.8.8.0
2023-10-28 19:17:02,471 [WARN] PackLoader:240 - Cannot read IP mode file for STMicroelectronics.X-CUBE-BLEMGR.2.0.0
2023-10-28 19:17:02,492 [WARN] ConditionMgr:438 - getConditionDescription Invalid condition id : UX DEVICE CLASS RTOS Condition cause : null
2023-10-28 19:17:02,492 [WARN] ConditionMgr:438 - getConditionDescription Invalid condition id : UX DEVICE CLASS RTOS Condition cause : null
2023-10-28 19:17:02,494 [WARN] PackLoader:240 - Cannot read IP mode file for STMicroelectronics.X-CUBE-AZRTOS-H7.3.1.0
2023-10-28 19:17:02,494 [WARN] ConditionMgr:1039 - genDependencies : Invalid condition id : UX DEVICE CLASS RTOS Condition cause : null
2023-10-28 19:17:02,494 [WARN] ConditionMgr:1039 - genDependencies : Invalid condition id : UX DEVICE CLASS RTOS Condition cause : null
2023-10-28 19:17:02,494 [WARN] ConditionMgr:1039 - genDependencies : Invalid condition id : UX DEVICE CLASS RTOS Condition cause : null
2023-10-28 19:17:02,495 [WARN] ConditionMgr:1039 - genDependencies : Invalid condition id : UX DEVICE CLASS RTOS Condition cause : null
2023-10-28 19:17:02,495 [WARN] ConditionMgr:1039 - genDependencies : Invalid condition id : UX DEVICE CLASS RTOS Condition cause : null
2023-10-28 19:17:02,507 [WARN] PackLoader:240 - Cannot read IP mode file for STMicroelectronics.X-CUBE-NFC7.1.0.1
2023-10-28 19:17:02,519 [WARN] PackLoader:240 - Cannot read IP mode file for STMicroelectronics.X-CUBE-NFC6.3.0.0
2023-10-28 19:17:02,528 [WARN] PackLoader:240 - Cannot read IP mode file for STMicroelectronics.X-CUBE-EEPRMA1.4.1.0
2023-10-28 19:17:02,538 [WARN] PackLoader:240 - Cannot read IP mode file for STMicroelectronics.X-CUBE-AI.8.1.0
2023-10-28 19:17:02,558 [WARN] ConditionMgr:438 - getConditionDescription Invalid condition id : LAN8742 Phy interface Condition cause : null
2023-10-28 19:17:02,559 [WARN] PackLoader:240 - Cannot read IP mode file for STMicroelectronics.X-CUBE-AZRTOS-L4.2.0.0
2023-10-28 19:17:02,559 [WARN] ConditionMgr:1039 - genDependencies : Invalid condition id : LAN8742 Phy interface Condition cause : null
2023-10-28 19:17:02,559 [WARN] ConditionMgr:1039 - genDependencies : Invalid condition id : LAN8742 Phy interface Condition cause : null
2023-10-28 19:17:02,559 [WARN] ConditionMgr:1039 - genDependencies : Invalid condition id : LAN8742 Phy interface Condition cause : null
2023-10-28 19:17:02,571 [WARN] PackLoader:240 - Cannot read IP mode file for STMicroelectronics.X-CUBE-SFXS2LP1.4.0.0
2023-10-28 19:17:02,579 [WARN] PackLoader:240 - Cannot read IP mode file for STMicroelectronics.X-CUBE-ISPU.1.1.0
2023-10-28 19:17:02,596 [WARN] ConditionMgr:438 - getConditionDescription Invalid condition id : UX DEVICE CLASS RTOS Condition cause : null
2023-10-28 19:17:02,596 [WARN] ConditionMgr:438 - getConditionDescription Invalid condition id : UX DEVICE CLASS RTOS Condition cause : null
2023-10-28 19:17:02,597 [WARN] PackLoader:240 - Cannot read IP mode file for STMicroelectronics.X-CUBE-AZRTOS-WB.2.0.0
2023-10-28 19:17:02,597 [WARN] ConditionMgr:1039 - genDependencies : Invalid condition id : UX DEVICE CLASS RTOS Condition cause : null
2023-10-28 19:17:02,597 [WARN] ConditionMgr:1039 - genDependencies : Invalid condition id : UX DEVICE CLASS RTOS Condition cause : null
2023-10-28 19:17:02,598 [WARN] ConditionMgr:1039 - genDependencies : Invalid condition id : UX DEVICE CLASS RTOS Condition cause : null
2023-10-28 19:17:02,598 [WARN] ConditionMgr:1039 - genDependencies : Invalid condition id : UX DEVICE CLASS RTOS Condition cause : null
2023-10-28 19:17:02,598 [WARN] ConditionMgr:1039 - genDependencies : Invalid condition id : UX DEVICE CLASS RTOS Condition cause : null
2023-10-28 19:17:02,612 [WARN] PackLoader:240 - Cannot read IP mode file for STMicroelectronics.X-CUBE-SUBG2.5.0.0
2023-10-28 19:17:02,628 [WARN] PackLoader:240 - Cannot read IP mode file for STMicroelectronics.X-CUBE-TOF1.3.3.1
2023-10-28 19:17:02,652 [WARN] PackLoader:240 - Cannot read IP mode file for STMicroelectronics.X-CUBE-AZRTOS-G4.2.0.0
2023-10-28 19:17:02,671 [WARN] PackLoader:240 - Cannot read IP mode file for Infineon.AIROC-Wi-Fi-Bluetooth-STM32.1.5.1
2023-10-28 19:17:02,703 [WARN] PackLoader:240 - Cannot read IP mode file for STMicroelectronics.X-CUBE-MEMS1.10.0.0
2023-10-28 19:17:02,766 [WARN] PackLoader:240 - Cannot read IP mode file for STMicroelectronics.X-CUBE-FREERTOS.1.1.0
2023-10-28 19:17:02,783 [WARN] PackLoader:240 - Cannot read IP mode file for portGmbH.I-Cube-SoM-uGOAL.1.1.0
2023-10-28 19:17:02,797 [WARN] PackLoader:240 - Cannot read IP mode file for STMicroelectronics.X-CUBE-ALS.1.0.1
2023-10-28 19:17:02,805 [WARN] PackLoader:240 - Cannot read IP mode file for STMicroelectronics.FP-ATR-ASTRA1.2.0.0
2023-10-28 19:17:02,806 [INFO] ThirdParty:978 - Integrity check success = true
2023-10-28 19:17:02,806 [INFO] IntegrityCheckThread:100 - exiting critical section [integrity check]
2023-10-28 19:17:02,806 [INFO] IntegrityCheckThread:103 - End integrity checks thread
2023-10-28 19:17:21,666 [ERROR] LogOutputStream:75 - [STDERR_REDIRECT] SLF4J: Failed to load class "org.slf4j.impl.StaticLoggerBinder".
2023-10-28 19:17:21,666 [ERROR] LogOutputStream:75 - [STDERR_REDIRECT] SLF4J: Defaulting to no-operation (NOP) logger implementation
2023-10-28 19:17:21,667 [ERROR] LogOutputStream:75 - [STDERR_REDIRECT] SLF4J: See http://www.slf4j.org/codes.html#StaticLoggerBinder for further details.
2023-10-28 19:33:47,255 [INFO] McuFinderGlobals:63 - Set McuFinder mode to 2 (CubeIDE integrated)
2023-10-28 19:33:47,270 [INFO] MainUpdater:2868 - connection check result : 10
2023-10-28 19:33:47,642 [INFO] ApiDb:581 - Connected to CubeFinder SQLite database (C:\Users\goneb\.stmcufinder\plugins\mcufinder\mcu\cube-finder-db.db)
2023-10-28 19:33:47,744 [INFO] ApiDb:668 - CubeFinder database Data Model version=2.1
2023-10-28 19:33:47,744 [INFO] ApiDb:669 - CubeFinder database Configuration version=3.0.37
2023-10-28 19:33:47,745 [INFO] ApiDb:670 - CubeFinder database generation date=2023-10-13 (1697197505)
2023-10-28 19:33:47,745 [INFO] ApiDb:671 - CubeFinder database FW Pack versions=[FP-ATR-ASTRA1_V2.0.0, FP-SNS-FLIGHT1_V5.0.1, FP-SNS-FLIGHT1_V5.0.2, FP-SNS-MOTENV1_V4.3.1, FP-SNS-MOTENV1_V4.3.2, FP-SNS-SMARTAG2_V1.2.0, I-CUBE-ITTIADB_V8.6.3-1, STM32Cube_FW_C0_V1.1.0, STM32Cube_FW_F4_V1.27.1, STM32Cube_FW_F7_V1.17.0, STM32Cube_FW_G0_V1.6.1, STM32Cube_FW_G4_V1.5.1, STM32Cube_FW_H5_V0.5.1, STM32Cube_FW_H5_V1.1.1, STM32Cube_FW_H7_V1.11.0, STM32Cube_FW_L0_V1.12.2, STM32Cube_FW_L5_V1.5.0, STM32Cube_FW_U5_V1.3.0, STM32Cube_FW_U5_V1.3.0RC4, STM32Cube_FW_WBA_V1.0.0RC1, STM32Cube_FW_WBA_V1.1.0RC1, STM32Cube_FW_WBA_V1.1.1, STM32Cube_FW_WB_V1.15.0RC1, STM32Cube_FW_WB_V1.16.0, STM32Cube_FW_WB_V1.16.0RC2, STM32Cube_FW_WB_V1.17.3, STM32Cube_FW_WL_V1.3.0, X-CUBE-ALGOBUILD_V1.3.0, X-CUBE-ALS_V1.0.1, X-CUBE-AZRTOS-F4_V1.1.0, X-CUBE-AZRTOS-F7_V1.1.0, X-CUBE-AZRTOS-G0_V1.1.0, X-CUBE-AZRTOS-G4_V2.0.0, X-CUBE-AZRTOS-H7_V3.1.0, X-CUBE-AZRTOS-L4_V1.0.0, X-CUBE-AZRTOS-L4_V2.0.0, X-CUBE-AZRTOS-L5_V1.1.0, X-CUBE-AZRTOS-WB_V2.0.0, X-CUBE-AZRTOS-WL_V2.0.0, X-CUBE-BLE1_V7.0.0, X-CUBE-BLE2_V3.3.0, X-CUBE-BLEMGR_V2.0.0, X-CUBE-EEPRMA1_V4.1.0, X-CUBE-FREERTOS_V1.1.0, X-CUBE-GNSS1_V6.0.0, X-CUBE-MEMS1_V10.0.0, X-CUBE-MEMS1_V9.1.0, X-CUBE-MEMS1_V9.4.0, X-CUBE-MEMS1_V9.6.0, X-CUBE-NFC4_V3.0.0, X-CUBE-NFC7_V1.0.1, X-CUBE-SFXS2LP1_V4.0.0, X-CUBE-SUBG2_V5.0.0, X-CUBE-TOF1_V3.3.1]
2023-10-28 19:33:47,881 [INFO] DbBoardsSqlite:226 - include board P-NUCLEO-WB55-NUCLEO as a kit item of type 'Nucleo-64'
2023-10-28 19:33:47,881 [INFO] DbBoardsSqlite:226 - include board P-NUCLEO-WB55-USBDONGLE as a kit item of type 'Nucleo USB Dongle'
2023-10-28 19:33:47,882 [INFO] DbBoardsSqlite:226 - include board STEVAL-IDP005V1 as a kit item of type 'Evaluation Board'
2023-10-28 19:33:47,883 [INFO] DbBoardsSqlite:226 - include board STEVAL-IDP005V2 as a kit item of type 'Evaluation Board'
2023-10-28 19:33:48,642 [INFO] ApiDb:240 - Found 323 in-development CPN: [B-G473E-ZEST1S, B-WB1M-WPAN1, B-WL5M-SUBG1, NUCLEO-C031C6, NUCLEO-H503RB, NUCLEO-H563ZI, NUCLEO-U545RE-Q, NUCLEO-U5A5ZJ-Q, NUCLEO-WBA52CG, STEVAL-PROTEUS1, STEVAL-SMARTAG2, STEVAL-STWINBX1, STM320518-EVAL, STM32C0116-DK, STM32C011D6Y3TR, STM32C011D6Y6TR, STM32C011F4P3, STM32C011F4P6, STM32C011F4U3, STM32C011F4U6TR, STM32C011F6P3, STM32C011F6P6, STM32C011F6U3, STM32C011F6U6TR, STM32C011J4M3, STM32C011J4M6, STM32C011J6M3, STM32C011J6M6, STM32C0316-DK, STM32C031C4T3, STM32C031C4T6, STM32C031C4U3, STM32C031C4U6, STM32C031C6T3, STM32C031C6T6, STM32C031C6U3, STM32C031C6U6, STM32C031F4P3, STM32C031F4P6, STM32C031F6P3, STM32C031F6P6, STM32C031G4U3, STM32C031G4U6, STM32C031G6U3, STM32C031G6U6, STM32C031K4T3, STM32C031K4T6, STM32C031K4U3, STM32C031K4U6, STM32C031K6T3, STM32C031K6T6, STM32C031K6U3, STM32C031K6U6, STM32G071K8TXN, STM32G071K8UXN, STM32G081GBU6N, STM32G081KBT6N, STM32G081KBUXN, STM32G0B1CCT6N, STM32G0B1KCT6, STM32G0B1NEY6TR, STM32G0B1RCT6N, STM32G0C1CCT6, STM32G0C1CCT6N, STM32G0C1CCU6N, STM32G0C1CET6N, STM32G0C1CEU6N, STM32G0C1KCT6, STM32G0C1NEY6TR, STM32G0C1RCI6N, STM32G0C1RCT6N, STM32G0C1REI6N, STM32G0C1RET6N, STM32G0C1VCI6, STM32G0C1VEI6, STM32G471CCT6, STM32G471CCU6, STM32G471CET3, STM32G471CET6, STM32G471CEU3, STM32G471CEU6, STM32G471MCT6, STM32G471MET3, STM32G471MET6, STM32G471MEY6TR, STM32G471QCT6, STM32G471QET3, STM32G471RCT6, STM32G471RET3, STM32G471RET6, STM32G471VCH6, STM32G471VCI6, STM32G471VCT6, STM32G471VEH3, STM32G471VEH6, STM32G471VEI3, STM32G471VEI6, STM32G471VET3, STM32G471VET6, STM32G474CCT6, STM32H503CBT6, STM32H503CBU6, STM32H503EBY6TR, STM32H503KBU6, STM32H503RBT6, STM32H562AGI6, STM32H562AII6, STM32H562IGK6, STM32H562IGT6, STM32H562IIK6, STM32H562IIT6, STM32H562RGT6, STM32H562RGV6, STM32H562RIT6, STM32H562RIV6, STM32H562VGT6, STM32H562VIT6, STM32H562ZGT6, STM32H562ZIT6, STM32H563AGI6, STM32H563AII3Q, STM32H563AII6, STM32H563IGK6, STM32H563IGT6, STM32H563IIK3Q, STM32H563IIK6, STM32H563IIT3Q, STM32H563IIT6, STM32H563MIY3QTR, STM32H563RGT6, STM32H563RGV6, STM32H563RIT6, STM32H563RIV6, STM32H563VGT6, STM32H563VIT3Q, STM32H563VIT6, STM32H563ZGT6, STM32H563ZIT3Q, STM32H563ZIT6, STM32H573AII3Q, STM32H573AII6, STM32H573I-DK, STM32H573IIK3Q, STM32H573IIK6, STM32H573IIT3Q, STM32H573IIT6, STM32H573MIY3QTR, STM32H573RIT6, STM32H573RIV6, STM32H573VIT3Q, STM32H573VIT6, STM32H573ZIT3Q, STM32H573ZIT6, STM32L4R5QGI6STR, STM32MP131AAE3, STM32MP131AAF3, STM32MP131AAG3, STM32MP131CAE3, STM32MP131CAF3, STM32MP131CAG3, STM32MP131DAE7, STM32MP131DAF7, STM32MP131DAG7, STM32MP131FAE7, STM32MP131FAF7, STM32MP131FAG7, STM32MP133AAE3, STM32MP133AAF3, STM32MP133AAG3, STM32MP133CAE3, STM32MP133CAF3, STM32MP133CAG3, STM32MP133DAE7, STM32MP133DAF7, STM32MP133DAG7, STM32MP133FAE7, STM32MP133FAF7, STM32MP133FAG7, STM32MP135AAE3, STM32MP135AAF3, STM32MP135AAG3, STM32MP135CAE3, STM32MP135CAF3, STM32MP135CAG3, STM32MP135DAE7, STM32MP135DAF7, STM32MP135DAG7, STM32MP135F-DK, STM32MP135FAE7, STM32MP135FAF7, STM32MP135FAF7T, STM32MP135FAF7U, STM32MP135FAG7, STM32U535CBT6, STM32U535CBT6Q, STM32U535CBU6, STM32U535CBU6Q, STM32U535CCT6, STM32U535CCT6Q, STM32U535CCU6, STM32U535CCU6Q, STM32U535CET6, STM32U535CET6Q, STM32U535CEU6, STM32U535CEU6Q, STM32U535JEY6QTR, STM32U535NCY6QTR, STM32U535NEY6QTR, STM32U535RBI6, STM32U535RBI6Q, STM32U535RBT6, STM32U535RBT6Q, STM32U535RCI6, STM32U535RCI6Q, STM32U535RCT6, STM32U535RCT6Q, STM32U535REI6, STM32U535REI6Q, STM32U535RET6, STM32U535RET6Q, STM32U535VCI6, STM32U535VCI6Q, STM32U535VCT6, STM32U535VCT6Q, STM32U535VEI6, STM32U535VEI6Q, STM32U535VET6, STM32U535VET6Q, STM32U545CET6, STM32U545CET6Q, STM32U545CEU6, STM32U545CEU6Q, STM32U545JEY6QTR, STM32U545NEY6QTR, STM32U545REI6, STM32U545REI6Q, STM32U545RET6, STM32U545RET6Q, STM32U545VEI6, STM32U545VEI6Q, STM32U545VET6, STM32U545VET6Q, STM32U595AIH6, STM32U595AIH6Q, STM32U595AJH6, STM32U595AJH6Q, STM32U595QII6, STM32U595QII6Q, STM32U595QJI6, STM32U595QJI6Q, STM32U595RIT6, STM32U595RIT6Q, STM32U595RJT6, STM32U595RJT6Q, STM32U595VIT6, STM32U595VIT6Q, STM32U595VJT6, STM32U595VJT6Q, STM32U595ZIT6, STM32U595ZIT6Q, STM32U595ZIY6QTR, STM32U595ZJT6, STM32U595ZJT6Q, STM32U595ZJY6QTR, STM32U599BJY6QTR, STM32U599NIH6Q, STM32U599NJH6Q, STM32U599VIT6Q, STM32U599VJT6, STM32U599VJT6Q, STM32U599ZIT6Q, STM32U599ZIY6QTR, STM32U599ZJT6Q, STM32U599ZJY6QTR, STM32U5A5AJH6, STM32U5A5AJH6Q, STM32U5A5QJI6, STM32U5A5QJI6Q, STM32U5A5RJT6, STM32U5A5RJT6Q, STM32U5A5VJT6, STM32U5A5VJT6Q, STM32U5A5ZJT6, STM32U5A5ZJT6Q, STM32U5A5ZJY6QTR, STM32U5A9BJY6QTR, STM32U5A9J-DK, STM32U5A9NJH6Q, STM32U5A9VJT6Q, STM32U5A9ZJT6Q, STM32U5A9ZJY6QTR, STM32U5F7VIT6, STM32U5F7VIT6Q, STM32U5F7VJT6, STM32U5F7VJT6Q, STM32U5F9BJY6QTR, STM32U5F9NJH6Q, STM32U5F9VIT6Q, STM32U5F9VJT6Q, STM32U5F9ZIJ6QTR, STM32U5F9ZIT6Q, STM32U5F9ZJJ6QTR, STM32U5F9ZJT6Q, STM32U5G7VJT6, STM32U5G7VJT6Q, STM32U5G9BJY6QTR, STM32U5G9J-DK1, STM32U5G9J-DK2, STM32U5G9NJH6Q, STM32U5G9VJT6Q, STM32U5G9ZJJ6QTR, STM32U5G9ZJT6Q, STM32WB1MMCH6, STM32WBA52CEU6, STM32WBA52CEU6T, STM32WBA52CGU6, STM32WBA52CGU6T, STM32WBA52KEU6, STM32WBA52KEU6T, STM32WBA52KGU6, STM32WBA52KGU6T, STM32WL5MOCH6, STM32WL5MOCH6TR]
2023-10-28 19:33:48,699 [INFO] BoardInfo:880 - No configuration file found for board P-NUCLEO-WB55
2023-10-28 19:33:48,699 [INFO] DbBoards:157 - Kit is not supported: P-NUCLEO-WB55
2023-10-28 19:33:48,702 [INFO] BoardInfo:880 - No configuration file found for board STEVAL-BFA001V1B
2023-10-28 19:33:48,702 [INFO] DbBoards:157 - Kit is not supported: STEVAL-BFA001V1B
2023-10-28 19:33:48,703 [INFO] BoardInfo:880 - No configuration file found for board STEVAL-BFA001V2B
2023-10-28 19:33:48,703 [INFO] DbBoards:157 - Kit is not supported: STEVAL-BFA001V2B
2023-10-28 19:33:48,764 [INFO] DbBoards:161 - Found 190 boards, 187 are supported
2023-10-28 19:33:48,767 [INFO] ApiDb:668 - CubeFinder database Data Model version=2.1
2023-10-28 19:33:48,767 [INFO] ApiDb:669 - CubeFinder database Configuration version=3.0.37
2023-10-28 19:33:48,767 [INFO] ApiDb:670 - CubeFinder database generation date=2023-10-13 (1697197505)
2023-10-28 19:33:48,767 [INFO] ApiDb:671 - CubeFinder database FW Pack versions=[FP-ATR-ASTRA1_V2.0.0, FP-SNS-FLIGHT1_V5.0.1, FP-SNS-FLIGHT1_V5.0.2, FP-SNS-MOTENV1_V4.3.1, FP-SNS-MOTENV1_V4.3.2, FP-SNS-SMARTAG2_V1.2.0, I-CUBE-ITTIADB_V8.6.3-1, STM32Cube_FW_C0_V1.1.0, STM32Cube_FW_F4_V1.27.1, STM32Cube_FW_F7_V1.17.0, STM32Cube_FW_G0_V1.6.1, STM32Cube_FW_G4_V1.5.1, STM32Cube_FW_H5_V0.5.1, STM32Cube_FW_H5_V1.1.1, STM32Cube_FW_H7_V1.11.0, STM32Cube_FW_L0_V1.12.2, STM32Cube_FW_L5_V1.5.0, STM32Cube_FW_U5_V1.3.0, STM32Cube_FW_U5_V1.3.0RC4, STM32Cube_FW_WBA_V1.0.0RC1, STM32Cube_FW_WBA_V1.1.0RC1, STM32Cube_FW_WBA_V1.1.1, STM32Cube_FW_WB_V1.15.0RC1, STM32Cube_FW_WB_V1.16.0, STM32Cube_FW_WB_V1.16.0RC2, STM32Cube_FW_WB_V1.17.3, STM32Cube_FW_WL_V1.3.0, X-CUBE-ALGOBUILD_V1.3.0, X-CUBE-ALS_V1.0.1, X-CUBE-AZRTOS-F4_V1.1.0, X-CUBE-AZRTOS-F7_V1.1.0, X-CUBE-AZRTOS-G0_V1.1.0, X-CUBE-AZRTOS-G4_V2.0.0, X-CUBE-AZRTOS-H7_V3.1.0, X-CUBE-AZRTOS-L4_V1.0.0, X-CUBE-AZRTOS-L4_V2.0.0, X-CUBE-AZRTOS-L5_V1.1.0, X-CUBE-AZRTOS-WB_V2.0.0, X-CUBE-AZRTOS-WL_V2.0.0, X-CUBE-BLE1_V7.0.0, X-CUBE-BLE2_V3.3.0, X-CUBE-BLEMGR_V2.0.0, X-CUBE-EEPRMA1_V4.1.0, X-CUBE-FREERTOS_V1.1.0, X-CUBE-GNSS1_V6.0.0, X-CUBE-MEMS1_V10.0.0, X-CUBE-MEMS1_V9.1.0, X-CUBE-MEMS1_V9.4.0, X-CUBE-MEMS1_V9.6.0, X-CUBE-NFC4_V3.0.0, X-CUBE-NFC7_V1.0.1, X-CUBE-SFXS2LP1_V4.0.0, X-CUBE-SUBG2_V5.0.0, X-CUBE-TOF1_V3.3.1]
2023-10-28 19:33:49,996 [INFO] ApiDb:240 - Found 323 in-development CPN: [B-G473E-ZEST1S, B-WB1M-WPAN1, B-WL5M-SUBG1, NUCLEO-C031C6, NUCLEO-H503RB, NUCLEO-H563ZI, NUCLEO-U545RE-Q, NUCLEO-U5A5ZJ-Q, NUCLEO-WBA52CG, STEVAL-PROTEUS1, STEVAL-SMARTAG2, STEVAL-STWINBX1, STM320518-EVAL, STM32C0116-DK, STM32C011D6Y3TR, STM32C011D6Y6TR, STM32C011F4P3, STM32C011F4P6, STM32C011F4U3, STM32C011F4U6TR, STM32C011F6P3, STM32C011F6P6, STM32C011F6U3, STM32C011F6U6TR, STM32C011J4M3, STM32C011J4M6, STM32C011J6M3, STM32C011J6M6, STM32C0316-DK, STM32C031C4T3, STM32C031C4T6, STM32C031C4U3, STM32C031C4U6, STM32C031C6T3, STM32C031C6T6, STM32C031C6U3, STM32C031C6U6, STM32C031F4P3, STM32C031F4P6, STM32C031F6P3, STM32C031F6P6, STM32C031G4U3, STM32C031G4U6, STM32C031G6U3, STM32C031G6U6, STM32C031K4T3, STM32C031K4T6, STM32C031K4U3, STM32C031K4U6, STM32C031K6T3, STM32C031K6T6, STM32C031K6U3, STM32C031K6U6, STM32G071K8TXN, STM32G071K8UXN, STM32G081GBU6N, STM32G081KBT6N, STM32G081KBUXN, STM32G0B1CCT6N, STM32G0B1KCT6, STM32G0B1NEY6TR, STM32G0B1RCT6N, STM32G0C1CCT6, STM32G0C1CCT6N, STM32G0C1CCU6N, STM32G0C1CET6N, STM32G0C1CEU6N, STM32G0C1KCT6, STM32G0C1NEY6TR, STM32G0C1RCI6N, STM32G0C1RCT6N, STM32G0C1REI6N, STM32G0C1RET6N, STM32G0C1VCI6, STM32G0C1VEI6, STM32G471CCT6, STM32G471CCU6, STM32G471CET3, STM32G471CET6, STM32G471CEU3, STM32G471CEU6, STM32G471MCT6, STM32G471MET3, STM32G471MET6, STM32G471MEY6TR, STM32G471QCT6, STM32G471QET3, STM32G471RCT6, STM32G471RET3, STM32G471RET6, STM32G471VCH6, STM32G471VCI6, STM32G471VCT6, STM32G471VEH3, STM32G471VEH6, STM32G471VEI3, STM32G471VEI6, STM32G471VET3, STM32G471VET6, STM32G474CCT6, STM32H503CBT6, STM32H503CBU6, STM32H503EBY6TR, STM32H503KBU6, STM32H503RBT6, STM32H562AGI6, STM32H562AII6, STM32H562IGK6, STM32H562IGT6, STM32H562IIK6, STM32H562IIT6, STM32H562RGT6, STM32H562RGV6, STM32H562RIT6, STM32H562RIV6, STM32H562VGT6, STM32H562VIT6, STM32H562ZGT6, STM32H562ZIT6, STM32H563AGI6, STM32H563AII3Q, STM32H563AII6, STM32H563IGK6, STM32H563IGT6, STM32H563IIK3Q, STM32H563IIK6, STM32H563IIT3Q, STM32H563IIT6, STM32H563MIY3QTR, STM32H563RGT6, STM32H563RGV6, STM32H563RIT6, STM32H563RIV6, STM32H563VGT6, STM32H563VIT3Q, STM32H563VIT6, STM32H563ZGT6, STM32H563ZIT3Q, STM32H563ZIT6, STM32H573AII3Q, STM32H573AII6, STM32H573I-DK, STM32H573IIK3Q, STM32H573IIK6, STM32H573IIT3Q, STM32H573IIT6, STM32H573MIY3QTR, STM32H573RIT6, STM32H573RIV6, STM32H573VIT3Q, STM32H573VIT6, STM32H573ZIT3Q, STM32H573ZIT6, STM32L4R5QGI6STR, STM32MP131AAE3, STM32MP131AAF3, STM32MP131AAG3, STM32MP131CAE3, STM32MP131CAF3, STM32MP131CAG3, STM32MP131DAE7, STM32MP131DAF7, STM32MP131DAG7, STM32MP131FAE7, STM32MP131FAF7, STM32MP131FAG7, STM32MP133AAE3, STM32MP133AAF3, STM32MP133AAG3, STM32MP133CAE3, STM32MP133CAF3, STM32MP133CAG3, STM32MP133DAE7, STM32MP133DAF7, STM32MP133DAG7, STM32MP133FAE7, STM32MP133FAF7, STM32MP133FAG7, STM32MP135AAE3, STM32MP135AAF3, STM32MP135AAG3, STM32MP135CAE3, STM32MP135CAF3, STM32MP135CAG3, STM32MP135DAE7, STM32MP135DAF7, STM32MP135DAG7, STM32MP135F-DK, STM32MP135FAE7, STM32MP135FAF7, STM32MP135FAF7T, STM32MP135FAF7U, STM32MP135FAG7, STM32U535CBT6, STM32U535CBT6Q, STM32U535CBU6, STM32U535CBU6Q, STM32U535CCT6, STM32U535CCT6Q, STM32U535CCU6, STM32U535CCU6Q, STM32U535CET6, STM32U535CET6Q, STM32U535CEU6, STM32U535CEU6Q, STM32U535JEY6QTR, STM32U535NCY6QTR, STM32U535NEY6QTR, STM32U535RBI6, STM32U535RBI6Q, STM32U535RBT6, STM32U535RBT6Q, STM32U535RCI6, STM32U535RCI6Q, STM32U535RCT6, STM32U535RCT6Q, STM32U535REI6, STM32U535REI6Q, STM32U535RET6, STM32U535RET6Q, STM32U535VCI6, STM32U535VCI6Q, STM32U535VCT6, STM32U535VCT6Q, STM32U535VEI6, STM32U535VEI6Q, STM32U535VET6, STM32U535VET6Q, STM32U545CET6, STM32U545CET6Q, STM32U545CEU6, STM32U545CEU6Q, STM32U545JEY6QTR, STM32U545NEY6QTR, STM32U545REI6, STM32U545REI6Q, STM32U545RET6, STM32U545RET6Q, STM32U545VEI6, STM32U545VEI6Q, STM32U545VET6, STM32U545VET6Q, STM32U595AIH6, STM32U595AIH6Q, STM32U595AJH6, STM32U595AJH6Q, STM32U595QII6, STM32U595QII6Q, STM32U595QJI6, STM32U595QJI6Q, STM32U595RIT6, STM32U595RIT6Q, STM32U595RJT6, STM32U595RJT6Q, STM32U595VIT6, STM32U595VIT6Q, STM32U595VJT6, STM32U595VJT6Q, STM32U595ZIT6, STM32U595ZIT6Q, STM32U595ZIY6QTR, STM32U595ZJT6, STM32U595ZJT6Q, STM32U595ZJY6QTR, STM32U599BJY6QTR, STM32U599NIH6Q, STM32U599NJH6Q, STM32U599VIT6Q, STM32U599VJT6, STM32U599VJT6Q, STM32U599ZIT6Q, STM32U599ZIY6QTR, STM32U599ZJT6Q, STM32U599ZJY6QTR, STM32U5A5AJH6, STM32U5A5AJH6Q, STM32U5A5QJI6, STM32U5A5QJI6Q, STM32U5A5RJT6, STM32U5A5RJT6Q, STM32U5A5VJT6, STM32U5A5VJT6Q, STM32U5A5ZJT6, STM32U5A5ZJT6Q, STM32U5A5ZJY6QTR, STM32U5A9BJY6QTR, STM32U5A9J-DK, STM32U5A9NJH6Q, STM32U5A9VJT6Q, STM32U5A9ZJT6Q, STM32U5A9ZJY6QTR, STM32U5F7VIT6, STM32U5F7VIT6Q, STM32U5F7VJT6, STM32U5F7VJT6Q, STM32U5F9BJY6QTR, STM32U5F9NJH6Q, STM32U5F9VIT6Q, STM32U5F9VJT6Q, STM32U5F9ZIJ6QTR, STM32U5F9ZIT6Q, STM32U5F9ZJJ6QTR, STM32U5F9ZJT6Q, STM32U5G7VJT6, STM32U5G7VJT6Q, STM32U5G9BJY6QTR, STM32U5G9J-DK1, STM32U5G9J-DK2, STM32U5G9NJH6Q, STM32U5G9VJT6Q, STM32U5G9ZJJ6QTR, STM32U5G9ZJT6Q, STM32WB1MMCH6, STM32WBA52CEU6, STM32WBA52CEU6T, STM32WBA52CGU6, STM32WBA52CGU6T, STM32WBA52KEU6, STM32WBA52KEU6T, STM32WBA52KGU6, STM32WBA52KGU6T, STM32WL5MOCH6, STM32WL5MOCH6TR]
2023-10-28 19:33:49,999 [INFO] DbMcus:217 - Found 3848 MCUs, 3848 are supported
2023-10-28 19:33:50,000 [INFO] ApiDb:423 - Load user favorites file C:\Users\goneb/.stm32cubeide/favorites.mcus.txt: 0 item(s)
2023-10-28 19:33:50,000 [INFO] ApiDb:427 - User favorites MCUs=[]
2023-10-28 19:33:50,000 [INFO] DbMcus:223 - Set 0 / 0 favorites MCUs
2023-10-28 19:33:50,161 [INFO] ApiDb:423 - Load user favorites file C:\Users\goneb/.stm32cubeide/favorites.boards.txt: 0 item(s)
2023-10-28 19:33:50,161 [INFO] ApiDb:427 - User favorites Boards=[]
2023-10-28 19:33:50,162 [INFO] DbBoards:190 - Set 0 / 0 favorites Boards
2023-10-28 19:33:50,162 [INFO] McuFinderGlobals:76 - Set McuFinderConnectedMode to true
2023-10-28 19:33:50,167 [INFO] MultiScanPanel:200 - Auto-refresh data requested => check proxy status ongoing
2023-10-28 19:33:50,169 [INFO] FinderPluginLoader:95 - Searching for filters in installed packs
2023-10-28 19:33:50,983 [INFO] LoadUrlFilesThread:185 - End of LoadServerUrlFiles without Thread
2023-10-28 19:33:50,987 [INFO] DetailPanel:341 - Set advertising image to C:/Users/goneb/STM32Cube/Repository/\en.prom-stm32h5-mcu-finder.jpg
2023-10-28 19:33:55,594 [INFO] MultiScanPanel:200 - Auto-refresh data requested => check proxy status ongoing
2023-10-28 19:33:55,667 [INFO] LoadUrlFilesThread:185 - End of LoadServerUrlFiles without Thread
2023-10-28 19:33:55,667 [INFO] DetailPanel:341 - Set advertising image to C:/Users/goneb/STM32Cube/Repository/\en.prom-stm32h5-mcu-finder.jpg
2023-10-28 19:33:55,674 [INFO] DbBoards:634 - Loading board mini-images...
2023-10-28 19:33:57,513 [INFO] DbBoards:657 - Loaded 190 board mini-images
2023-10-28 19:35:11,827 [INFO] MainUpdater:2868 - connection check result : 10
2023-10-28 19:35:11,827 [INFO] MainUpdater:2868 - connection check result : 10
2023-10-28 19:35:11,848 [INFO] MicroXplorer:468 - Change Database Path : 
2023-10-28 19:35:11,848 [INFO] MicroXplorer:498 - Change Database Version : DB.6.0.92
2023-10-28 19:35:11,850 [WARN] ThirdParty:871 - waiting for thirdparty lock release [close project]
2023-10-28 19:35:11,850 [INFO] ThirdParty:873 - entering critical section [close project]
2023-10-28 19:35:11,851 [INFO] ThirdParty:883 - exiting critical section [close project]
2023-10-28 19:35:11,852 [INFO] PinOutPanel:1499 - setPackage(No Configuration,No Configuration)
2023-10-28 19:35:11,856 [INFO] UtilMem:75 - Begin LoadConfig() Used Memory: 756861408 Bytes (867172352)
2023-10-28 19:35:11,858 [INFO] OpenFileManager:308 - Change cursor
2023-10-28 19:35:11,880 [INFO] ProjectFactory:402 - No CPN specified for board NUCLEO-L496ZG => set CPN to STM32L496ZGT3
2023-10-28 19:35:11,880 [INFO] Mcu:1946 - Initializing MCU STM32L496Z(E-G)Tx STM32L496ZGTx STM32L496ZGT3
2023-10-28 19:35:13,678 [INFO] Context:659 - Trying to add GPIOservice into a context  which must be forbidden
2023-10-28 19:35:14,021 [INFO] Rule:228 - rule 117617 - U5Cobra4M][GTZC] default value MPCBB3 and MPCBB5 - Not Secured memory - MPCBB1 is applicable
2023-10-28 19:35:14,021 [INFO] Rule:228 - rule 117617 - U5Cobra4M][GTZC] default value MPCBB3 and MPCBB5 - Not Secured memory - MPCBB1 is applicable
2023-10-28 19:35:14,021 [INFO] Rule:228 - rule 117617 - U5Cobra4M][GTZC] default value MPCBB3 and MPCBB5 - Not Secured memory - MPCBB2 is applicable
2023-10-28 19:35:14,021 [INFO] Rule:228 - rule 117617 - U5Cobra4M][GTZC] default value MPCBB3 and MPCBB5 - Not Secured memory - MPCBB2 is applicable
2023-10-28 19:35:14,021 [INFO] Rule:228 - rule 117617 - U5Cobra4M][GTZC] default value MPCBB3 and MPCBB5 - Not Secured memory - MPCBB3 is applicable
2023-10-28 19:35:14,021 [INFO] Rule:228 - rule 117617 - U5Cobra4M][GTZC] default value MPCBB3 and MPCBB5 - Not Secured memory - MPCBB3 is applicable
2023-10-28 19:35:14,021 [INFO] Rule:228 - rule 117617 - U5Cobra4M][GTZC] default value MPCBB3 and MPCBB5 - Not Secured memory - MPCBB4 is applicable
2023-10-28 19:35:14,021 [INFO] Rule:228 - rule 117617 - U5Cobra4M][GTZC] default value MPCBB3 and MPCBB5 - Not Secured memory - MPCBB4 is applicable
2023-10-28 19:35:14,021 [INFO] Rule:228 - rule 117617 - U5Cobra4M][GTZC] default value MPCBB3 and MPCBB5 - Secured memory - MPCBB1 is applicable
2023-10-28 19:35:14,021 [INFO] Rule:228 - rule 117617 - U5Cobra4M][GTZC] default value MPCBB3 and MPCBB5 - Secured memory - MPCBB2 is applicable
2023-10-28 19:35:14,021 [INFO] Rule:228 - rule 117617 - U5Cobra4M][GTZC] default value MPCBB3 and MPCBB5 - Secured memory - MPCBB3 is applicable
2023-10-28 19:35:14,021 [INFO] Rule:228 - rule 117617 - U5Cobra4M][GTZC] default value MPCBB3 and MPCBB5 - Secured memory - MPCBB4 is applicable
2023-10-28 19:35:14,021 [INFO] Rule:228 - rule 117617 - U5Cobra4M][GTZC] default value MPCBB3 and MPCBB5 - Privileged memory - MPCBB1 is applicable
2023-10-28 19:35:14,021 [INFO] Rule:228 - rule 117617 - U5Cobra4M][GTZC] default value MPCBB3 and MPCBB5 - Privileged memory - MPCBB2 is applicable
2023-10-28 19:35:14,021 [INFO] Rule:228 - rule 117617 - U5Cobra4M][GTZC] default value MPCBB3 and MPCBB5 - Privileged memory - MPCBB3 is applicable
2023-10-28 19:35:14,021 [INFO] Rule:228 - rule 117617 - U5Cobra4M][GTZC] default value MPCBB3 and MPCBB5 - Privileged memory - MPCBB4 is applicable
2023-10-28 19:35:14,021 [INFO] Rule:228 - rule 117617 - U5Cobra4M][GTZC] default value MPCBB3 and MPCBB5 - Not Privileged memory - MPCBB1 is applicable
2023-10-28 19:35:14,021 [INFO] Rule:228 - rule 117617 - U5Cobra4M][GTZC] default value MPCBB3 and MPCBB5 - Not Privileged memory - MPCBB2 is applicable
2023-10-28 19:35:14,021 [INFO] Rule:228 - rule 117617 - U5Cobra4M][GTZC] default value MPCBB3 and MPCBB5 - Not Privileged memory - MPCBB3 is applicable
2023-10-28 19:35:14,021 [INFO] Rule:228 - rule 117617 - U5Cobra4M][GTZC] default value MPCBB3 and MPCBB5 - Not Privileged memory - MPCBB4 is applicable
2023-10-28 19:35:14,021 [INFO] Rule:228 - rule 117617 - U5Cobra4M][GTZC] default value MPCBB3 and MPCBB5 - Privileged memory - MPCBB1 is applicable
2023-10-28 19:35:14,021 [INFO] Rule:228 - rule 117617 - U5Cobra4M][GTZC] default value MPCBB3 and MPCBB5 - Privileged memory - MPCBB2 is applicable
2023-10-28 19:35:14,021 [INFO] Rule:228 - rule 117617 - U5Cobra4M][GTZC] default value MPCBB3 and MPCBB5 - Privileged memory - MPCBB3 is applicable
2023-10-28 19:35:14,021 [INFO] Rule:228 - rule 117617 - U5Cobra4M][GTZC] default value MPCBB3 and MPCBB5 - Privileged memory - MPCBB4 is applicable
2023-10-28 19:35:14,021 [INFO] Rule:228 - rule 117617 - U5Cobra4M][GTZC] default value MPCBB3 and MPCBB5 - Privileged memory - MPCBB1 is applicable
2023-10-28 19:35:14,021 [INFO] Rule:228 - rule 117617 - U5Cobra4M][GTZC] default value MPCBB3 and MPCBB5 - Privileged memory - MPCBB2 is applicable
2023-10-28 19:35:14,021 [INFO] Rule:228 - rule 117617 - U5Cobra4M][GTZC] default value MPCBB3 and MPCBB5 - Privileged memory - MPCBB3 is applicable
2023-10-28 19:35:14,022 [INFO] Rule:228 - rule 117617 - U5Cobra4M][GTZC] default value MPCBB3 and MPCBB5 - Privileged memory - MPCBB4 is applicable
2023-10-28 19:35:14,022 [INFO] Rule:228 - rule 117617 - U5Cobra4M][GTZC] default value MPCBB3 and MPCBB5 - Not Privileged memory - MPCBB1 is applicable
2023-10-28 19:35:14,022 [INFO] Rule:228 - rule 117617 - U5Cobra4M][GTZC] default value MPCBB3 and MPCBB5 - Not Privileged memory - MPCBB2 is applicable
2023-10-28 19:35:14,022 [INFO] Rule:228 - rule 117617 - U5Cobra4M][GTZC] default value MPCBB3 and MPCBB5 - Not Privileged memory - MPCBB3 is applicable
2023-10-28 19:35:14,022 [INFO] Rule:228 - rule 117617 - U5Cobra4M][GTZC] default value MPCBB3 and MPCBB5 - Not Privileged memory - MPCBB4 is applicable
2023-10-28 19:35:14,022 [INFO] Rule:228 - rule 117617 - U5Cobra4M][GTZC] default value MPCBB3 and MPCBB5 - Privileged memory - MPCBB1 is applicable
2023-10-28 19:35:14,022 [INFO] Rule:228 - rule 117617 - U5Cobra4M][GTZC] default value MPCBB3 and MPCBB5 - Privileged memory - MPCBB2 is applicable
2023-10-28 19:35:14,022 [INFO] Rule:228 - rule 117617 - U5Cobra4M][GTZC] default value MPCBB3 and MPCBB5 - Privileged memory - MPCBB3 is applicable
2023-10-28 19:35:14,022 [INFO] Rule:228 - rule 117617 - U5Cobra4M][GTZC] default value MPCBB3 and MPCBB5 - Privileged memory - MPCBB4 is applicable
2023-10-28 19:35:14,022 [INFO] Rule:228 - rule Rename SubGHz_Phy SUBGHZ_APPLICATION SUBGHZ_PINGPONG to SUBGHZ_ADV_APPLICATION is applicable
2023-10-28 19:35:14,022 [INFO] Rule:228 - rule Rename Enabled to IBEACON is applicable
2023-10-28 19:35:14,022 [INFO] Rule:228 - rule GTZC_S instance for project manager is applicable
2023-10-28 19:35:14,022 [INFO] Rule:228 - rule GTZC_S instance for context M33S is applicable
2023-10-28 19:35:14,022 [INFO] Rule:228 - rule GTZC_S instance value for IP GTZC is applicable
2023-10-28 19:35:14,022 [INFO] Rule:228 - rule GTZC_S instance for mcu.IP is applicable
2023-10-28 19:35:14,022 [INFO] Rule:228 - rule GTZC_S instance for VP is applicable
2023-10-28 19:35:14,022 [INFO] Rule:228 - rule GTZC_S instance for signal is applicable
2023-10-28 19:35:14,022 [INFO] Rule:228 - rule GTZC_S instance for mcu.Pin is applicable
2023-10-28 19:35:14,022 [INFO] Rule:228 - rule GTZC_S instance for VP is applicable
2023-10-28 19:35:14,022 [INFO] Rule:228 - rule GTZC_S instance for signal is applicable
2023-10-28 19:35:14,022 [INFO] Rule:228 - rule GTZC_S instance for mcu is applicable
2023-10-28 19:35:14,022 [INFO] Rule:228 - rule GTZC_S instance for mcu.Pin is applicable
2023-10-28 19:35:14,022 [INFO] Rule:228 - rule GTZC_S instance value for IP GTZC is applicable
2023-10-28 19:35:14,022 [INFO] Rule:228 - rule GTZC_S instance for project manager is applicable
2023-10-28 19:35:14,022 [INFO] Rule:228 - rule GTZC_S instance for context M33S is applicable
2023-10-28 19:35:14,022 [INFO] Rule:228 - rule GTZC_S instance for VP is applicable
2023-10-28 19:35:14,022 [INFO] Rule:228 - rule GTZC_S instance for signal is applicable
2023-10-28 19:35:14,022 [INFO] Rule:228 - rule SPDIFRX instance for mcu is applicable
2023-10-28 19:35:14,022 [INFO] Rule:228 - rule Rename Tracer Mode is applicable
2023-10-28 19:35:14,022 [INFO] Rule:228 - rule SPDIFRX instance value for IP SPDIFRX is applicable
2023-10-28 19:35:14,022 [INFO] Rule:228 - rule SPDIFRX instance for signal is applicable
2023-10-28 19:35:14,022 [INFO] Rule:228 - rule SPDIFRX instance for project manager is applicable
2023-10-28 19:35:14,022 [INFO] Rule:228 - rule SPDIFRX instance for project manager is applicable
2023-10-28 19:35:14,022 [INFO] Rule:228 - rule ADC Scan  fix with FW F7 is applicable
2023-10-28 19:35:14,023 [INFO] Rule:228 - rule ADC Scan  fix with FW F7 is applicable
2023-10-28 19:35:14,023 [INFO] Rule:228 - rule WakeUp0 Mode is applicable
2023-10-28 19:35:14,023 [INFO] Rule:228 - rule WakeUp0 SIGNAL is applicable
2023-10-28 19:35:14,023 [INFO] Rule:228 - rule WakeUp1 Mode is applicable
2023-10-28 19:35:14,023 [INFO] Rule:228 - rule WakeUp1 SIGNAL is applicable
2023-10-28 19:35:14,023 [INFO] Rule:228 - rule WakeUp2 Mode is applicable
2023-10-28 19:35:14,023 [INFO] Rule:228 - rule WakeUp2 SIGNAL is applicable
2023-10-28 19:35:14,023 [INFO] Rule:228 - rule WakeUp4 Mode is applicable
2023-10-28 19:35:14,023 [INFO] Rule:228 - rule WakeUp4 SIGNAL is applicable
2023-10-28 19:35:14,023 [INFO] Rule:228 - rule WakeUp5 Mode is applicable
2023-10-28 19:35:14,023 [INFO] Rule:228 - rule WakeUp5 SIGNAL is applicable
2023-10-28 19:35:14,023 [INFO] Rule:228 - rule Change Default Value for LSE Drive Capability for WB family is applicable
2023-10-28 19:35:14,023 [INFO] Rule:228 - rule Change Default Value for ADC Clock Prescaler G0 family is applicable
2023-10-28 19:35:14,023 [INFO] Rule:228 - rule Rename AES DataEncryptionTypesList to Algorithm is applicable
2023-10-28 19:35:14,023 [INFO] Rule:228 - rule Rename TDESECB to CRYP_TDES_ECB is applicable
2023-10-28 19:35:14,023 [INFO] Rule:228 - rule Rename TDESCBC to CRYP_TDES_CBC is applicable
2023-10-28 19:35:14,023 [INFO] Rule:228 - rule Rename DESECB to CRYP_DES_ECB is applicable
2023-10-28 19:35:14,023 [INFO] Rule:228 - rule Rename DESCBC to CRYP_DES_CBC is applicable
2023-10-28 19:35:14,023 [INFO] Rule:228 - rule Rename AESECB to CRYP_AES_ECB is applicable
2023-10-28 19:35:14,023 [INFO] Rule:228 - rule Rename AESCBC to CRYP_AES_CBC is applicable
2023-10-28 19:35:14,023 [INFO] Rule:228 - rule Rename AESCTR to CRYP_AES_CTR is applicable
2023-10-28 19:35:14,023 [INFO] Rule:228 - rule Rename AESGCM to CRYP_AES_GCM is applicable
2023-10-28 19:35:14,023 [INFO] Rule:228 - rule Rename AESCCM to CRYP_AES_CCM is applicable
2023-10-28 19:35:14,024 [INFO] Rule:228 - rule Rename CAN TimeSeg1 to BS1 is applicable
2023-10-28 19:35:14,024 [INFO] Rule:228 - rule Rename CAN TimeSeg2 to BS2 is applicable
2023-10-28 19:35:14,024 [INFO] Rule:228 - rule Rename CAN SyncJumpWidth to SJW is applicable
2023-10-28 19:35:14,024 [INFO] Rule:228 - rule TimeTriggeredMode to TTCM is applicable
2023-10-28 19:35:14,024 [INFO] Rule:228 - rule Rename CAN AutoBusOff to ABOM is applicable
2023-10-28 19:35:14,024 [INFO] Rule:228 - rule Rename CAN AutoWakeUp to AWUM is applicable
2023-10-28 19:35:14,024 [INFO] Rule:228 - rule Rename CAN AutoRetransmission to NART is applicable
2023-10-28 19:35:14,024 [INFO] Rule:228 - rule Rename CAN ReceiveFifoLocked to RFLM is applicable
2023-10-28 19:35:14,024 [INFO] Rule:228 - rule Rename CAN TransmitFifoPriority to TXFP is applicable
2023-10-28 19:35:14,024 [INFO] Rule:228 - rule FDCAN_R1 - Rename FDCAN mode Master into Classic is applicable
2023-10-28 19:35:14,024 [INFO] Rule:228 - rule FDCAN_R2 - Rename FDCAN mode Slave into Classic is applicable
2023-10-28 19:35:14,024 [INFO] Rule:228 - rule FDCAN1_R3 - if PA10.Mode=FullDuplex, add Pin PA12 is applicable
2023-10-28 19:35:14,024 [INFO] Rule:228 - rule FDCAN1_R3 - if PA9.Mode=FullDuplex, add Pin PA11 is applicable
2023-10-28 19:35:14,024 [INFO] Rule:228 - rule FDCAN1_R3 - Alternatepin_1 - if PE1.Mode=FullDuplex, add Pin PB9 is applicable
2023-10-28 19:35:14,024 [INFO] Rule:228 - rule FDCAN1_R3 - Alternatepin_1 - if PE0.Mode=FullDuplex, add Pin PB8 is applicable
2023-10-28 19:35:14,024 [INFO] Rule:228 - rule FDCAN1_R3 - Alternatepin_2 - if PD5.Mode=FullDuplex, add Pin PD1 is applicable
2023-10-28 19:35:14,024 [INFO] Rule:228 - rule FDCAN1_R3 - Alternatepin_2 - if PD4.Mode=FullDuplex, add Pin PD0 is applicable
2023-10-28 19:35:14,024 [INFO] Rule:228 - rule FDCAN1_R4 - Rename Mode FullDuplex into Enable FDCAN_TXFD for pin PA10 is applicable
2023-10-28 19:35:14,024 [INFO] Rule:228 - rule FDCAN1_R4 - Rename Mode FullDuplex into Enable FDCAN_TXFD for pin PA9 is applicable
2023-10-28 19:35:14,024 [INFO] Rule:228 - rule FDCAN1_R4 - Alternatepin_1 - Rename Mode FullDuplex into Enable FDCAN_TXFD for pin PE1 is applicable
2023-10-28 19:35:14,024 [INFO] Rule:228 - rule FDCAN1_R4 - Alternatepin_1 - Rename Mode FullDuplex into Enable FDCAN_TXFD for pin PE0 is applicable
2023-10-28 19:35:14,024 [INFO] Rule:228 - rule FDCAN1_R4 - Alternatepin_2 - Rename Mode FullDuplex into Enable FDCAN_TXFD for pin PD5 is applicable
2023-10-28 19:35:14,024 [INFO] Rule:228 - rule FDCAN1_R4 - Alternatepin_2 - Rename Mode FullDuplex into Enable FDCAN_TXFD for pin PD4 is applicable
2023-10-28 19:35:14,024 [INFO] Rule:228 - rule FDCAN2_R3 - if PD10.Mode=FullDuplex, add Pin PB13 is applicable
2023-10-28 19:35:14,024 [INFO] Rule:228 - rule FDCAN2_R3 - if PD9.Mode=FullDuplex, add Pin PB12 is applicable
2023-10-28 19:35:14,024 [INFO] Rule:228 - rule FDCAN2_R3 - Alternatepin_1 - if PB7.Mode=FullDuplex, add Pin PB6 is applicable
2023-10-28 19:35:14,024 [INFO] Rule:228 - rule FDCAN2_R3 - Alternatepin_1 - if PD9.Mode=FullDuplex, add Pin PB12 is applicable
2023-10-28 19:35:14,024 [INFO] Rule:228 - rule FDCAN2_R4 - Rename Mode FullDuplex into Enable FDCAN_TXFD for pin PD10 is applicable
2023-10-28 19:35:14,024 [INFO] Rule:228 - rule FDCAN2_R4 - Rename Mode FullDuplex into Enable FDCAN_TXFD for pin PD9 is applicable
2023-10-28 19:35:14,024 [INFO] Rule:228 - rule FDCAN2_R4 - Alternatepin_1 - Rename Mode FullDuplex into Enable FDCAN_TXFD for pin PB7 is applicable
2023-10-28 19:35:14,024 [INFO] Rule:228 - rule FDCAN2_R4 - Alternatepin_1 - Rename Mode FullDuplex into Enable FDCAN_TXFD for pin PD6 is applicable
2023-10-28 19:35:14,024 [INFO] Rule:228 - rule USART TxPinLevelInvertParam Mode is applicable
2023-10-28 19:35:14,025 [INFO] Rule:228 - rule USART RxPinLevelInvertParam Mode is applicable
2023-10-28 19:35:14,025 [INFO] Rule:228 - rule USART DataInvertParam Mode is applicable
2023-10-28 19:35:14,025 [INFO] Rule:228 - rule USART SwapParam Mode is applicable
2023-10-28 19:35:14,025 [INFO] Rule:228 - rule USART OverrunDisableParam Mode is applicable
2023-10-28 19:35:14,025 [INFO] Rule:228 - rule USART DMADisableonRxErrorParam Mode is applicable
2023-10-28 19:35:14,025 [INFO] Rule:228 - rule USART MSBFirstParam Mode is applicable
2023-10-28 19:35:14,025 [INFO] Rule:228 - rule Update MwName for USB_DEVICE is applicable
2023-10-28 19:35:14,025 [INFO] Rule:228 - rule Change PWR_Regulator_Voltage_Scale Default Value for RCC  H7 family is applicable
2023-10-28 19:35:14,025 [INFO] Rule:228 - rule UART/USART IPParameter rename Prescaler parameter to ClockPrescaler is applicable
2023-10-28 19:35:14,025 [INFO] Rule:228 - rule UART/USART Prescaler rename Prescaler parameter to ClockPrescaler is applicable
2023-10-28 19:35:14,025 [INFO] Rule:228 - rule TIM1CLockSelection is applicable
2023-10-28 19:35:14,025 [INFO] Rule:228 - rule TIM15CLockSelection is applicable
2023-10-28 19:35:14,025 [INFO] Rule:228 - rule align RCC SDMMC3CLockSelection default value on MP1 is applicable
2023-10-28 19:35:14,025 [INFO] Rule:228 - rule align RCC SDMMC12CLockSelection default value on MP1 is applicable
2023-10-28 19:35:14,025 [INFO] Rule:228 - rule align RCC QSPICLockSelection default value on MP1 is applicable
2023-10-28 19:35:14,025 [INFO] Rule:228 - rule align RCC QSPICLockSelection default value on MP1 is applicable
2023-10-28 19:35:14,025 [INFO] Rule:228 - rule align RCC SPI6CLockSelection default value on MP1 is applicable
2023-10-28 19:35:14,025 [INFO] Rule:228 - rule align RCC LPTIM23CLockSelection default value on MP1 is applicable
2023-10-28 19:35:14,025 [INFO] Rule:228 - rule align RCC LPTIM1CLockSelection default value on MP1 is applicable
2023-10-28 19:35:14,025 [INFO] Rule:228 - rule align RCC USART1CLockSelection default value on MP1 is applicable
2023-10-28 19:35:14,025 [INFO] Rule:228 - rule align RCC USART24CLockSelection default value on MP1 is applicable
2023-10-28 19:35:14,025 [INFO] Rule:228 - rule align RCC USART6CLockSelection default value on MP1 is applicable
2023-10-28 19:35:14,025 [INFO] Rule:228 - rule align RCC UART78CLockSelection default value on MP1 is applicable
2023-10-28 19:35:14,025 [INFO] Rule:228 - rule align RCC USART35CLockSelection default value on MP1 is applicable
2023-10-28 19:35:14,025 [INFO] Rule:228 - rule align RCC SPI45CLockSelection default value on MP1 is applicable
2023-10-28 19:35:14,025 [INFO] Rule:228 - rule align RCC I2C46CLockSelection BCLK value on MP1 is applicable
2023-10-28 19:35:14,025 [INFO] Rule:228 - rule align RCC SPI45CLockSelection default value on MP1 is applicable
2023-10-28 19:35:14,025 [INFO] Rule:228 - rule align RCC I2C12CLockSelection default value on MP1 is applicable
2023-10-28 19:35:14,025 [INFO] Rule:228 - rule align RCC I2C35CLockSelection default value on MP1 is applicable
2023-10-28 19:35:14,025 [INFO] Rule:228 - rule align RCC LPTIM45CLockSelection default value on MP1 is applicable
2023-10-28 19:35:14,025 [INFO] Rule:228 - rule Rename DCMI PIXCK signal is applicable
2023-10-28 19:35:14,025 [INFO] Rule:228 - rule Change Default Value for I2C46CLockSelection MP1 family is applicable
2023-10-28 19:35:14,026 [INFO] Rule:228 - rule Change Default Value for UART for G4, G0 and WB families is applicable
2023-10-28 19:35:14,026 [INFO] Rule:228 - rule Change Default Value for USART for G4, G0 and WB families is applicable
2023-10-28 19:35:14,026 [INFO] Rule:228 - rule Change Default Value for USART for G4 family is applicable
2023-10-28 19:35:14,026 [INFO] Rule:228 - rule Change USART1CLockSelection refparam name for MP1 is applicable
2023-10-28 19:35:14,026 [INFO] Rule:228 - rule Change USART2CLockSelection refparam name for MP1 is applicable
2023-10-28 19:35:14,026 [INFO] Rule:228 - rule Change USART3CLockSelection refparam name for MP1 is applicable
2023-10-28 19:35:14,026 [INFO] Rule:228 - rule Change UART4CLockSelection refparam name for MP1 is applicable
2023-10-28 19:35:14,026 [INFO] Rule:228 - rule Change UART5CLockSelection refparam name for MP1 is applicable
2023-10-28 19:35:14,026 [INFO] Rule:228 - rule Change LPUART1CLockSelection refparam name for MP1 is applicable
2023-10-28 19:35:14,026 [INFO] Rule:228 - rule Change LPTIM1CLockSelection refparam name for MP1 is applicable
2023-10-28 19:35:14,026 [INFO] Rule:228 - rule Change LPTIM2CLockSelection refparam name for MP1 is applicable
2023-10-28 19:35:14,026 [INFO] Rule:228 - rule Change RCC_MCO1Source refparam name for MP1 is applicable
2023-10-28 19:35:14,026 [INFO] Rule:228 - rule Change LSCOSource1 refparam name for MP1 is applicable
2023-10-28 19:35:14,026 [INFO] Rule:228 - rule Change SMPSCLockSelection refparam name for MP1 is applicable
2023-10-28 19:35:14,026 [INFO] Rule:228 - rule Change LPTIM3CLockSelection refparam name for MP1 is applicable
2023-10-28 19:35:14,026 [INFO] Rule:228 - rule Change MPCBB* Default Template Mode to Parameters is applicable
2023-10-28 19:35:14,026 [INFO] Rule:228 - rule Change MPCWM* or MPCBB* Secure Mode to Parameters is applicable
2023-10-28 19:35:14,026 [INFO] Rule:228 - rule Change MPCWM* or MPCBB* No Secure Mode to Parameters is applicable
2023-10-28 19:35:14,026 [INFO] Rule:228 - rule Change TZSC IP Secure Mode to Parameters is applicable
2023-10-28 19:35:14,026 [INFO] Rule:228 - rule Change TZSC IP No Secure Mode to Parameters is applicable
2023-10-28 19:35:14,026 [INFO] Rule:228 - rule Change TZSC IP Privilege Mode to Parameters is applicable
2023-10-28 19:35:14,026 [INFO] Rule:228 - rule Change TZSC IP No Privilege Mode to Parameters is applicable
2023-10-28 19:35:14,026 [INFO] Rule:228 - rule Change TZIC IT Secure Mode to Parameters is applicable
2023-10-28 19:35:14,026 [INFO] Rule:228 - rule Change TZIC IT No Secure Mode to Parameters is applicable
2023-10-28 19:35:14,026 [INFO] Rule:228 - rule Add MPCBB1_NonSecureArea_Start_Address value with referenced to MPCBB1_NonSecureArea_Start value is applicable
2023-10-28 19:35:14,026 [INFO] Rule:228 - rule Add MPCBB2_NonSecureArea_Start_Address value with referenced to MPCBB2_NonSecureArea_Start value is applicable
2023-10-28 19:35:14,026 [INFO] Rule:228 - rule Add MPCWM1_NonSecureArea*_Start_Address value with referenced to MPCWM1_NonSecureArea*_Start value is applicable
2023-10-28 19:35:14,026 [INFO] Rule:228 - rule Add MPCWM2_NonSecureArea*_Start_Address value with referenced to MPCWM2_NonSecureArea*_Start value is applicable
2023-10-28 19:35:14,026 [INFO] Rule:228 - rule Add MPCWM3_NonSecureArea_Start_Address value with referenced to MPCWM3_NonSecureArea_Start value is applicable
2023-10-28 19:35:14,026 [INFO] Rule:228 - rule Change Default Value for PLL1UserDefinedConfig is applicable
2023-10-28 19:35:14,026 [INFO] Rule:228 - rule Change GPIO_PuPd Default Value for USART in async mode is applicable
2023-10-28 19:35:14,026 [INFO] Rule:228 - rule Change SMPSDivider Default Value is applicable
2023-10-28 19:35:14,027 [INFO] Rule:228 - rule OPAMP is applicable
2023-10-28 19:35:14,027 [INFO] Rule:228 - rule LPUART IPParameter rename Prescaler parameter to ClockPrescaler for STM32H7 is applicable
2023-10-28 19:35:14,027 [INFO] Rule:228 - rule LPUART IPParameter rename Prescaler parameter to ClockPrescaler for STM32H7 is applicable
2023-10-28 19:35:14,027 [INFO] Rule:228 - rule LPUART IPParameter rename Prescaler parameter to ClockPrescaler for STM32WB is applicable
2023-10-28 19:35:14,027 [INFO] Rule:228 - rule LPUART IPParameter rename Prescaler parameter to ClockPrescaler for STM32WB is applicable
2023-10-28 19:35:14,027 [INFO] Rule:228 - rule LPUART IPParameter rename Prescaler parameter to ClockPrescaler for STM32G4 is applicable
2023-10-28 19:35:14,027 [INFO] Rule:228 - rule LPUART IPParameter rename Prescaler parameter to ClockPrescaler for STM32G4 is applicable
2023-10-28 19:35:14,027 [INFO] Rule:228 - rule LPUART IPParameter rename Prescaler parameter to ClockPrescaler for STM32L5 is applicable
2023-10-28 19:35:14,027 [INFO] Rule:228 - rule LPUART IPParameter rename Prescaler parameter to ClockPrescaler for STM32L5 is applicable
2023-10-28 19:35:14,027 [INFO] Rule:228 - rule LPUART IPParameter rename Prescaler parameter to ClockPrescaler for STM32G4 is applicable
2023-10-28 19:35:14,027 [INFO] Rule:228 - rule LPUART IPParameter rename Prescaler parameter to ClockPrescaler for STM32G4 is applicable
2023-10-28 19:35:14,027 [INFO] Rule:228 - rule USB device lib V2.5.3 for L0 rename USBD_SUPPORT_USER_STRING parameter to USBD_SUPPORT_USER_STRING_DESC4 is applicable
2023-10-28 19:35:14,027 [INFO] Rule:228 - rule I2SCLockSelection clock entry align is applicable
2023-10-28 19:35:14,027 [INFO] Rule:228 - rule Assign TIMx context if used as SYS timebase is applicable
2023-10-28 19:35:14,027 [INFO] Rule:228 - rule Change GPIO_Pu Default Value for I2C is applicable
2023-10-28 19:35:14,027 [INFO] Rule:228 - rule Change GPIO_Pu Default Value for SMBus is applicable
2023-10-28 19:35:14,027 [INFO] Rule:228 - rule change FDCAN default value is applicable
2023-10-28 19:35:14,027 [INFO] Rule:228 - rule Change mode sai is applicable
2023-10-28 19:35:14,027 [INFO] Rule:228 - rule **Change sai mode is applicable
2023-10-28 19:35:14,032 [INFO] DbConfProperties:307 - Apply Compatibility (20/199 Rules)
2023-10-28 19:35:14,092 [INFO] ImportTextPane:194 - (OptionalMessage_ERROR) Unable to find key (Mcu.ThirdPartyNb) in loaded IOC file
2023-10-28 19:35:14,229 [INFO] RtosManager:555 - Registered RTOS mode: class=CMSIS, group=RTOS, mode=CMSIS_V1, owner=FREERTOS
2023-10-28 19:35:14,230 [INFO] RtosManager:555 - Registered RTOS mode: class=CMSIS, group=RTOS2, mode=CMSIS_V2, owner=FREERTOS
2023-10-28 19:35:14,230 [INFO] RtosManager:555 - Registered RTOS mode: class=RTOS, group=Core, mode=CMSIS_V1, owner=FREERTOS
2023-10-28 19:35:14,230 [INFO] RtosManager:555 - Registered RTOS mode: class=RTOS, group=Core, mode=CMSIS_V2, owner=FREERTOS
2023-10-28 19:35:14,230 [WARN] ModelIntegratedComponent:184 - Missing modes for component STMicroelectronics:FreeRTOS:0.0.1:STMicroelectronics:RTOS:FreeRTOS:Core:::10.2.0:
2023-10-28 19:35:14,239 [WARN] ModelIntegratedComponent:63 - No mode defined for component null
2023-10-28 19:35:14,239 [WARN] ModelIntegratedComponent:63 - No mode defined for component null
2023-10-28 19:35:14,239 [WARN] ModelIntegratedComponent:63 - No mode defined for component null
2023-10-28 19:35:14,239 [WARN] ModelIntegratedComponent:63 - No mode defined for component null
2023-10-28 19:35:14,239 [WARN] ModelIntegratedComponent:63 - No mode defined for component null
2023-10-28 19:35:14,239 [WARN] ModelIntegratedComponent:63 - No mode defined for component null
2023-10-28 19:35:14,239 [WARN] ModelIntegratedComponent:63 - No mode defined for component null
2023-10-28 19:35:14,239 [WARN] ModelIntegratedComponent:63 - No mode defined for component null
2023-10-28 19:35:14,239 [WARN] ModelIntegratedComponent:63 - No mode defined for component null
2023-10-28 19:35:14,239 [WARN] ModelIntegratedComponent:63 - No mode defined for component null
2023-10-28 19:35:14,239 [WARN] ModelIntegratedComponent:63 - No mode defined for component null
2023-10-28 19:35:14,240 [WARN] ModelIntegratedComponent:63 - No mode defined for component null
2023-10-28 19:35:14,240 [WARN] ModelIntegratedComponent:63 - No mode defined for component null
2023-10-28 19:35:14,240 [WARN] ModelIntegratedComponent:63 - No mode defined for component null
2023-10-28 19:35:14,240 [WARN] ModelIntegratedComponent:63 - No mode defined for component null
2023-10-28 19:35:14,240 [WARN] ModelIntegratedComponent:63 - No mode defined for component null
2023-10-28 19:35:14,240 [WARN] ModelIntegratedComponent:63 - No mode defined for component null
2023-10-28 19:35:14,240 [WARN] ModelIntegratedComponent:63 - No mode defined for component null
2023-10-28 19:35:14,240 [WARN] ModelIntegratedComponent:63 - No mode defined for component null
2023-10-28 19:35:14,240 [WARN] ModelIntegratedComponent:63 - No mode defined for component null
2023-10-28 19:35:14,240 [WARN] ModelIntegratedComponent:63 - No mode defined for component null
2023-10-28 19:35:14,240 [WARN] ModelIntegratedComponent:63 - No mode defined for component null
2023-10-28 19:35:14,240 [WARN] ModelIntegratedComponent:63 - No mode defined for component null
2023-10-28 19:35:14,240 [WARN] ModelIntegratedComponent:63 - No mode defined for component null
2023-10-28 19:35:14,240 [WARN] ModelIntegratedComponent:63 - No mode defined for component null
2023-10-28 19:35:14,240 [WARN] ModelIntegratedComponent:63 - No mode defined for component null
2023-10-28 19:35:14,240 [WARN] ModelIntegratedComponent:63 - No mode defined for component null
2023-10-28 19:35:14,240 [WARN] ModelIntegratedComponent:63 - No mode defined for component null
2023-10-28 19:35:14,240 [WARN] ModelIntegratedComponent:63 - No mode defined for component null
2023-10-28 19:35:14,240 [WARN] ModelIntegratedComponent:63 - No mode defined for component null
2023-10-28 19:35:14,240 [WARN] ModelIntegratedComponent:63 - No mode defined for component null
2023-10-28 19:35:14,240 [WARN] ModelIntegratedComponent:63 - No mode defined for component null
2023-10-28 19:35:14,240 [WARN] ModelIntegratedComponent:63 - No mode defined for component null
2023-10-28 19:35:14,293 [INFO] ThirdPartyModel:298 - Start build external matchings
2023-10-28 19:35:14,602 [INFO] ThirdPartyModel:316 - End build external matchings
2023-10-28 19:35:14,615 [INFO] ImportTextPane:194 - (OptionalMessage_ERROR) IP (RCC) : Invalid parameter (48MHZClocksFreq_Value)
2023-10-28 19:35:14,615 [INFO] ImportTextPane:194 - (OptionalMessage_ERROR) IP (RCC) : Invalid parameter (ADC12outputFreq_Value)
2023-10-28 19:35:14,615 [INFO] ImportTextPane:194 - (OptionalMessage_ERROR) IP (RCC) : Invalid parameter (ADC34outputFreq_Value)
2023-10-28 19:35:14,615 [INFO] ImportTextPane:194 - (OptionalMessage_ERROR) IP (RCC) : Invalid parameter (DFSDM2Freq_Value)
2023-10-28 19:35:14,615 [INFO] ImportTextPane:194 - (OptionalMessage_ERROR) IP (RCC) : Invalid parameter (DFSDMAudioFreq_Value)
2023-10-28 19:35:14,615 [INFO] ImportTextPane:194 - (OptionalMessage_ERROR) IP (RCC) : Invalid parameter (EthernetFreq_Value)
2023-10-28 19:35:14,615 [INFO] ImportTextPane:194 - (OptionalMessage_ERROR) IP (RCC) : Invalid parameter (FMPI2C1Freq_Value)
2023-10-28 19:35:14,615 [INFO] ImportTextPane:194 - (OptionalMessage_ERROR) IP (RCC) : Invalid parameter (FamilyName)
2023-10-28 19:35:14,616 [INFO] ImportTextPane:194 - (OptionalMessage_ERROR) IP (RCC) : Invalid parameter (I2S1Freq_Value)
2023-10-28 19:35:14,616 [INFO] ImportTextPane:194 - (OptionalMessage_ERROR) IP (RCC) : Invalid parameter (I2S2Freq_Value)
2023-10-28 19:35:14,616 [INFO] ImportTextPane:194 - (OptionalMessage_ERROR) IP (RCC) : Invalid parameter (I2SClocksFreq_Value)
2023-10-28 19:35:14,616 [INFO] ImportTextPane:194 - (OptionalMessage_ERROR) IP (RCC) : Invalid parameter (LPTimerFreq_Value)
2023-10-28 19:35:14,616 [INFO] ImportTextPane:194 - (OptionalMessage_ERROR) IP (RCC) : Invalid parameter (MCO2PinFreq_Value)
2023-10-28 19:35:14,616 [INFO] ImportTextPane:194 - (OptionalMessage_ERROR) IP (RCC) : Invalid parameter (MCOFreq_Value)
2023-10-28 19:35:14,616 [INFO] ImportTextPane:194 - (OptionalMessage_ERROR) IP (RCC) : Invalid parameter (PLLCLKFreq_Value)
2023-10-28 19:35:14,616 [INFO] ImportTextPane:194 - (OptionalMessage_ERROR) IP (RCC) : Invalid parameter (PLLI2SPCLKFreq_Value)
2023-10-28 19:35:14,616 [INFO] ImportTextPane:194 - (OptionalMessage_ERROR) IP (RCC) : Invalid parameter (PLLI2SQCLKFreq_Value)
2023-10-28 19:35:14,616 [INFO] ImportTextPane:194 - (OptionalMessage_ERROR) IP (RCC) : Invalid parameter (PLLI2SQoutputFreq_Value)
2023-10-28 19:35:14,616 [INFO] ImportTextPane:194 - (OptionalMessage_ERROR) IP (RCC) : Invalid parameter (PLLI2SRCLKFreq_Value)
2023-10-28 19:35:14,616 [INFO] ImportTextPane:194 - (OptionalMessage_ERROR) IP (RCC) : Invalid parameter (PLLI2SoutputFreq_Value)
2023-10-28 19:35:14,616 [INFO] ImportTextPane:194 - (OptionalMessage_ERROR) IP (RCC) : Invalid parameter (PLLMCOFreq_Value)
2023-10-28 19:35:14,616 [INFO] ImportTextPane:194 - (OptionalMessage_ERROR) IP (RCC) : Invalid parameter (PLLMUL)
2023-10-28 19:35:14,616 [INFO] ImportTextPane:194 - (OptionalMessage_ERROR) IP (RCC) : Invalid parameter (PLLQCLKFreq_Value)
2023-10-28 19:35:14,616 [INFO] ImportTextPane:194 - (OptionalMessage_ERROR) IP (RCC) : Invalid parameter (PLLRoutputFreq_Value)
2023-10-28 19:35:14,617 [INFO] ImportTextPane:194 - (OptionalMessage_ERROR) IP (RCC) : Invalid parameter (PRESCALERUSB)
2023-10-28 19:35:14,617 [INFO] ImportTextPane:194 - (OptionalMessage_ERROR) IP (RCC) : Invalid parameter (RTCHSEDivFreq_Value)
2023-10-28 19:35:14,617 [INFO] ImportTextPane:194 - (OptionalMessage_ERROR) IP (RCC) : Invalid parameter (SAI1AFreq_Value)
2023-10-28 19:35:14,617 [INFO] ImportTextPane:194 - (OptionalMessage_ERROR) IP (RCC) : Invalid parameter (SAI1BFreq_Value)
2023-10-28 19:35:14,617 [INFO] ImportTextPane:194 - (OptionalMessage_ERROR) IP (RCC) : Invalid parameter (SDIOFreq_Value)
2023-10-28 19:35:14,617 [INFO] ImportTextPane:194 - (OptionalMessage_ERROR) IP (RCC) : Invalid parameter (SYSCLKSourceVirtual)
2023-10-28 19:35:14,617 [INFO] ImportTextPane:194 - (OptionalMessage_ERROR) IP (RCC) : Invalid parameter (TIM15Freq_Value)
2023-10-28 19:35:14,617 [INFO] ImportTextPane:194 - (OptionalMessage_ERROR) IP (RCC) : Invalid parameter (TIM16Freq_Value)
2023-10-28 19:35:14,617 [INFO] ImportTextPane:194 - (OptionalMessage_ERROR) IP (RCC) : Invalid parameter (TIM17Freq_Value)
2023-10-28 19:35:14,617 [INFO] ImportTextPane:194 - (OptionalMessage_ERROR) IP (RCC) : Invalid parameter (TIM1Freq_Value)
2023-10-28 19:35:14,617 [INFO] ImportTextPane:194 - (OptionalMessage_ERROR) IP (RCC) : Invalid parameter (TIM20Freq_Value)
2023-10-28 19:35:14,617 [INFO] ImportTextPane:194 - (OptionalMessage_ERROR) IP (RCC) : Invalid parameter (TIM2Freq_Value)
2023-10-28 19:35:14,617 [INFO] ImportTextPane:194 - (OptionalMessage_ERROR) IP (RCC) : Invalid parameter (TIM3Freq_Value)
2023-10-28 19:35:14,617 [INFO] ImportTextPane:194 - (OptionalMessage_ERROR) IP (RCC) : Invalid parameter (TIM8Freq_Value)
2023-10-28 19:35:14,617 [INFO] ImportTextPane:194 - (OptionalMessage_ERROR) IP (RCC) : Invalid parameter (VCOI2SInputFreq_Value)
2023-10-28 19:35:14,617 [INFO] ImportTextPane:194 - (OptionalMessage_ERROR) IP (RCC) : Invalid parameter (VCOI2SOutputFreq_Value)
2023-10-28 19:35:14,618 [INFO] ImportTextPane:194 - (OptionalMessage_ERROR) IP (RCC) : Invalid parameter (VCOInputMFreq_Value)
2023-10-28 19:35:14,618 [INFO] ImportTextPane:194 - (OptionalMessage_ERROR) IP (RCC) : Invalid parameter (VCOOutput2Freq_Value)
2023-10-28 19:35:14,618 [INFO] ImportTextPane:194 - (OptionalMessage_ERROR) IP (RCC) : Invalid parameter (VcooutputI2S)
2023-10-28 19:35:14,997 [INFO] UtilMem:75 - End LoadConfig() Used Memory: 759473120 Bytes (886046720)
2023-10-28 19:35:15,078 [WARN] ThirdParty:833 - waiting for thirdparty lock release [change project]
2023-10-28 19:35:15,078 [INFO] ThirdParty:835 - entering critical section [change project]
2023-10-28 19:35:15,078 [INFO] ThirdParty:1030 - CMSIS Pack Vendor :STMicroelectronics X-CUBE-ISPU 1.1.0
2023-10-28 19:35:15,078 [INFO] ThirdParty:1030 - CMSIS Pack Vendor :STMicroelectronics USBPD 4.1
2023-10-28 19:35:15,078 [INFO] ThirdParty:1030 - CMSIS Pack Vendor :STMicroelectronics X-CUBE-GNSS1 6.0.0
2023-10-28 19:35:15,079 [INFO] ThirdParty:1030 - CMSIS Pack Vendor :STMicroelectronics USB_HOST 2.0.0
2023-10-28 19:35:15,079 [INFO] ThirdParty:1030 - CMSIS Pack Vendor :STMicroelectronics X-CUBE-AZRTOS-F4 1.1.0
2023-10-28 19:35:15,079 [INFO] ThirdParty:1030 - CMSIS Pack Vendor :STMicroelectronics LIBJPEG 8.0.0
2023-10-28 19:35:15,079 [INFO] ThirdParty:1030 - CMSIS Pack Vendor :wolfSSL I-CUBE-wolfSSL 5.6.3
2023-10-28 19:35:15,079 [INFO] ThirdParty:1030 - CMSIS Pack Vendor :STMicroelectronics X-CUBE-SMBUS 2.1.0
2023-10-28 19:35:15,079 [INFO] ThirdParty:1030 - CMSIS Pack Vendor :STMicroelectronics USB_DEVICE 3.0.0
2023-10-28 19:35:15,079 [INFO] ThirdParty:1030 - CMSIS Pack Vendor :STMicroelectronics X-CUBE-AZRTOS-WB 2.0.0
2023-10-28 19:35:15,079 [INFO] ThirdParty:1030 - CMSIS Pack Vendor :STMicroelectronics X-CUBE-AZRTOS-F7 1.1.0
2023-10-28 19:35:15,079 [INFO] ThirdParty:1030 - CMSIS Pack Vendor :STMicroelectronics X-CUBE-AZRTOS-L5 2.0.0
2023-10-28 19:35:15,079 [INFO] ThirdParty:1030 - CMSIS Pack Vendor :STMicroelectronics USB_DEVICE 2.0.0
2023-10-28 19:35:15,079 [INFO] ThirdParty:1030 - CMSIS Pack Vendor :STMicroelectronics X-CUBE-MEMS1 9.6.0
2023-10-28 19:35:15,079 [INFO] ThirdParty:1030 - CMSIS Pack Vendor :STMicroelectronics X-CUBE-EEPRMA1 4.2.0
2023-10-28 19:35:15,079 [INFO] ThirdParty:1030 - CMSIS Pack Vendor :ITTIA_DB I-CUBE-ITTIADB 8.8.0
2023-10-28 19:35:15,079 [INFO] ThirdParty:1030 - CMSIS Pack Vendor :STMicroelectronics FP-SNS-MOTENV1 4.3.2
2023-10-28 19:35:15,079 [INFO] ThirdParty:1030 - CMSIS Pack Vendor :STMicroelectronics X-CUBE-ALGOBUILD 1.3.0
2023-10-28 19:35:15,079 [INFO] ThirdParty:1030 - CMSIS Pack Vendor :STMicroelectronics FreeRTOS 0.0.1
2023-10-28 19:35:15,079 [INFO] ThirdParty:1030 - CMSIS Pack Vendor :STMicroelectronics X-CUBE-AZRTOS-G0 1.1.0
2023-10-28 19:35:15,079 [INFO] ThirdParty:1030 - CMSIS Pack Vendor :STMicroelectronics X-CUBE-BLEMGR 2.0.0
2023-10-28 19:35:15,079 [INFO] ThirdParty:1030 - CMSIS Pack Vendor :STMicroelectronics X-CUBE-NFC4 3.0.0
2023-10-28 19:35:15,079 [INFO] ThirdParty:1030 - CMSIS Pack Vendor :STMicroelectronics X-CUBE-SUBG2 5.0.0
2023-10-28 19:35:15,079 [INFO] ThirdParty:1030 - CMSIS Pack Vendor :STMicroelectronics STM32_WPAN 1.0.0
2023-10-28 19:35:15,079 [INFO] ThirdParty:1030 - CMSIS Pack Vendor :STMicroelectronics lwIP 2.0.3
2023-10-28 19:35:15,079 [INFO] ThirdParty:1030 - CMSIS Pack Vendor :STMicroelectronics FP-SNS-FLIGHT1 5.0.2
2023-10-28 19:35:15,079 [INFO] ThirdParty:1030 - CMSIS Pack Vendor :STMicroelectronics USB_HOST 1.0.0
2023-10-28 19:35:15,079 [INFO] ThirdParty:1030 - CMSIS Pack Vendor :STMicroelectronics X-CUBE-TOF1 3.3.1
2023-10-28 19:35:15,079 [INFO] ThirdParty:1030 - CMSIS Pack Vendor :STMicroelectronics X-CUBE-AZRTOS-G4 2.0.0
2023-10-28 19:35:15,079 [INFO] ThirdParty:1030 - CMSIS Pack Vendor :STMicroelectronics PDM2PCM 3.1.0
2023-10-28 19:35:15,079 [INFO] ThirdParty:1030 - CMSIS Pack Vendor :STMicroelectronics X-CUBE-AZRTOS-H7 3.1.0
2023-10-28 19:35:15,079 [INFO] ThirdParty:1030 - CMSIS Pack Vendor :Infineon AIROC-Wi-Fi-Bluetooth-STM32 1.5.1
2023-10-28 19:35:15,079 [INFO] ThirdParty:1030 - CMSIS Pack Vendor :STMicroelectronics PDM2PCM 3.3.0
2023-10-28 19:35:15,079 [INFO] ThirdParty:1030 - CMSIS Pack Vendor :STMicroelectronics X-CUBE-DISPLAY 3.0.0
2023-10-28 19:35:15,079 [INFO] ThirdParty:1030 - CMSIS Pack Vendor :STMicroelectronics X-CUBE-BLE1 7.0.0
2023-10-28 19:35:15,079 [INFO] ThirdParty:1030 - CMSIS Pack Vendor :STMicroelectronics FP-ATR-SIGFOX1 3.2.0
2023-10-28 19:35:15,079 [INFO] ThirdParty:1030 - CMSIS Pack Vendor :STMicroelectronics HAL Drivers 0.0.0
2023-10-28 19:35:15,079 [INFO] ThirdParty:1030 - CMSIS Pack Vendor :STMicroelectronics MBEDTLS 2.16.2
2023-10-28 19:35:15,079 [INFO] ThirdParty:1030 - CMSIS Pack Vendor :emotas I-CUBE-CANOPEN 1.3.0
2023-10-28 19:35:15,079 [INFO] ThirdParty:1030 - CMSIS Pack Vendor :STMicroelectronics X-CUBE-MEMS1 10.0.0
2023-10-28 19:35:15,079 [INFO] ThirdParty:1030 - CMSIS Pack Vendor :STMicroelectronics X-CUBE-FREERTOS 1.1.0
2023-10-28 19:35:15,079 [INFO] ThirdParty:1030 - CMSIS Pack Vendor :STMicroelectronics X-CUBE-TOUCHGFX 4.22.0
2023-10-28 19:35:15,079 [INFO] ThirdParty:1030 - CMSIS Pack Vendor :STMicroelectronics X-CUBE-NFC7 1.0.1
2023-10-28 19:35:15,079 [INFO] ThirdParty:1030 - CMSIS Pack Vendor :STMicroelectronics MBEDTLS 2.14.1
2023-10-28 19:35:15,079 [INFO] ThirdParty:1030 - CMSIS Pack Vendor :STMicroelectronics X-CUBE-TOUCHGFX 4.22.1
2023-10-28 19:35:15,079 [INFO] ThirdParty:1030 - CMSIS Pack Vendor :STMicroelectronics X-CUBE-NFC6 3.0.0
2023-10-28 19:35:15,079 [INFO] ThirdParty:1030 - CMSIS Pack Vendor :STMicroelectronics X-CUBE-EEPRMA1 4.1.0
2023-10-28 19:35:15,080 [INFO] ThirdParty:1030 - CMSIS Pack Vendor :portGmbH I-Cube-SoM-uGOAL 1.1.0
2023-10-28 19:35:15,080 [INFO] ThirdParty:1030 - CMSIS Pack Vendor :STMicroelectronics X-CUBE-ALS 1.0.1
2023-10-28 19:35:15,080 [INFO] ThirdParty:1030 - CMSIS Pack Vendor :STMicroelectronics ThreadX 1.0.0
2023-10-28 19:35:15,080 [INFO] ThirdParty:1030 - CMSIS Pack Vendor :STMicroelectronics FP-SNS-SMARTAG2 1.2.0
2023-10-28 19:35:15,080 [INFO] ThirdParty:1030 - CMSIS Pack Vendor :STMicroelectronics X-CUBE-AZRTOS-WL 2.0.0
2023-10-28 19:35:15,080 [INFO] ThirdParty:1030 - CMSIS Pack Vendor :SEGGER I-CUBE-embOS 1.3.1
2023-10-28 19:35:15,080 [INFO] ThirdParty:1030 - CMSIS Pack Vendor :STMicroelectronics USB_DEVICE 1.0.0
2023-10-28 19:35:15,080 [INFO] ThirdParty:1030 - CMSIS Pack Vendor :STMicroelectronics X-CUBE-AI 8.1.0
2023-10-28 19:35:15,080 [INFO] ThirdParty:1030 - CMSIS Pack Vendor :STMicroelectronics X-CUBE-AZRTOS-L4 2.0.0
2023-10-28 19:35:15,080 [INFO] ThirdParty:1030 - CMSIS Pack Vendor :STMicroelectronics ThreadX 0.0.2
2023-10-28 19:35:15,080 [INFO] ThirdParty:1030 - CMSIS Pack Vendor :WES I-CUBE-Cesium 1.3.0
2023-10-28 19:35:15,080 [INFO] ThirdParty:1030 - CMSIS Pack Vendor :STMicroelectronics FP-ATR-ASTRA1 2.0.0
2023-10-28 19:35:15,080 [INFO] ThirdParty:1030 - CMSIS Pack Vendor :STMicroelectronics lwIP 2.1.2
2023-10-28 19:35:15,080 [INFO] ThirdParty:1030 - CMSIS Pack Vendor :STMicroelectronics X-CUBE-SFXS2LP1 4.0.0
2023-10-28 19:35:15,080 [INFO] ThirdParty:1030 - CMSIS Pack Vendor :STMicroelectronics X-CUBE-BLE2 3.3.0
2023-10-28 19:35:15,080 [INFO] ThirdParty:1030 - CMSIS Pack Vendor :STMicroelectronics PDM2PCM 3.2.0
2023-10-28 19:35:15,080 [INFO] ThirdParty:841 - exiting critical section [change project]
2023-10-28 19:35:15,424 [INFO] PinOutPanel:1499 - setPackage(No Configuration,No Configuration)
2023-10-28 19:35:15,425 [INFO] PinOutPanel:1499 - setPackage(STM32L496ZGTx,LQFP144)
2023-10-28 19:35:15,942 [INFO] UtilMem:75 - Before build in PCC Used Memory: 488385568 Bytes (886046720)
2023-10-28 19:35:16,819 [INFO] UtilMem:75 - After build in PCC Used Memory: 574986216 Bytes (886046720)
2023-10-28 19:35:16,842 [INFO] IPUIPlugin:80 - create IPUIPlugin
2023-10-28 19:35:16,842 [INFO] IPUIPlugin:80 - create IPUIPlugin
2023-10-28 19:35:16,842 [INFO] IPUIPlugin:80 - create IPUIPlugin
2023-10-28 19:35:16,842 [INFO] IPUIPlugin:80 - create IPUIPlugin
2023-10-28 19:35:16,842 [INFO] IPUIPlugin:80 - create IPUIPlugin
2023-10-28 19:35:16,842 [INFO] IPUIPlugin:80 - create IPUIPlugin
2023-10-28 19:35:16,842 [INFO] IPUIPlugin:80 - create IPUIPlugin
2023-10-28 19:35:16,843 [INFO] IPUIPlugin:80 - create IPUIPlugin
2023-10-28 19:35:16,843 [INFO] IPUIPlugin:80 - create IPUIPlugin
2023-10-28 19:35:16,843 [INFO] IPUIPlugin:80 - create IPUIPlugin
2023-10-28 19:35:16,843 [INFO] IPUIPlugin:80 - create IPUIPlugin
2023-10-28 19:35:16,843 [INFO] IPUIPlugin:80 - create IPUIPlugin
2023-10-28 19:35:16,843 [INFO] IPUIPlugin:80 - create IPUIPlugin
2023-10-28 19:35:16,843 [INFO] IPUIPlugin:80 - create IPUIPlugin
2023-10-28 19:35:16,843 [INFO] IPUIPlugin:80 - create IPUIPlugin
2023-10-28 19:35:16,843 [INFO] IPUIPlugin:80 - create IPUIPlugin
2023-10-28 19:35:16,843 [INFO] IPUIPlugin:80 - create IPUIPlugin
2023-10-28 19:35:16,843 [INFO] IPUIPlugin:80 - create IPUIPlugin
2023-10-28 19:35:16,843 [INFO] IPUIPlugin:80 - create IPUIPlugin
2023-10-28 19:35:16,843 [INFO] IPUIPlugin:80 - create IPUIPlugin
2023-10-28 19:35:16,843 [INFO] IPUIPlugin:80 - create IPUIPlugin
2023-10-28 19:35:16,843 [INFO] IPUIPlugin:80 - create IPUIPlugin
2023-10-28 19:35:16,843 [INFO] IPUIPlugin:80 - create IPUIPlugin
2023-10-28 19:35:16,844 [INFO] IPUIPlugin:80 - create IPUIPlugin
2023-10-28 19:35:16,844 [INFO] IPUIPlugin:80 - create IPUIPlugin
2023-10-28 19:35:16,844 [INFO] IPUIPlugin:80 - create IPUIPlugin
2023-10-28 19:35:16,844 [INFO] IPUIPlugin:80 - create IPUIPlugin
2023-10-28 19:35:16,844 [INFO] IPUIPlugin:80 - create IPUIPlugin
2023-10-28 19:35:16,844 [INFO] IPUIPlugin:80 - create IPUIPlugin
2023-10-28 19:35:16,844 [INFO] IPUIPlugin:80 - create IPUIPlugin
2023-10-28 19:35:16,844 [INFO] IPUIPlugin:80 - create IPUIPlugin
2023-10-28 19:35:16,844 [INFO] IPUIPlugin:80 - create IPUIPlugin
2023-10-28 19:35:16,844 [INFO] IPUIPlugin:80 - create IPUIPlugin
2023-10-28 19:35:16,845 [INFO] IPUIPlugin:80 - create IPUIPlugin
2023-10-28 19:35:16,845 [INFO] IPUIPlugin:80 - create IPUIPlugin
2023-10-28 19:35:16,845 [INFO] IPUIPlugin:80 - create IPUIPlugin
2023-10-28 19:35:16,845 [INFO] IPUIPlugin:80 - create IPUIPlugin
2023-10-28 19:35:16,845 [INFO] IPUIPlugin:80 - create IPUIPlugin
2023-10-28 19:35:16,845 [INFO] IPUIPlugin:80 - create IPUIPlugin
2023-10-28 19:35:16,845 [INFO] IPUIPlugin:80 - create IPUIPlugin
2023-10-28 19:35:16,845 [INFO] IPUIPlugin:80 - create IPUIPlugin
2023-10-28 19:35:16,845 [INFO] IPUIPlugin:80 - create IPUIPlugin
2023-10-28 19:35:16,846 [INFO] IPUIPlugin:80 - create IPUIPlugin
2023-10-28 19:35:16,846 [INFO] IPUIPlugin:80 - create IPUIPlugin
2023-10-28 19:35:16,846 [INFO] IPUIPlugin:80 - create IPUIPlugin
2023-10-28 19:35:16,846 [INFO] IPUIPlugin:80 - create IPUIPlugin
2023-10-28 19:35:16,846 [INFO] IPUIPlugin:80 - create IPUIPlugin
2023-10-28 19:35:16,846 [INFO] IPUIPlugin:80 - create IPUIPlugin
2023-10-28 19:35:16,846 [INFO] IPUIPlugin:80 - create IPUIPlugin
2023-10-28 19:35:16,846 [INFO] IPUIPlugin:80 - create IPUIPlugin
2023-10-28 19:35:16,847 [INFO] IPUIPlugin:80 - create IPUIPlugin
2023-10-28 19:35:16,847 [INFO] IPUIPlugin:80 - create IPUIPlugin
2023-10-28 19:35:16,847 [INFO] IPUIPlugin:80 - create IPUIPlugin
2023-10-28 19:35:16,847 [INFO] IPUIPlugin:80 - create IPUIPlugin
2023-10-28 19:35:16,847 [INFO] IPUIPlugin:80 - create IPUIPlugin
2023-10-28 19:35:16,847 [INFO] IPUIPlugin:80 - create IPUIPlugin
2023-10-28 19:35:16,847 [INFO] IPUIPlugin:80 - create IPUIPlugin
2023-10-28 19:35:16,848 [INFO] IPUIPlugin:80 - create IPUIPlugin
2023-10-28 19:35:16,848 [INFO] IPUIPlugin:80 - create IPUIPlugin
2023-10-28 19:35:16,848 [INFO] IPUIPlugin:80 - create IPUIPlugin
2023-10-28 19:35:16,849 [INFO] IPUIPlugin:80 - create IPUIPlugin
2023-10-28 19:35:16,849 [INFO] IPUIPlugin:80 - create IPUIPlugin
2023-10-28 19:35:16,849 [INFO] IPUIPlugin:80 - create IPUIPlugin
2023-10-28 19:35:16,849 [INFO] IPUIPlugin:80 - create IPUIPlugin
2023-10-28 19:35:17,068 [INFO] CADModel:165 - CPN selected for project levelSTM32L496ZGT3
2023-10-28 19:35:17,068 [INFO] CADModel:114 - Register for checkConnection events
2023-10-28 19:35:17,117 [INFO] OpenFileManager:328 - Restore cursor
2023-10-28 19:35:17,785 [INFO] UtilMem:75 - End SaveConfig() Used Memory: 488021312 Bytes (886046720)
2023-10-28 19:35:17,847 [INFO] UtilMem:75 - End SaveConfig() Used Memory: 520019176 Bytes (886046720)
2023-10-28 19:35:18,173 [INFO] BlockDiagram:2759 - set Specific Code input for plugin: SYS
2023-10-28 19:35:18,173 [INFO] BlockDiagram:2759 - set Specific Code input for plugin: RCC
2023-10-28 19:35:18,173 [INFO] BlockDiagram:2759 - set Specific Code input for plugin: LPUART
2023-10-28 19:35:18,173 [INFO] BlockDiagram:2759 - set Specific Code input for plugin: USB_OTG_FS
2023-10-28 19:35:18,173 [INFO] BlockDiagram:2759 - set Specific Code input for plugin: NVIC
2023-10-28 19:35:18,174 [INFO] BlockDiagram:2759 - set Specific Code input for plugin: GPIO
2023-10-28 19:35:18,175 [INFO] CodeGenerator:799 - code generatio: config db path: C:\ST\STM32CubeIDE_1.13.2\STM32CubeIDE\plugins\com.st.stm32cube.common.mx_6.9.2.202309101412\\db\
2023-10-28 19:35:18,328 [INFO] CodeEngine:255 - oldGeneratedFile, C:\Users\goneb\STM32CubeIDE\workspace_1.13.2\CPE 316 A6 ADC\MXTmpFiles\license.tmp_save
2023-10-28 19:35:18,555 [INFO] CodeEngine:279 - Generated code: C:\Users\goneb\STM32CubeIDE\workspace_1.13.2\CPE 316 A6 ADC\MXTmpFiles\license.tmp
2023-10-28 19:35:18,670 [INFO] CodeEngine:255 - oldGeneratedFile, C:\Users\goneb\STM32CubeIDE\workspace_1.13.2\CPE 316 A6 ADC\MXTmpFiles\gpio.tmp_save
2023-10-28 19:35:18,785 [INFO] CodeEngine:279 - Generated code: C:\Users\goneb\STM32CubeIDE\workspace_1.13.2\CPE 316 A6 ADC\MXTmpFiles\gpio.tmp
2023-10-28 19:35:19,098 [WARN] IPConfigManager:2937 - Warning: the RefConfig PWREx_EnableUSBVoltageDetector is not available in your config.xml file
2023-10-28 19:35:19,114 [INFO] CodeEngine:255 - oldGeneratedFile, C:\Users\goneb\STM32CubeIDE\workspace_1.13.2\CPE 316 A6 ADC\Core\Src\stm32l4xx_it.c_save
2023-10-28 19:35:19,218 [INFO] CodeEngine:279 - Generated code: C:\Users\goneb\STM32CubeIDE\workspace_1.13.2\CPE 316 A6 ADC\Core\Src\stm32l4xx_it.c
2023-10-28 19:35:19,227 [INFO] CodeEngine:255 - oldGeneratedFile, C:\Users\goneb\STM32CubeIDE\workspace_1.13.2\CPE 316 A6 ADC\Core\Inc\stm32l4xx_it.h_save
2023-10-28 19:35:19,283 [INFO] CodeEngine:279 - Generated code: C:\Users\goneb\STM32CubeIDE\workspace_1.13.2\CPE 316 A6 ADC\Core\Inc\stm32l4xx_it.h
2023-10-28 19:35:19,299 [INFO] CodeEngine:255 - oldGeneratedFile, C:\Users\goneb\STM32CubeIDE\workspace_1.13.2\CPE 316 A6 ADC\Core\Src\stm32l4xx_hal_msp.c_save
2023-10-28 19:35:19,397 [INFO] CodeEngine:279 - Generated code: C:\Users\goneb\STM32CubeIDE\workspace_1.13.2\CPE 316 A6 ADC\Core\Src\stm32l4xx_hal_msp.c
2023-10-28 19:35:19,404 [INFO] CodeEngine:255 - oldGeneratedFile, C:\Users\goneb\STM32CubeIDE\workspace_1.13.2\CPE 316 A6 ADC\MXTmpFiles\system.tmp_save
2023-10-28 19:35:19,450 [INFO] CodeEngine:279 - Generated code: C:\Users\goneb\STM32CubeIDE\workspace_1.13.2\CPE 316 A6 ADC\MXTmpFiles\system.tmp
2023-10-28 19:35:19,463 [INFO] CodeEngine:311 - oldGeneratedFile, C:\Users\goneb\STM32CubeIDE\workspace_1.13.2\CPE 316 A6 ADC\Core\Inc\stm32l4xx_hal_conf.h_save
2023-10-28 19:35:19,527 [INFO] CodeEngine:335 - Generated code: C:\Users\goneb\STM32CubeIDE\workspace_1.13.2\CPE 316 A6 ADC\Core\Inc\stm32l4xx_hal_conf.h
2023-10-28 19:35:19,552 [WARN] IPConfigManager:3431 - IP not found : USB_OTG
2023-10-28 19:35:19,553 [WARN] CodeGenerator:3764 - IP not found : null
2023-10-28 19:35:19,562 [INFO] CodeEngine:255 - oldGeneratedFile, C:\Users\goneb\STM32CubeIDE\workspace_1.13.2\CPE 316 A6 ADC\Core\Inc\main.h_save
2023-10-28 19:35:19,635 [INFO] CodeEngine:279 - Generated code: C:\Users\goneb\STM32CubeIDE\workspace_1.13.2\CPE 316 A6 ADC\Core\Inc\main.h
2023-10-28 19:35:19,644 [INFO] CodeEngine:255 - oldGeneratedFile, C:\Users\goneb\STM32CubeIDE\workspace_1.13.2\CPE 316 A6 ADC\Core\Src\main.c_save
2023-10-28 19:35:19,743 [INFO] CodeEngine:279 - Generated code: C:\Users\goneb\STM32CubeIDE\workspace_1.13.2\CPE 316 A6 ADC\Core\Src\main.c
2023-10-28 19:35:20,174 [INFO] ProjectBuilder:3064 - Time for Copy HAL[1] : 195mS.
2023-10-28 19:35:20,179 [INFO] ProjectBuilder:4404 - Project Generator version: 4.1.0
2023-10-28 19:35:20,333 [INFO] ConfigFileManager:1457 - The Die is : DIE461
2023-10-28 19:35:20,348 [INFO] ApiDbMcu:507 - Load IP Config File for FATFS
2023-10-28 19:35:20,357 [INFO] ApiDbMcu:507 - Load IP Config File for FREERTOS
2023-10-28 19:35:20,372 [INFO] ApiDbMcu:507 - Load IP Config File for TOUCHSENSING
2023-10-28 19:35:20,382 [INFO] ApiDbMcu:507 - Load IP Config File for USB_DEVICE
2023-10-28 19:35:20,400 [INFO] ApiDbMcu:507 - Load IP Config File for USB_HOST
2023-10-28 19:35:20,974 [INFO] LogOutputStream:77 - [STDOUT_REDIRECT] 
2023-10-28 19:35:22,694 [INFO] ProjectBuilder:4626 - Time for Generating toolchain IDE Files: 2514mS.
2023-10-28 19:35:22,694 [INFO] ProjectBuilder:2935 - Time for Copy CMSIS : 0mS.
2023-10-28 19:35:22,696 [INFO] ProjectBuilder:2935 - Time for Copy CMSIS : 0mS.
2023-10-28 19:35:23,187 [INFO] McuFinderGlobals:76 - Set McuFinderConnectedMode to true
2023-10-28 19:35:23,189 [INFO] ApiDb:448 - Save user favorites file C:\Users\goneb/.stm32cubeide/favorites.mcus.txt: 0 item(s)
2023-10-28 19:35:23,189 [INFO] ApiDb:452 - User favorites MCUs=[]
2023-10-28 19:35:23,190 [INFO] ApiDb:448 - Save user favorites file C:\Users\goneb/.stm32cubeide/favorites.boards.txt: 0 item(s)
2023-10-28 19:35:23,190 [INFO] ApiDb:452 - User favorites Boards=[]
